INFO: [SIM 2] *************** CSIM start ***************
INFO: [SIM 4] CSIM will launch GCC as the compiler.
   Compiling ../../../dct_test.cpp in debug mode
   Compiling ../../../dct.cpp in debug mode
   Generating csim.exe
 Simulation start 
 Din Dout 
 mark#1: 1 
       180         0
       179         0
       178         0
       177         0
       177         0
       177         0
       179         0
       179         0
       180         0
       180         0
       180         0
       180         0
       180         0
       180         0
       180         0
       180         0
Test failed  !!!
CRITICAL WARNING: [SIM 100] 'csim_design' failed: nonzero return value.
INFO: [SIM 3] *************** CSIM finish ***************
