INFO: [SIM 2] *************** CSIM start ***************
INFO: [SIM 4] CSIM will launch GCC as the compiler.
   Compiling ../../../dct_test.cpp in debug mode
   Compiling ../../../dct.cpp in debug mode
   Generating csim.exe
 Simulation start 
 Din Dout 
 mark#1: 1 
       180       180
       179       179
       178       178
       177       177
       177       177
       177       177
       179       179
       179       179
       180       180
       180       180
       180       180
       180       180
       180       180
       180       180
       180       180
       180       180
Test failed  !!!
CRITICAL WARNING: [SIM 100] 'csim_design' failed: nonzero return value.
INFO: [SIM 3] *************** CSIM finish ***************
