

================================================================
== Vivado HLS Report for 'write_data'
================================================================
* Date:           Tue Jul 17 22:00:43 2018

* Version:        2017.4 (Build 2086221 on Fri Dec 15 21:13:33 MST 2017)
* Project:        dct_hls
* Solution:       solution2
* Product family: virtexuplus
* Target device:  xcvu9p-flga2104-2-i


================================================================
== Performance Estimates
================================================================
+ Timing (ns): 
    * Summary: 
    +--------+-------+----------+------------+
    |  Clock | Target| Estimated| Uncertainty|
    +--------+-------+----------+------------+
    |ap_clk  |  10.00|      0.59|        1.25|
    +--------+-------+----------+------------+

+ Latency (clock cycles): 
    * Summary: 
    +-----+-----+-----+-----+----------+
    |  Latency  |  Interval | Pipeline |
    | min | max | min | max |   Type   |
    +-----+-----+-----+-----+----------+
    |    7|    7|    8|    8| function |
    +-----+-----+-----+-----+----------+

    + Detail: 
        * Instance: 
        N/A

        * Loop: 
        N/A

============================================================
+ Verbose Summary: Synthesis Manager
============================================================
InlineROM: 1
ExposeGlobal: 0
============================================================
+ Verbose Summary: CDFG Model
============================================================
IsTopModel: 0
ResetActiveHigh: 1
IsCombinational: 0
IsDatapathOnly: 0
HasWiredReturn: 1
HasMFsm: 2
HasVarLatency: 0
IsPipeline: 1
IsRtlPipelined: 0
IsInstanceOverlapped: 0
IsDontTouch: 0
HasImplIP: 0
IsGatedGlobalClock: 0

+ Individual pipeline summary: 
  * Pipeline-0: initiation interval (II) = 8, depth = 8


============================================================
+ Verbose Summary: Schedule
============================================================
* Number of FSM states : 8
* Pipeline : 1
  Pipeline-0 : II = 8, D = 8, States = { 1 2 3 4 5 6 7 8 }
* Dataflow Pipeline: 0

* FSM state transitions: 
1 --> 
	2  / true
2 --> 
	3  / true
3 --> 
	4  / true
4 --> 
	5  / true
5 --> 
	6  / true
6 --> 
	7  / true
7 --> 
	8  / true
8 --> 

* FSM state operations: 

 <State 1> : 0.59ns
ST_1 : Operation 9 [1/1] (0.00ns)   --->   "%buf_0_1_read_1 = call i8 @_ssdm_op_Read.ap_auto.i8(i8 %buf_0_1_read)"
ST_1 : Operation 10 [1/1] (0.00ns)   --->   "%buf_0_0_read_1 = call i8 @_ssdm_op_Read.ap_auto.i8(i8 %buf_0_0_read)"
ST_1 : Operation 11 [1/1] (0.00ns)   --->   "%output_addr = getelementptr [16 x i8]* %output_r, i64 0, i64 0" [dct_hls/dct.cpp:114]
ST_1 : Operation 12 [1/1] (0.59ns)   --->   "store i8 %buf_0_0_read_1, i8* %output_addr, align 1" [dct_hls/dct.cpp:114]   --->   Core 37 'RAM' <Latency = 1> <II = 1> <Delay = 0.59> <Storage> <Opcode : 'load' 'store'> <Ports = 2> <Width = 8> <Depth = 16> <RAM>
ST_1 : Operation 13 [1/1] (0.00ns)   --->   "%output_addr_1 = getelementptr [16 x i8]* %output_r, i64 0, i64 1" [dct_hls/dct.cpp:114]
ST_1 : Operation 14 [1/1] (0.59ns)   --->   "store i8 %buf_0_1_read_1, i8* %output_addr_1, align 1" [dct_hls/dct.cpp:114]   --->   Core 37 'RAM' <Latency = 1> <II = 1> <Delay = 0.59> <Storage> <Opcode : 'load' 'store'> <Ports = 2> <Width = 8> <Depth = 16> <RAM>

 <State 2> : 0.59ns
ST_2 : Operation 15 [1/1] (0.00ns)   --->   "%buf_0_3_read_1 = call i8 @_ssdm_op_Read.ap_auto.i8(i8 %buf_0_3_read)"
ST_2 : Operation 16 [1/1] (0.00ns)   --->   "%buf_0_2_read_1 = call i8 @_ssdm_op_Read.ap_auto.i8(i8 %buf_0_2_read)"
ST_2 : Operation 17 [1/1] (0.00ns)   --->   "%output_addr_2 = getelementptr [16 x i8]* %output_r, i64 0, i64 2" [dct_hls/dct.cpp:114]
ST_2 : Operation 18 [1/1] (0.59ns)   --->   "store i8 %buf_0_2_read_1, i8* %output_addr_2, align 1" [dct_hls/dct.cpp:114]   --->   Core 37 'RAM' <Latency = 1> <II = 1> <Delay = 0.59> <Storage> <Opcode : 'load' 'store'> <Ports = 2> <Width = 8> <Depth = 16> <RAM>
ST_2 : Operation 19 [1/1] (0.00ns)   --->   "%output_addr_3 = getelementptr [16 x i8]* %output_r, i64 0, i64 3" [dct_hls/dct.cpp:114]
ST_2 : Operation 20 [1/1] (0.59ns)   --->   "store i8 %buf_0_3_read_1, i8* %output_addr_3, align 1" [dct_hls/dct.cpp:114]   --->   Core 37 'RAM' <Latency = 1> <II = 1> <Delay = 0.59> <Storage> <Opcode : 'load' 'store'> <Ports = 2> <Width = 8> <Depth = 16> <RAM>

 <State 3> : 0.59ns
ST_3 : Operation 21 [1/1] (0.00ns)   --->   "%buf_1_1_read_1 = call i8 @_ssdm_op_Read.ap_auto.i8(i8 %buf_1_1_read)"
ST_3 : Operation 22 [1/1] (0.00ns)   --->   "%buf_1_0_read_1 = call i8 @_ssdm_op_Read.ap_auto.i8(i8 %buf_1_0_read)"
ST_3 : Operation 23 [1/1] (0.00ns)   --->   "%output_addr_4 = getelementptr [16 x i8]* %output_r, i64 0, i64 4" [dct_hls/dct.cpp:114]
ST_3 : Operation 24 [1/1] (0.59ns)   --->   "store i8 %buf_1_0_read_1, i8* %output_addr_4, align 1" [dct_hls/dct.cpp:114]   --->   Core 37 'RAM' <Latency = 1> <II = 1> <Delay = 0.59> <Storage> <Opcode : 'load' 'store'> <Ports = 2> <Width = 8> <Depth = 16> <RAM>
ST_3 : Operation 25 [1/1] (0.00ns)   --->   "%output_addr_5 = getelementptr [16 x i8]* %output_r, i64 0, i64 5" [dct_hls/dct.cpp:114]
ST_3 : Operation 26 [1/1] (0.59ns)   --->   "store i8 %buf_1_1_read_1, i8* %output_addr_5, align 1" [dct_hls/dct.cpp:114]   --->   Core 37 'RAM' <Latency = 1> <II = 1> <Delay = 0.59> <Storage> <Opcode : 'load' 'store'> <Ports = 2> <Width = 8> <Depth = 16> <RAM>

 <State 4> : 0.59ns
ST_4 : Operation 27 [1/1] (0.00ns)   --->   "%buf_1_3_read_1 = call i8 @_ssdm_op_Read.ap_auto.i8(i8 %buf_1_3_read)"
ST_4 : Operation 28 [1/1] (0.00ns)   --->   "%buf_1_2_read_1 = call i8 @_ssdm_op_Read.ap_auto.i8(i8 %buf_1_2_read)"
ST_4 : Operation 29 [1/1] (0.00ns)   --->   "%output_addr_6 = getelementptr [16 x i8]* %output_r, i64 0, i64 6" [dct_hls/dct.cpp:114]
ST_4 : Operation 30 [1/1] (0.59ns)   --->   "store i8 %buf_1_2_read_1, i8* %output_addr_6, align 1" [dct_hls/dct.cpp:114]   --->   Core 37 'RAM' <Latency = 1> <II = 1> <Delay = 0.59> <Storage> <Opcode : 'load' 'store'> <Ports = 2> <Width = 8> <Depth = 16> <RAM>
ST_4 : Operation 31 [1/1] (0.00ns)   --->   "%output_addr_7 = getelementptr [16 x i8]* %output_r, i64 0, i64 7" [dct_hls/dct.cpp:114]
ST_4 : Operation 32 [1/1] (0.59ns)   --->   "store i8 %buf_1_3_read_1, i8* %output_addr_7, align 1" [dct_hls/dct.cpp:114]   --->   Core 37 'RAM' <Latency = 1> <II = 1> <Delay = 0.59> <Storage> <Opcode : 'load' 'store'> <Ports = 2> <Width = 8> <Depth = 16> <RAM>

 <State 5> : 0.59ns
ST_5 : Operation 33 [1/1] (0.00ns)   --->   "%buf_2_1_read_1 = call i8 @_ssdm_op_Read.ap_auto.i8(i8 %buf_2_1_read)"
ST_5 : Operation 34 [1/1] (0.00ns)   --->   "%buf_2_0_read_1 = call i8 @_ssdm_op_Read.ap_auto.i8(i8 %buf_2_0_read)"
ST_5 : Operation 35 [1/1] (0.00ns)   --->   "%output_addr_8 = getelementptr [16 x i8]* %output_r, i64 0, i64 8" [dct_hls/dct.cpp:114]
ST_5 : Operation 36 [1/1] (0.59ns)   --->   "store i8 %buf_2_0_read_1, i8* %output_addr_8, align 1" [dct_hls/dct.cpp:114]   --->   Core 37 'RAM' <Latency = 1> <II = 1> <Delay = 0.59> <Storage> <Opcode : 'load' 'store'> <Ports = 2> <Width = 8> <Depth = 16> <RAM>
ST_5 : Operation 37 [1/1] (0.00ns)   --->   "%output_addr_9 = getelementptr [16 x i8]* %output_r, i64 0, i64 9" [dct_hls/dct.cpp:114]
ST_5 : Operation 38 [1/1] (0.59ns)   --->   "store i8 %buf_2_1_read_1, i8* %output_addr_9, align 1" [dct_hls/dct.cpp:114]   --->   Core 37 'RAM' <Latency = 1> <II = 1> <Delay = 0.59> <Storage> <Opcode : 'load' 'store'> <Ports = 2> <Width = 8> <Depth = 16> <RAM>

 <State 6> : 0.59ns
ST_6 : Operation 39 [1/1] (0.00ns)   --->   "%buf_2_3_read_1 = call i8 @_ssdm_op_Read.ap_auto.i8(i8 %buf_2_3_read)"
ST_6 : Operation 40 [1/1] (0.00ns)   --->   "%buf_2_2_read_1 = call i8 @_ssdm_op_Read.ap_auto.i8(i8 %buf_2_2_read)"
ST_6 : Operation 41 [1/1] (0.00ns)   --->   "%output_addr_10 = getelementptr [16 x i8]* %output_r, i64 0, i64 10" [dct_hls/dct.cpp:114]
ST_6 : Operation 42 [1/1] (0.59ns)   --->   "store i8 %buf_2_2_read_1, i8* %output_addr_10, align 1" [dct_hls/dct.cpp:114]   --->   Core 37 'RAM' <Latency = 1> <II = 1> <Delay = 0.59> <Storage> <Opcode : 'load' 'store'> <Ports = 2> <Width = 8> <Depth = 16> <RAM>
ST_6 : Operation 43 [1/1] (0.00ns)   --->   "%output_addr_11 = getelementptr [16 x i8]* %output_r, i64 0, i64 11" [dct_hls/dct.cpp:114]
ST_6 : Operation 44 [1/1] (0.59ns)   --->   "store i8 %buf_2_3_read_1, i8* %output_addr_11, align 1" [dct_hls/dct.cpp:114]   --->   Core 37 'RAM' <Latency = 1> <II = 1> <Delay = 0.59> <Storage> <Opcode : 'load' 'store'> <Ports = 2> <Width = 8> <Depth = 16> <RAM>

 <State 7> : 0.59ns
ST_7 : Operation 45 [1/1] (0.00ns)   --->   "%buf_3_1_read_1 = call i8 @_ssdm_op_Read.ap_auto.i8(i8 %buf_3_1_read)"
ST_7 : Operation 46 [1/1] (0.00ns)   --->   "%buf_3_0_read_1 = call i8 @_ssdm_op_Read.ap_auto.i8(i8 %buf_3_0_read)"
ST_7 : Operation 47 [1/1] (0.00ns)   --->   "%output_addr_12 = getelementptr [16 x i8]* %output_r, i64 0, i64 12" [dct_hls/dct.cpp:114]
ST_7 : Operation 48 [1/1] (0.59ns)   --->   "store i8 %buf_3_0_read_1, i8* %output_addr_12, align 1" [dct_hls/dct.cpp:114]   --->   Core 37 'RAM' <Latency = 1> <II = 1> <Delay = 0.59> <Storage> <Opcode : 'load' 'store'> <Ports = 2> <Width = 8> <Depth = 16> <RAM>
ST_7 : Operation 49 [1/1] (0.00ns)   --->   "%output_addr_13 = getelementptr [16 x i8]* %output_r, i64 0, i64 13" [dct_hls/dct.cpp:114]
ST_7 : Operation 50 [1/1] (0.59ns)   --->   "store i8 %buf_3_1_read_1, i8* %output_addr_13, align 1" [dct_hls/dct.cpp:114]   --->   Core 37 'RAM' <Latency = 1> <II = 1> <Delay = 0.59> <Storage> <Opcode : 'load' 'store'> <Ports = 2> <Width = 8> <Depth = 16> <RAM>

 <State 8> : 0.59ns
ST_8 : Operation 51 [1/1] (0.00ns)   --->   "%buf_3_3_read_1 = call i8 @_ssdm_op_Read.ap_auto.i8(i8 %buf_3_3_read)"
ST_8 : Operation 52 [1/1] (0.00ns)   --->   "%buf_3_2_read_1 = call i8 @_ssdm_op_Read.ap_auto.i8(i8 %buf_3_2_read)"
ST_8 : Operation 53 [1/1] (0.00ns)   --->   "call void (...)* @_ssdm_op_SpecPipeline(i32 2, i32 1, i32 1, i32 0, [1 x i8]* @p_str) nounwind" [dct_hls/dct.cpp:108]
ST_8 : Operation 54 [1/1] (0.00ns)   --->   "%output_addr_14 = getelementptr [16 x i8]* %output_r, i64 0, i64 14" [dct_hls/dct.cpp:114]
ST_8 : Operation 55 [1/1] (0.59ns)   --->   "store i8 %buf_3_2_read_1, i8* %output_addr_14, align 1" [dct_hls/dct.cpp:114]   --->   Core 37 'RAM' <Latency = 1> <II = 1> <Delay = 0.59> <Storage> <Opcode : 'load' 'store'> <Ports = 2> <Width = 8> <Depth = 16> <RAM>
ST_8 : Operation 56 [1/1] (0.00ns)   --->   "%output_addr_15 = getelementptr [16 x i8]* %output_r, i64 0, i64 15" [dct_hls/dct.cpp:114]
ST_8 : Operation 57 [1/1] (0.59ns)   --->   "store i8 %buf_3_3_read_1, i8* %output_addr_15, align 1" [dct_hls/dct.cpp:114]   --->   Core 37 'RAM' <Latency = 1> <II = 1> <Delay = 0.59> <Storage> <Opcode : 'load' 'store'> <Ports = 2> <Width = 8> <Depth = 16> <RAM>
ST_8 : Operation 58 [1/1] (0.00ns)   --->   "ret void" [dct_hls/dct.cpp:116]


============================================================
+ Verbose Summary: Binding
============================================================
STG Binding: 
---------------- STG Properties BEGIN ----------------
- Is combinational: 0
- Is one-state seq: 0
- Is datapath-only: 0
- Is pipelined: 1
- Is top level: 0
Port [ Return ] is wired: 1; IO mode=ap_ctrl_hs:ce=0
Port [ buf_0_0_read]:  wired=1; compound=0; hidden=0; nouse=0; global=0; static=0; extern=0; dir=0; type=0; pingpong=0; private_global=0; IO mode=ap_none:ce=0
Port [ buf_0_1_read]:  wired=1; compound=0; hidden=0; nouse=0; global=0; static=0; extern=0; dir=0; type=0; pingpong=0; private_global=0; IO mode=ap_none:ce=0
Port [ buf_0_2_read]:  wired=1; compound=0; hidden=0; nouse=0; global=0; static=0; extern=0; dir=0; type=0; pingpong=0; private_global=0; IO mode=ap_none:ce=0
Port [ buf_0_3_read]:  wired=1; compound=0; hidden=0; nouse=0; global=0; static=0; extern=0; dir=0; type=0; pingpong=0; private_global=0; IO mode=ap_none:ce=0
Port [ buf_1_0_read]:  wired=1; compound=0; hidden=0; nouse=0; global=0; static=0; extern=0; dir=0; type=0; pingpong=0; private_global=0; IO mode=ap_none:ce=0
Port [ buf_1_1_read]:  wired=1; compound=0; hidden=0; nouse=0; global=0; static=0; extern=0; dir=0; type=0; pingpong=0; private_global=0; IO mode=ap_none:ce=0
Port [ buf_1_2_read]:  wired=1; compound=0; hidden=0; nouse=0; global=0; static=0; extern=0; dir=0; type=0; pingpong=0; private_global=0; IO mode=ap_none:ce=0
Port [ buf_1_3_read]:  wired=1; compound=0; hidden=0; nouse=0; global=0; static=0; extern=0; dir=0; type=0; pingpong=0; private_global=0; IO mode=ap_none:ce=0
Port [ buf_2_0_read]:  wired=1; compound=0; hidden=0; nouse=0; global=0; static=0; extern=0; dir=0; type=0; pingpong=0; private_global=0; IO mode=ap_none:ce=0
Port [ buf_2_1_read]:  wired=1; compound=0; hidden=0; nouse=0; global=0; static=0; extern=0; dir=0; type=0; pingpong=0; private_global=0; IO mode=ap_none:ce=0
Port [ buf_2_2_read]:  wired=1; compound=0; hidden=0; nouse=0; global=0; static=0; extern=0; dir=0; type=0; pingpong=0; private_global=0; IO mode=ap_none:ce=0
Port [ buf_2_3_read]:  wired=1; compound=0; hidden=0; nouse=0; global=0; static=0; extern=0; dir=0; type=0; pingpong=0; private_global=0; IO mode=ap_none:ce=0
Port [ buf_3_0_read]:  wired=1; compound=0; hidden=0; nouse=0; global=0; static=0; extern=0; dir=0; type=0; pingpong=0; private_global=0; IO mode=ap_none:ce=0
Port [ buf_3_1_read]:  wired=1; compound=0; hidden=0; nouse=0; global=0; static=0; extern=0; dir=0; type=0; pingpong=0; private_global=0; IO mode=ap_none:ce=0
Port [ buf_3_2_read]:  wired=1; compound=0; hidden=0; nouse=0; global=0; static=0; extern=0; dir=0; type=0; pingpong=0; private_global=0; IO mode=ap_none:ce=0
Port [ buf_3_3_read]:  wired=1; compound=0; hidden=0; nouse=0; global=0; static=0; extern=0; dir=0; type=0; pingpong=0; private_global=0; IO mode=ap_none:ce=0
Port [ output_r]:  wired=1; compound=1; hidden=0; nouse=0; global=0; static=0; extern=0; dir=1; type=1; pingpong=0; private_global=0; MemPort=[00]; IO mode=ap_memory:ce=0
---------------- STG Properties END ------------------

---------------- Datapath Model BEGIN ----------------

<LifeTime>
<method=bitvector/>
buf_0_1_read_1 (read         ) [ 000000000]
buf_0_0_read_1 (read         ) [ 000000000]
output_addr    (getelementptr) [ 000000000]
StgValue_12    (store        ) [ 000000000]
output_addr_1  (getelementptr) [ 000000000]
StgValue_14    (store        ) [ 000000000]
buf_0_3_read_1 (read         ) [ 000000000]
buf_0_2_read_1 (read         ) [ 000000000]
output_addr_2  (getelementptr) [ 000000000]
StgValue_18    (store        ) [ 000000000]
output_addr_3  (getelementptr) [ 000000000]
StgValue_20    (store        ) [ 000000000]
buf_1_1_read_1 (read         ) [ 000000000]
buf_1_0_read_1 (read         ) [ 000000000]
output_addr_4  (getelementptr) [ 000000000]
StgValue_24    (store        ) [ 000000000]
output_addr_5  (getelementptr) [ 000000000]
StgValue_26    (store        ) [ 000000000]
buf_1_3_read_1 (read         ) [ 000000000]
buf_1_2_read_1 (read         ) [ 000000000]
output_addr_6  (getelementptr) [ 000000000]
StgValue_30    (store        ) [ 000000000]
output_addr_7  (getelementptr) [ 000000000]
StgValue_32    (store        ) [ 000000000]
buf_2_1_read_1 (read         ) [ 000000000]
buf_2_0_read_1 (read         ) [ 000000000]
output_addr_8  (getelementptr) [ 000000000]
StgValue_36    (store        ) [ 000000000]
output_addr_9  (getelementptr) [ 000000000]
StgValue_38    (store        ) [ 000000000]
buf_2_3_read_1 (read         ) [ 000000000]
buf_2_2_read_1 (read         ) [ 000000000]
output_addr_10 (getelementptr) [ 000000000]
StgValue_42    (store        ) [ 000000000]
output_addr_11 (getelementptr) [ 000000000]
StgValue_44    (store        ) [ 000000000]
buf_3_1_read_1 (read         ) [ 000000000]
buf_3_0_read_1 (read         ) [ 000000000]
output_addr_12 (getelementptr) [ 000000000]
StgValue_48    (store        ) [ 000000000]
output_addr_13 (getelementptr) [ 000000000]
StgValue_50    (store        ) [ 000000000]
buf_3_3_read_1 (read         ) [ 000000000]
buf_3_2_read_1 (read         ) [ 000000000]
StgValue_53    (specpipeline ) [ 000000000]
output_addr_14 (getelementptr) [ 000000000]
StgValue_55    (store        ) [ 000000000]
output_addr_15 (getelementptr) [ 000000000]
StgValue_57    (store        ) [ 000000000]
StgValue_58    (ret          ) [ 000000000]
</LifeTime>

<model>

<comp_list>
<comp id="0" class="1000" name="buf_0_0_read">
<pin_list>
<pin id="1" dir="1" index="0" bw="1" slack="0"/>
</pin_list>
<bind>
<StgValue><ssdm name="buf_0_0_read"/></StgValue>
</bind>
</comp>

<comp id="2" class="1000" name="buf_0_1_read">
<pin_list>
<pin id="3" dir="1" index="0" bw="1" slack="0"/>
</pin_list>
<bind>
<StgValue><ssdm name="buf_0_1_read"/></StgValue>
</bind>
</comp>

<comp id="4" class="1000" name="buf_0_2_read">
<pin_list>
<pin id="5" dir="1" index="0" bw="1" slack="0"/>
</pin_list>
<bind>
<StgValue><ssdm name="buf_0_2_read"/></StgValue>
</bind>
</comp>

<comp id="6" class="1000" name="buf_0_3_read">
<pin_list>
<pin id="7" dir="1" index="0" bw="1" slack="0"/>
</pin_list>
<bind>
<StgValue><ssdm name="buf_0_3_read"/></StgValue>
</bind>
</comp>

<comp id="8" class="1000" name="buf_1_0_read">
<pin_list>
<pin id="9" dir="1" index="0" bw="1" slack="0"/>
</pin_list>
<bind>
<StgValue><ssdm name="buf_1_0_read"/></StgValue>
</bind>
</comp>

<comp id="10" class="1000" name="buf_1_1_read">
<pin_list>
<pin id="11" dir="1" index="0" bw="1" slack="0"/>
</pin_list>
<bind>
<StgValue><ssdm name="buf_1_1_read"/></StgValue>
</bind>
</comp>

<comp id="12" class="1000" name="buf_1_2_read">
<pin_list>
<pin id="13" dir="1" index="0" bw="1" slack="0"/>
</pin_list>
<bind>
<StgValue><ssdm name="buf_1_2_read"/></StgValue>
</bind>
</comp>

<comp id="14" class="1000" name="buf_1_3_read">
<pin_list>
<pin id="15" dir="1" index="0" bw="1" slack="0"/>
</pin_list>
<bind>
<StgValue><ssdm name="buf_1_3_read"/></StgValue>
</bind>
</comp>

<comp id="16" class="1000" name="buf_2_0_read">
<pin_list>
<pin id="17" dir="1" index="0" bw="1" slack="0"/>
</pin_list>
<bind>
<StgValue><ssdm name="buf_2_0_read"/></StgValue>
</bind>
</comp>

<comp id="18" class="1000" name="buf_2_1_read">
<pin_list>
<pin id="19" dir="1" index="0" bw="1" slack="0"/>
</pin_list>
<bind>
<StgValue><ssdm name="buf_2_1_read"/></StgValue>
</bind>
</comp>

<comp id="20" class="1000" name="buf_2_2_read">
<pin_list>
<pin id="21" dir="1" index="0" bw="1" slack="0"/>
</pin_list>
<bind>
<StgValue><ssdm name="buf_2_2_read"/></StgValue>
</bind>
</comp>

<comp id="22" class="1000" name="buf_2_3_read">
<pin_list>
<pin id="23" dir="1" index="0" bw="1" slack="0"/>
</pin_list>
<bind>
<StgValue><ssdm name="buf_2_3_read"/></StgValue>
</bind>
</comp>

<comp id="24" class="1000" name="buf_3_0_read">
<pin_list>
<pin id="25" dir="1" index="0" bw="1" slack="0"/>
</pin_list>
<bind>
<StgValue><ssdm name="buf_3_0_read"/></StgValue>
</bind>
</comp>

<comp id="26" class="1000" name="buf_3_1_read">
<pin_list>
<pin id="27" dir="1" index="0" bw="1" slack="0"/>
</pin_list>
<bind>
<StgValue><ssdm name="buf_3_1_read"/></StgValue>
</bind>
</comp>

<comp id="28" class="1000" name="buf_3_2_read">
<pin_list>
<pin id="29" dir="1" index="0" bw="1" slack="0"/>
</pin_list>
<bind>
<StgValue><ssdm name="buf_3_2_read"/></StgValue>
</bind>
</comp>

<comp id="30" class="1000" name="buf_3_3_read">
<pin_list>
<pin id="31" dir="1" index="0" bw="1" slack="0"/>
</pin_list>
<bind>
<StgValue><ssdm name="buf_3_3_read"/></StgValue>
</bind>
</comp>

<comp id="32" class="1000" name="output_r">
<pin_list>
<pin id="33" dir="1" index="0" bw="1" slack="0"/>
</pin_list>
<bind>
<StgValue><ssdm name="output_r"/><MemPortTyVec>0 0 </MemPortTyVec>
</StgValue>
</bind>
</comp>

<comp id="34" class="1001" name="const_34">
<pin_list>
<pin id="35" dir="1" index="0" bw="1" slack="0"/>
</pin_list>
<bind>
<StgValue><ssdm name="_ssdm_op_Read.ap_auto.i8"/></StgValue>
</bind>
</comp>

<comp id="36" class="1001" name="const_36">
<pin_list>
<pin id="37" dir="1" index="0" bw="1" slack="0"/>
</pin_list>
<bind>
<StgValue><ssdm name=""/></StgValue>
</bind>
</comp>

<comp id="38" class="1001" name="const_38">
<pin_list>
<pin id="39" dir="1" index="0" bw="1" slack="0"/>
</pin_list>
<bind>
<StgValue><ssdm name=""/></StgValue>
</bind>
</comp>

<comp id="40" class="1001" name="const_40">
<pin_list>
<pin id="41" dir="1" index="0" bw="1" slack="0"/>
</pin_list>
<bind>
<StgValue><ssdm name=""/></StgValue>
</bind>
</comp>

<comp id="42" class="1001" name="const_42">
<pin_list>
<pin id="43" dir="1" index="0" bw="1" slack="0"/>
</pin_list>
<bind>
<StgValue><ssdm name=""/></StgValue>
</bind>
</comp>

<comp id="44" class="1001" name="const_44">
<pin_list>
<pin id="45" dir="1" index="0" bw="1" slack="0"/>
</pin_list>
<bind>
<StgValue><ssdm name=""/></StgValue>
</bind>
</comp>

<comp id="46" class="1001" name="const_46">
<pin_list>
<pin id="47" dir="1" index="0" bw="1" slack="0"/>
</pin_list>
<bind>
<StgValue><ssdm name=""/></StgValue>
</bind>
</comp>

<comp id="48" class="1001" name="const_48">
<pin_list>
<pin id="49" dir="1" index="0" bw="1" slack="0"/>
</pin_list>
<bind>
<StgValue><ssdm name=""/></StgValue>
</bind>
</comp>

<comp id="50" class="1001" name="const_50">
<pin_list>
<pin id="51" dir="1" index="0" bw="1" slack="0"/>
</pin_list>
<bind>
<StgValue><ssdm name=""/></StgValue>
</bind>
</comp>

<comp id="52" class="1001" name="const_52">
<pin_list>
<pin id="53" dir="1" index="0" bw="1" slack="0"/>
</pin_list>
<bind>
<StgValue><ssdm name=""/></StgValue>
</bind>
</comp>

<comp id="54" class="1001" name="const_54">
<pin_list>
<pin id="55" dir="1" index="0" bw="1" slack="0"/>
</pin_list>
<bind>
<StgValue><ssdm name=""/></StgValue>
</bind>
</comp>

<comp id="56" class="1001" name="const_56">
<pin_list>
<pin id="57" dir="1" index="0" bw="1" slack="0"/>
</pin_list>
<bind>
<StgValue><ssdm name=""/></StgValue>
</bind>
</comp>

<comp id="58" class="1001" name="const_58">
<pin_list>
<pin id="59" dir="1" index="0" bw="1" slack="0"/>
</pin_list>
<bind>
<StgValue><ssdm name=""/></StgValue>
</bind>
</comp>

<comp id="60" class="1001" name="const_60">
<pin_list>
<pin id="61" dir="1" index="0" bw="1" slack="0"/>
</pin_list>
<bind>
<StgValue><ssdm name=""/></StgValue>
</bind>
</comp>

<comp id="62" class="1001" name="const_62">
<pin_list>
<pin id="63" dir="1" index="0" bw="1" slack="0"/>
</pin_list>
<bind>
<StgValue><ssdm name=""/></StgValue>
</bind>
</comp>

<comp id="64" class="1001" name="const_64">
<pin_list>
<pin id="65" dir="1" index="0" bw="1" slack="2147483647"/>
</pin_list>
<bind>
<StgValue><ssdm name="_ssdm_op_SpecPipeline"/></StgValue>
</bind>
</comp>

<comp id="66" class="1001" name="const_66">
<pin_list>
<pin id="67" dir="1" index="0" bw="1" slack="2147483647"/>
</pin_list>
<bind>
<StgValue><ssdm name=""/></StgValue>
</bind>
</comp>

<comp id="68" class="1001" name="const_68">
<pin_list>
<pin id="69" dir="1" index="0" bw="1" slack="2147483647"/>
</pin_list>
<bind>
<StgValue><ssdm name=""/></StgValue>
</bind>
</comp>

<comp id="70" class="1001" name="const_70">
<pin_list>
<pin id="71" dir="1" index="0" bw="1" slack="2147483647"/>
</pin_list>
<bind>
<StgValue><ssdm name=""/></StgValue>
</bind>
</comp>

<comp id="72" class="1001" name="const_72">
<pin_list>
<pin id="73" dir="1" index="0" bw="1" slack="2147483647"/>
</pin_list>
<bind>
<StgValue><ssdm name="p_str"/></StgValue>
</bind>
</comp>

<comp id="74" class="1001" name="const_74">
<pin_list>
<pin id="75" dir="1" index="0" bw="1" slack="0"/>
</pin_list>
<bind>
<StgValue><ssdm name=""/></StgValue>
</bind>
</comp>

<comp id="76" class="1001" name="const_76">
<pin_list>
<pin id="77" dir="1" index="0" bw="1" slack="0"/>
</pin_list>
<bind>
<StgValue><ssdm name=""/></StgValue>
</bind>
</comp>

<comp id="78" class="1004" name="buf_0_1_read_1_read_fu_78">
<pin_list>
<pin id="79" dir="0" index="0" bw="8" slack="0"/>
<pin id="80" dir="0" index="1" bw="8" slack="0"/>
<pin id="81" dir="1" index="2" bw="8" slack="0"/>
</pin_list>
<bind>
<opcode="read(1150) " fcode="read"/>
<opset="buf_0_1_read_1/1 "/>
</bind>
</comp>

<comp id="84" class="1004" name="buf_0_0_read_1_read_fu_84">
<pin_list>
<pin id="85" dir="0" index="0" bw="8" slack="0"/>
<pin id="86" dir="0" index="1" bw="8" slack="0"/>
<pin id="87" dir="1" index="2" bw="8" slack="0"/>
</pin_list>
<bind>
<opcode="read(1150) " fcode="read"/>
<opset="buf_0_0_read_1/1 "/>
</bind>
</comp>

<comp id="90" class="1004" name="buf_0_3_read_1_read_fu_90">
<pin_list>
<pin id="91" dir="0" index="0" bw="8" slack="0"/>
<pin id="92" dir="0" index="1" bw="8" slack="0"/>
<pin id="93" dir="1" index="2" bw="8" slack="0"/>
</pin_list>
<bind>
<opcode="read(1150) " fcode="read"/>
<opset="buf_0_3_read_1/2 "/>
</bind>
</comp>

<comp id="96" class="1004" name="buf_0_2_read_1_read_fu_96">
<pin_list>
<pin id="97" dir="0" index="0" bw="8" slack="0"/>
<pin id="98" dir="0" index="1" bw="8" slack="0"/>
<pin id="99" dir="1" index="2" bw="8" slack="0"/>
</pin_list>
<bind>
<opcode="read(1150) " fcode="read"/>
<opset="buf_0_2_read_1/2 "/>
</bind>
</comp>

<comp id="102" class="1004" name="buf_1_1_read_1_read_fu_102">
<pin_list>
<pin id="103" dir="0" index="0" bw="8" slack="0"/>
<pin id="104" dir="0" index="1" bw="8" slack="0"/>
<pin id="105" dir="1" index="2" bw="8" slack="0"/>
</pin_list>
<bind>
<opcode="read(1150) " fcode="read"/>
<opset="buf_1_1_read_1/3 "/>
</bind>
</comp>

<comp id="108" class="1004" name="buf_1_0_read_1_read_fu_108">
<pin_list>
<pin id="109" dir="0" index="0" bw="8" slack="0"/>
<pin id="110" dir="0" index="1" bw="8" slack="0"/>
<pin id="111" dir="1" index="2" bw="8" slack="0"/>
</pin_list>
<bind>
<opcode="read(1150) " fcode="read"/>
<opset="buf_1_0_read_1/3 "/>
</bind>
</comp>

<comp id="114" class="1004" name="buf_1_3_read_1_read_fu_114">
<pin_list>
<pin id="115" dir="0" index="0" bw="8" slack="0"/>
<pin id="116" dir="0" index="1" bw="8" slack="0"/>
<pin id="117" dir="1" index="2" bw="8" slack="0"/>
</pin_list>
<bind>
<opcode="read(1150) " fcode="read"/>
<opset="buf_1_3_read_1/4 "/>
</bind>
</comp>

<comp id="120" class="1004" name="buf_1_2_read_1_read_fu_120">
<pin_list>
<pin id="121" dir="0" index="0" bw="8" slack="0"/>
<pin id="122" dir="0" index="1" bw="8" slack="0"/>
<pin id="123" dir="1" index="2" bw="8" slack="0"/>
</pin_list>
<bind>
<opcode="read(1150) " fcode="read"/>
<opset="buf_1_2_read_1/4 "/>
</bind>
</comp>

<comp id="126" class="1004" name="buf_2_1_read_1_read_fu_126">
<pin_list>
<pin id="127" dir="0" index="0" bw="8" slack="0"/>
<pin id="128" dir="0" index="1" bw="8" slack="0"/>
<pin id="129" dir="1" index="2" bw="8" slack="0"/>
</pin_list>
<bind>
<opcode="read(1150) " fcode="read"/>
<opset="buf_2_1_read_1/5 "/>
</bind>
</comp>

<comp id="132" class="1004" name="buf_2_0_read_1_read_fu_132">
<pin_list>
<pin id="133" dir="0" index="0" bw="8" slack="0"/>
<pin id="134" dir="0" index="1" bw="8" slack="0"/>
<pin id="135" dir="1" index="2" bw="8" slack="0"/>
</pin_list>
<bind>
<opcode="read(1150) " fcode="read"/>
<opset="buf_2_0_read_1/5 "/>
</bind>
</comp>

<comp id="138" class="1004" name="buf_2_3_read_1_read_fu_138">
<pin_list>
<pin id="139" dir="0" index="0" bw="8" slack="0"/>
<pin id="140" dir="0" index="1" bw="8" slack="0"/>
<pin id="141" dir="1" index="2" bw="8" slack="0"/>
</pin_list>
<bind>
<opcode="read(1150) " fcode="read"/>
<opset="buf_2_3_read_1/6 "/>
</bind>
</comp>

<comp id="144" class="1004" name="buf_2_2_read_1_read_fu_144">
<pin_list>
<pin id="145" dir="0" index="0" bw="8" slack="0"/>
<pin id="146" dir="0" index="1" bw="8" slack="0"/>
<pin id="147" dir="1" index="2" bw="8" slack="0"/>
</pin_list>
<bind>
<opcode="read(1150) " fcode="read"/>
<opset="buf_2_2_read_1/6 "/>
</bind>
</comp>

<comp id="150" class="1004" name="buf_3_1_read_1_read_fu_150">
<pin_list>
<pin id="151" dir="0" index="0" bw="8" slack="0"/>
<pin id="152" dir="0" index="1" bw="8" slack="0"/>
<pin id="153" dir="1" index="2" bw="8" slack="0"/>
</pin_list>
<bind>
<opcode="read(1150) " fcode="read"/>
<opset="buf_3_1_read_1/7 "/>
</bind>
</comp>

<comp id="156" class="1004" name="buf_3_0_read_1_read_fu_156">
<pin_list>
<pin id="157" dir="0" index="0" bw="8" slack="0"/>
<pin id="158" dir="0" index="1" bw="8" slack="0"/>
<pin id="159" dir="1" index="2" bw="8" slack="0"/>
</pin_list>
<bind>
<opcode="read(1150) " fcode="read"/>
<opset="buf_3_0_read_1/7 "/>
</bind>
</comp>

<comp id="162" class="1004" name="buf_3_3_read_1_read_fu_162">
<pin_list>
<pin id="163" dir="0" index="0" bw="8" slack="0"/>
<pin id="164" dir="0" index="1" bw="8" slack="0"/>
<pin id="165" dir="1" index="2" bw="8" slack="0"/>
</pin_list>
<bind>
<opcode="read(1150) " fcode="read"/>
<opset="buf_3_3_read_1/8 "/>
</bind>
</comp>

<comp id="168" class="1004" name="buf_3_2_read_1_read_fu_168">
<pin_list>
<pin id="169" dir="0" index="0" bw="8" slack="0"/>
<pin id="170" dir="0" index="1" bw="8" slack="0"/>
<pin id="171" dir="1" index="2" bw="8" slack="0"/>
</pin_list>
<bind>
<opcode="read(1150) " fcode="read"/>
<opset="buf_3_2_read_1/8 "/>
</bind>
</comp>

<comp id="174" class="1004" name="output_addr_gep_fu_174">
<pin_list>
<pin id="175" dir="0" index="0" bw="8" slack="0"/>
<pin id="176" dir="0" index="1" bw="1" slack="0"/>
<pin id="177" dir="0" index="2" bw="1" slack="0"/>
<pin id="178" dir="1" index="3" bw="4" slack="0"/>
</pin_list>
<bind>
<opcode="getelementptr(29) " fcode="getelementptr"/>
<opset="output_addr/1 "/>
</bind>
</comp>

<comp id="182" class="1004" name="grp_access_fu_182">
<pin_list>
<pin id="183" dir="0" index="0" bw="4" slack="0"/>
<pin id="184" dir="0" index="1" bw="8" slack="0"/>
<pin id="196" dir="0" index="3" bw="4" slack="0"/>
<pin id="197" dir="0" index="4" bw="8" slack="0"/>
<pin id="185" dir="1" index="2" bw="8" slack="2147483647"/>
<pin id="198" dir="1" index="5" bw="8" slack="2147483647"/>
</pin_list>
<bind>
<opcode="store(28) " fcode="store"/>
<opset="StgValue_12/1 StgValue_14/1 StgValue_18/2 StgValue_20/2 StgValue_24/3 StgValue_26/3 StgValue_30/4 StgValue_32/4 StgValue_36/5 StgValue_38/5 StgValue_42/6 StgValue_44/6 StgValue_48/7 StgValue_50/7 StgValue_55/8 StgValue_57/8 "/>
</bind>
</comp>

<comp id="188" class="1004" name="output_addr_1_gep_fu_188">
<pin_list>
<pin id="189" dir="0" index="0" bw="8" slack="0"/>
<pin id="190" dir="0" index="1" bw="1" slack="0"/>
<pin id="191" dir="0" index="2" bw="2" slack="0"/>
<pin id="192" dir="1" index="3" bw="4" slack="0"/>
</pin_list>
<bind>
<opcode="getelementptr(29) " fcode="getelementptr"/>
<opset="output_addr_1/1 "/>
</bind>
</comp>

<comp id="201" class="1004" name="output_addr_2_gep_fu_201">
<pin_list>
<pin id="202" dir="0" index="0" bw="8" slack="0"/>
<pin id="203" dir="0" index="1" bw="1" slack="0"/>
<pin id="204" dir="0" index="2" bw="3" slack="0"/>
<pin id="205" dir="1" index="3" bw="4" slack="0"/>
</pin_list>
<bind>
<opcode="getelementptr(29) " fcode="getelementptr"/>
<opset="output_addr_2/2 "/>
</bind>
</comp>

<comp id="211" class="1004" name="output_addr_3_gep_fu_211">
<pin_list>
<pin id="212" dir="0" index="0" bw="8" slack="0"/>
<pin id="213" dir="0" index="1" bw="1" slack="0"/>
<pin id="214" dir="0" index="2" bw="3" slack="0"/>
<pin id="215" dir="1" index="3" bw="4" slack="0"/>
</pin_list>
<bind>
<opcode="getelementptr(29) " fcode="getelementptr"/>
<opset="output_addr_3/2 "/>
</bind>
</comp>

<comp id="221" class="1004" name="output_addr_4_gep_fu_221">
<pin_list>
<pin id="222" dir="0" index="0" bw="8" slack="0"/>
<pin id="223" dir="0" index="1" bw="1" slack="0"/>
<pin id="224" dir="0" index="2" bw="4" slack="0"/>
<pin id="225" dir="1" index="3" bw="4" slack="0"/>
</pin_list>
<bind>
<opcode="getelementptr(29) " fcode="getelementptr"/>
<opset="output_addr_4/3 "/>
</bind>
</comp>

<comp id="231" class="1004" name="output_addr_5_gep_fu_231">
<pin_list>
<pin id="232" dir="0" index="0" bw="8" slack="0"/>
<pin id="233" dir="0" index="1" bw="1" slack="0"/>
<pin id="234" dir="0" index="2" bw="4" slack="0"/>
<pin id="235" dir="1" index="3" bw="4" slack="0"/>
</pin_list>
<bind>
<opcode="getelementptr(29) " fcode="getelementptr"/>
<opset="output_addr_5/3 "/>
</bind>
</comp>

<comp id="241" class="1004" name="output_addr_6_gep_fu_241">
<pin_list>
<pin id="242" dir="0" index="0" bw="8" slack="0"/>
<pin id="243" dir="0" index="1" bw="1" slack="0"/>
<pin id="244" dir="0" index="2" bw="4" slack="0"/>
<pin id="245" dir="1" index="3" bw="4" slack="0"/>
</pin_list>
<bind>
<opcode="getelementptr(29) " fcode="getelementptr"/>
<opset="output_addr_6/4 "/>
</bind>
</comp>

<comp id="251" class="1004" name="output_addr_7_gep_fu_251">
<pin_list>
<pin id="252" dir="0" index="0" bw="8" slack="0"/>
<pin id="253" dir="0" index="1" bw="1" slack="0"/>
<pin id="254" dir="0" index="2" bw="4" slack="0"/>
<pin id="255" dir="1" index="3" bw="4" slack="0"/>
</pin_list>
<bind>
<opcode="getelementptr(29) " fcode="getelementptr"/>
<opset="output_addr_7/4 "/>
</bind>
</comp>

<comp id="261" class="1004" name="output_addr_8_gep_fu_261">
<pin_list>
<pin id="262" dir="0" index="0" bw="8" slack="0"/>
<pin id="263" dir="0" index="1" bw="1" slack="0"/>
<pin id="264" dir="0" index="2" bw="5" slack="0"/>
<pin id="265" dir="1" index="3" bw="4" slack="0"/>
</pin_list>
<bind>
<opcode="getelementptr(29) " fcode="getelementptr"/>
<opset="output_addr_8/5 "/>
</bind>
</comp>

<comp id="271" class="1004" name="output_addr_9_gep_fu_271">
<pin_list>
<pin id="272" dir="0" index="0" bw="8" slack="0"/>
<pin id="273" dir="0" index="1" bw="1" slack="0"/>
<pin id="274" dir="0" index="2" bw="5" slack="0"/>
<pin id="275" dir="1" index="3" bw="4" slack="0"/>
</pin_list>
<bind>
<opcode="getelementptr(29) " fcode="getelementptr"/>
<opset="output_addr_9/5 "/>
</bind>
</comp>

<comp id="281" class="1004" name="output_addr_10_gep_fu_281">
<pin_list>
<pin id="282" dir="0" index="0" bw="8" slack="0"/>
<pin id="283" dir="0" index="1" bw="1" slack="0"/>
<pin id="284" dir="0" index="2" bw="5" slack="0"/>
<pin id="285" dir="1" index="3" bw="4" slack="0"/>
</pin_list>
<bind>
<opcode="getelementptr(29) " fcode="getelementptr"/>
<opset="output_addr_10/6 "/>
</bind>
</comp>

<comp id="291" class="1004" name="output_addr_11_gep_fu_291">
<pin_list>
<pin id="292" dir="0" index="0" bw="8" slack="0"/>
<pin id="293" dir="0" index="1" bw="1" slack="0"/>
<pin id="294" dir="0" index="2" bw="5" slack="0"/>
<pin id="295" dir="1" index="3" bw="4" slack="0"/>
</pin_list>
<bind>
<opcode="getelementptr(29) " fcode="getelementptr"/>
<opset="output_addr_11/6 "/>
</bind>
</comp>

<comp id="301" class="1004" name="output_addr_12_gep_fu_301">
<pin_list>
<pin id="302" dir="0" index="0" bw="8" slack="0"/>
<pin id="303" dir="0" index="1" bw="1" slack="0"/>
<pin id="304" dir="0" index="2" bw="5" slack="0"/>
<pin id="305" dir="1" index="3" bw="4" slack="0"/>
</pin_list>
<bind>
<opcode="getelementptr(29) " fcode="getelementptr"/>
<opset="output_addr_12/7 "/>
</bind>
</comp>

<comp id="311" class="1004" name="output_addr_13_gep_fu_311">
<pin_list>
<pin id="312" dir="0" index="0" bw="8" slack="0"/>
<pin id="313" dir="0" index="1" bw="1" slack="0"/>
<pin id="314" dir="0" index="2" bw="5" slack="0"/>
<pin id="315" dir="1" index="3" bw="4" slack="0"/>
</pin_list>
<bind>
<opcode="getelementptr(29) " fcode="getelementptr"/>
<opset="output_addr_13/7 "/>
</bind>
</comp>

<comp id="321" class="1004" name="output_addr_14_gep_fu_321">
<pin_list>
<pin id="322" dir="0" index="0" bw="8" slack="0"/>
<pin id="323" dir="0" index="1" bw="1" slack="0"/>
<pin id="324" dir="0" index="2" bw="5" slack="0"/>
<pin id="325" dir="1" index="3" bw="4" slack="0"/>
</pin_list>
<bind>
<opcode="getelementptr(29) " fcode="getelementptr"/>
<opset="output_addr_14/8 "/>
</bind>
</comp>

<comp id="331" class="1004" name="output_addr_15_gep_fu_331">
<pin_list>
<pin id="332" dir="0" index="0" bw="8" slack="0"/>
<pin id="333" dir="0" index="1" bw="1" slack="0"/>
<pin id="334" dir="0" index="2" bw="5" slack="0"/>
<pin id="335" dir="1" index="3" bw="4" slack="0"/>
</pin_list>
<bind>
<opcode="getelementptr(29) " fcode="getelementptr"/>
<opset="output_addr_15/8 "/>
</bind>
</comp>

</comp_list>

<net_list>
<net id="82"><net_src comp="34" pin="0"/><net_sink comp="78" pin=0"/></net>

<net id="83"><net_src comp="2" pin="0"/><net_sink comp="78" pin=1"/></net>

<net id="88"><net_src comp="34" pin="0"/><net_sink comp="84" pin=0"/></net>

<net id="89"><net_src comp="0" pin="0"/><net_sink comp="84" pin=1"/></net>

<net id="94"><net_src comp="34" pin="0"/><net_sink comp="90" pin=0"/></net>

<net id="95"><net_src comp="6" pin="0"/><net_sink comp="90" pin=1"/></net>

<net id="100"><net_src comp="34" pin="0"/><net_sink comp="96" pin=0"/></net>

<net id="101"><net_src comp="4" pin="0"/><net_sink comp="96" pin=1"/></net>

<net id="106"><net_src comp="34" pin="0"/><net_sink comp="102" pin=0"/></net>

<net id="107"><net_src comp="10" pin="0"/><net_sink comp="102" pin=1"/></net>

<net id="112"><net_src comp="34" pin="0"/><net_sink comp="108" pin=0"/></net>

<net id="113"><net_src comp="8" pin="0"/><net_sink comp="108" pin=1"/></net>

<net id="118"><net_src comp="34" pin="0"/><net_sink comp="114" pin=0"/></net>

<net id="119"><net_src comp="14" pin="0"/><net_sink comp="114" pin=1"/></net>

<net id="124"><net_src comp="34" pin="0"/><net_sink comp="120" pin=0"/></net>

<net id="125"><net_src comp="12" pin="0"/><net_sink comp="120" pin=1"/></net>

<net id="130"><net_src comp="34" pin="0"/><net_sink comp="126" pin=0"/></net>

<net id="131"><net_src comp="18" pin="0"/><net_sink comp="126" pin=1"/></net>

<net id="136"><net_src comp="34" pin="0"/><net_sink comp="132" pin=0"/></net>

<net id="137"><net_src comp="16" pin="0"/><net_sink comp="132" pin=1"/></net>

<net id="142"><net_src comp="34" pin="0"/><net_sink comp="138" pin=0"/></net>

<net id="143"><net_src comp="22" pin="0"/><net_sink comp="138" pin=1"/></net>

<net id="148"><net_src comp="34" pin="0"/><net_sink comp="144" pin=0"/></net>

<net id="149"><net_src comp="20" pin="0"/><net_sink comp="144" pin=1"/></net>

<net id="154"><net_src comp="34" pin="0"/><net_sink comp="150" pin=0"/></net>

<net id="155"><net_src comp="26" pin="0"/><net_sink comp="150" pin=1"/></net>

<net id="160"><net_src comp="34" pin="0"/><net_sink comp="156" pin=0"/></net>

<net id="161"><net_src comp="24" pin="0"/><net_sink comp="156" pin=1"/></net>

<net id="166"><net_src comp="34" pin="0"/><net_sink comp="162" pin=0"/></net>

<net id="167"><net_src comp="30" pin="0"/><net_sink comp="162" pin=1"/></net>

<net id="172"><net_src comp="34" pin="0"/><net_sink comp="168" pin=0"/></net>

<net id="173"><net_src comp="28" pin="0"/><net_sink comp="168" pin=1"/></net>

<net id="179"><net_src comp="32" pin="0"/><net_sink comp="174" pin=0"/></net>

<net id="180"><net_src comp="36" pin="0"/><net_sink comp="174" pin=1"/></net>

<net id="181"><net_src comp="36" pin="0"/><net_sink comp="174" pin=2"/></net>

<net id="186"><net_src comp="84" pin="2"/><net_sink comp="182" pin=1"/></net>

<net id="187"><net_src comp="174" pin="3"/><net_sink comp="182" pin=0"/></net>

<net id="193"><net_src comp="32" pin="0"/><net_sink comp="188" pin=0"/></net>

<net id="194"><net_src comp="36" pin="0"/><net_sink comp="188" pin=1"/></net>

<net id="195"><net_src comp="38" pin="0"/><net_sink comp="188" pin=2"/></net>

<net id="199"><net_src comp="78" pin="2"/><net_sink comp="182" pin=4"/></net>

<net id="200"><net_src comp="188" pin="3"/><net_sink comp="182" pin=3"/></net>

<net id="206"><net_src comp="32" pin="0"/><net_sink comp="201" pin=0"/></net>

<net id="207"><net_src comp="36" pin="0"/><net_sink comp="201" pin=1"/></net>

<net id="208"><net_src comp="40" pin="0"/><net_sink comp="201" pin=2"/></net>

<net id="209"><net_src comp="96" pin="2"/><net_sink comp="182" pin=1"/></net>

<net id="210"><net_src comp="201" pin="3"/><net_sink comp="182" pin=0"/></net>

<net id="216"><net_src comp="32" pin="0"/><net_sink comp="211" pin=0"/></net>

<net id="217"><net_src comp="36" pin="0"/><net_sink comp="211" pin=1"/></net>

<net id="218"><net_src comp="42" pin="0"/><net_sink comp="211" pin=2"/></net>

<net id="219"><net_src comp="90" pin="2"/><net_sink comp="182" pin=4"/></net>

<net id="220"><net_src comp="211" pin="3"/><net_sink comp="182" pin=3"/></net>

<net id="226"><net_src comp="32" pin="0"/><net_sink comp="221" pin=0"/></net>

<net id="227"><net_src comp="36" pin="0"/><net_sink comp="221" pin=1"/></net>

<net id="228"><net_src comp="44" pin="0"/><net_sink comp="221" pin=2"/></net>

<net id="229"><net_src comp="108" pin="2"/><net_sink comp="182" pin=1"/></net>

<net id="230"><net_src comp="221" pin="3"/><net_sink comp="182" pin=0"/></net>

<net id="236"><net_src comp="32" pin="0"/><net_sink comp="231" pin=0"/></net>

<net id="237"><net_src comp="36" pin="0"/><net_sink comp="231" pin=1"/></net>

<net id="238"><net_src comp="46" pin="0"/><net_sink comp="231" pin=2"/></net>

<net id="239"><net_src comp="102" pin="2"/><net_sink comp="182" pin=4"/></net>

<net id="240"><net_src comp="231" pin="3"/><net_sink comp="182" pin=3"/></net>

<net id="246"><net_src comp="32" pin="0"/><net_sink comp="241" pin=0"/></net>

<net id="247"><net_src comp="36" pin="0"/><net_sink comp="241" pin=1"/></net>

<net id="248"><net_src comp="48" pin="0"/><net_sink comp="241" pin=2"/></net>

<net id="249"><net_src comp="120" pin="2"/><net_sink comp="182" pin=1"/></net>

<net id="250"><net_src comp="241" pin="3"/><net_sink comp="182" pin=0"/></net>

<net id="256"><net_src comp="32" pin="0"/><net_sink comp="251" pin=0"/></net>

<net id="257"><net_src comp="36" pin="0"/><net_sink comp="251" pin=1"/></net>

<net id="258"><net_src comp="50" pin="0"/><net_sink comp="251" pin=2"/></net>

<net id="259"><net_src comp="114" pin="2"/><net_sink comp="182" pin=4"/></net>

<net id="260"><net_src comp="251" pin="3"/><net_sink comp="182" pin=3"/></net>

<net id="266"><net_src comp="32" pin="0"/><net_sink comp="261" pin=0"/></net>

<net id="267"><net_src comp="36" pin="0"/><net_sink comp="261" pin=1"/></net>

<net id="268"><net_src comp="52" pin="0"/><net_sink comp="261" pin=2"/></net>

<net id="269"><net_src comp="132" pin="2"/><net_sink comp="182" pin=1"/></net>

<net id="270"><net_src comp="261" pin="3"/><net_sink comp="182" pin=0"/></net>

<net id="276"><net_src comp="32" pin="0"/><net_sink comp="271" pin=0"/></net>

<net id="277"><net_src comp="36" pin="0"/><net_sink comp="271" pin=1"/></net>

<net id="278"><net_src comp="54" pin="0"/><net_sink comp="271" pin=2"/></net>

<net id="279"><net_src comp="126" pin="2"/><net_sink comp="182" pin=4"/></net>

<net id="280"><net_src comp="271" pin="3"/><net_sink comp="182" pin=3"/></net>

<net id="286"><net_src comp="32" pin="0"/><net_sink comp="281" pin=0"/></net>

<net id="287"><net_src comp="36" pin="0"/><net_sink comp="281" pin=1"/></net>

<net id="288"><net_src comp="56" pin="0"/><net_sink comp="281" pin=2"/></net>

<net id="289"><net_src comp="144" pin="2"/><net_sink comp="182" pin=1"/></net>

<net id="290"><net_src comp="281" pin="3"/><net_sink comp="182" pin=0"/></net>

<net id="296"><net_src comp="32" pin="0"/><net_sink comp="291" pin=0"/></net>

<net id="297"><net_src comp="36" pin="0"/><net_sink comp="291" pin=1"/></net>

<net id="298"><net_src comp="58" pin="0"/><net_sink comp="291" pin=2"/></net>

<net id="299"><net_src comp="138" pin="2"/><net_sink comp="182" pin=4"/></net>

<net id="300"><net_src comp="291" pin="3"/><net_sink comp="182" pin=3"/></net>

<net id="306"><net_src comp="32" pin="0"/><net_sink comp="301" pin=0"/></net>

<net id="307"><net_src comp="36" pin="0"/><net_sink comp="301" pin=1"/></net>

<net id="308"><net_src comp="60" pin="0"/><net_sink comp="301" pin=2"/></net>

<net id="309"><net_src comp="156" pin="2"/><net_sink comp="182" pin=1"/></net>

<net id="310"><net_src comp="301" pin="3"/><net_sink comp="182" pin=0"/></net>

<net id="316"><net_src comp="32" pin="0"/><net_sink comp="311" pin=0"/></net>

<net id="317"><net_src comp="36" pin="0"/><net_sink comp="311" pin=1"/></net>

<net id="318"><net_src comp="62" pin="0"/><net_sink comp="311" pin=2"/></net>

<net id="319"><net_src comp="150" pin="2"/><net_sink comp="182" pin=4"/></net>

<net id="320"><net_src comp="311" pin="3"/><net_sink comp="182" pin=3"/></net>

<net id="326"><net_src comp="32" pin="0"/><net_sink comp="321" pin=0"/></net>

<net id="327"><net_src comp="36" pin="0"/><net_sink comp="321" pin=1"/></net>

<net id="328"><net_src comp="74" pin="0"/><net_sink comp="321" pin=2"/></net>

<net id="329"><net_src comp="168" pin="2"/><net_sink comp="182" pin=1"/></net>

<net id="330"><net_src comp="321" pin="3"/><net_sink comp="182" pin=0"/></net>

<net id="336"><net_src comp="32" pin="0"/><net_sink comp="331" pin=0"/></net>

<net id="337"><net_src comp="36" pin="0"/><net_sink comp="331" pin=1"/></net>

<net id="338"><net_src comp="76" pin="0"/><net_sink comp="331" pin=2"/></net>

<net id="339"><net_src comp="162" pin="2"/><net_sink comp="182" pin=4"/></net>

<net id="340"><net_src comp="331" pin="3"/><net_sink comp="182" pin=3"/></net>

</net_list>

</model> 
---------------- Datapath Model END ------------------

* FSMD analyzer results:
  - Output states:
	Port: output_r | {1 2 3 4 5 6 7 8 }
 - Input state : 
	Port: write_data : buf_0_0_read | {1 }
	Port: write_data : buf_0_1_read | {1 }
	Port: write_data : buf_0_2_read | {2 }
	Port: write_data : buf_0_3_read | {2 }
	Port: write_data : buf_1_0_read | {3 }
	Port: write_data : buf_1_1_read | {3 }
	Port: write_data : buf_1_2_read | {4 }
	Port: write_data : buf_1_3_read | {4 }
	Port: write_data : buf_2_0_read | {5 }
	Port: write_data : buf_2_1_read | {5 }
	Port: write_data : buf_2_2_read | {6 }
	Port: write_data : buf_2_3_read | {6 }
	Port: write_data : buf_3_0_read | {7 }
	Port: write_data : buf_3_1_read | {7 }
	Port: write_data : buf_3_2_read | {8 }
	Port: write_data : buf_3_3_read | {8 }
  - Chain level:
	State 1
		StgValue_12 : 1
		StgValue_14 : 1
	State 2
		StgValue_18 : 1
		StgValue_20 : 1
	State 3
		StgValue_24 : 1
		StgValue_26 : 1
	State 4
		StgValue_30 : 1
		StgValue_32 : 1
	State 5
		StgValue_36 : 1
		StgValue_38 : 1
	State 6
		StgValue_42 : 1
		StgValue_44 : 1
	State 7
		StgValue_48 : 1
		StgValue_50 : 1
	State 8
		StgValue_55 : 1
		StgValue_57 : 1


============================================================
+ Verbose Summary: Datapath Resource usage 
============================================================

* Functional unit list:
|----------|----------------------------|
| Operation|       Functional Unit      |
|----------|----------------------------|
|          |  buf_0_1_read_1_read_fu_78 |
|          |  buf_0_0_read_1_read_fu_84 |
|          |  buf_0_3_read_1_read_fu_90 |
|          |  buf_0_2_read_1_read_fu_96 |
|          | buf_1_1_read_1_read_fu_102 |
|          | buf_1_0_read_1_read_fu_108 |
|          | buf_1_3_read_1_read_fu_114 |
|   read   | buf_1_2_read_1_read_fu_120 |
|          | buf_2_1_read_1_read_fu_126 |
|          | buf_2_0_read_1_read_fu_132 |
|          | buf_2_3_read_1_read_fu_138 |
|          | buf_2_2_read_1_read_fu_144 |
|          | buf_3_1_read_1_read_fu_150 |
|          | buf_3_0_read_1_read_fu_156 |
|          | buf_3_3_read_1_read_fu_162 |
|          | buf_3_2_read_1_read_fu_168 |
|----------|----------------------------|
|   Total  |                            |
|----------|----------------------------|

Memories:
N/A

* Register list:
N/A

* Multiplexer (MUX) list: 
|-------------------|------|------|------|--------||---------||---------|
|        Comp       |  Pin | Size |  BW  | S x BW ||  Delay  ||   LUT   |
|-------------------|------|------|------|--------||---------||---------|
| grp_access_fu_182 |  p0  |   8  |   4  |   32   ||    41   |
| grp_access_fu_182 |  p1  |   8  |   8  |   64   ||    41   |
| grp_access_fu_182 |  p3  |   8  |   4  |   32   ||    41   |
| grp_access_fu_182 |  p4  |   8  |   8  |   64   ||    41   |
|-------------------|------|------|------|--------||---------||---------|
|       Total       |      |      |      |   192  ||  2.8384 ||   164   |
|-------------------|------|------|------|--------||---------||---------|



* Summary:
+-----------+--------+--------+
|           |  Delay |   LUT  |
+-----------+--------+--------+
|  Function |    -   |    -   |
|   Memory  |    -   |    -   |
|Multiplexer|    2   |   164  |
|  Register |    -   |    -   |
+-----------+--------+--------+
|   Total   |    2   |   164  |
+-----------+--------+--------+
