

================================================================
== Vivado HLS Report for 'read_data'
================================================================
* Date:           Tue Jul 17 14:58:49 2018

* Version:        2017.4 (Build 2086221 on Fri Dec 15 21:13:33 MST 2017)
* Project:        dct_hls
* Solution:       solution1
* Product family: virtexuplus
* Target device:  xcvu9p-flga2104-2-i


================================================================
== Performance Estimates
================================================================
+ Timing (ns): 
    * Summary: 
    +--------+-------+----------+------------+
    |  Clock | Target| Estimated| Uncertainty|
    +--------+-------+----------+------------+
    |ap_clk  |  10.00|      0.59|        1.25|
    +--------+-------+----------+------------+

+ Latency (clock cycles): 
    * Summary: 
    +-----+-----+-----+-----+----------+
    |  Latency  |  Interval | Pipeline |
    | min | max | min | max |   Type   |
    +-----+-----+-----+-----+----------+
    |    8|    8|    8|    8| function |
    +-----+-----+-----+-----+----------+

    + Detail: 
        * Instance: 
        N/A

        * Loop: 
        N/A

============================================================
+ Verbose Summary: Synthesis Manager
============================================================
InlineROM: 1
ExposeGlobal: 0
============================================================
+ Verbose Summary: CDFG Model
============================================================
IsTopModel: 0
ResetActiveHigh: 1
IsCombinational: 0
IsDatapathOnly: 0
HasWiredReturn: 1
HasMFsm: 2
HasVarLatency: 0
IsPipeline: 1
IsRtlPipelined: 1
IsInstanceOverlapped: 0
IsDontTouch: 0
HasImplIP: 0
IsGatedGlobalClock: 0

+ Individual pipeline summary: 
  * Pipeline-0: initiation interval (II) = 8, depth = 9


============================================================
+ Verbose Summary: Schedule
============================================================
* Number of FSM states : 9
* Pipeline : 1
  Pipeline-0 : II = 8, D = 9, States = { 1 2 3 4 5 6 7 8 9 }
* Dataflow Pipeline: 0

* FSM state transitions: 
1 --> 
	2  / true
2 --> 
	3  / true
3 --> 
	4  / true
4 --> 
	5  / true
5 --> 
	6  / true
6 --> 
	7  / true
7 --> 
	8  / true
8 --> 
	9  / true
9 --> 

* FSM state operations: 

 <State 1> : 0.59ns
ST_1 : Operation 10 [1/1] (0.00ns)   --->   "%input_addr = getelementptr [16 x i16]* %input_r, i64 0, i64 0" [dct_hls/dct.cpp:117]
ST_1 : Operation 11 [2/2] (0.59ns)   --->   "%input_load = load i16* %input_addr, align 2" [dct_hls/dct.cpp:117]   --->   Core 37 'RAM' <Latency = 1> <II = 1> <Delay = 0.59> <Storage> <Opcode : 'load' 'store'> <Ports = 2> <Width = 16> <Depth = 16> <RAM>
ST_1 : Operation 12 [1/1] (0.00ns)   --->   "%input_addr_1 = getelementptr [16 x i16]* %input_r, i64 0, i64 1" [dct_hls/dct.cpp:117]
ST_1 : Operation 13 [2/2] (0.59ns)   --->   "%input_load_1 = load i16* %input_addr_1, align 2" [dct_hls/dct.cpp:117]   --->   Core 37 'RAM' <Latency = 1> <II = 1> <Delay = 0.59> <Storage> <Opcode : 'load' 'store'> <Ports = 2> <Width = 16> <Depth = 16> <RAM>

 <State 2> : 0.59ns
ST_2 : Operation 14 [1/2] (0.59ns)   --->   "%input_load = load i16* %input_addr, align 2" [dct_hls/dct.cpp:117]   --->   Core 37 'RAM' <Latency = 1> <II = 1> <Delay = 0.59> <Storage> <Opcode : 'load' 'store'> <Ports = 2> <Width = 16> <Depth = 16> <RAM>
ST_2 : Operation 15 [1/2] (0.59ns)   --->   "%input_load_1 = load i16* %input_addr_1, align 2" [dct_hls/dct.cpp:117]   --->   Core 37 'RAM' <Latency = 1> <II = 1> <Delay = 0.59> <Storage> <Opcode : 'load' 'store'> <Ports = 2> <Width = 16> <Depth = 16> <RAM>
ST_2 : Operation 16 [1/1] (0.00ns)   --->   "%input_addr_2 = getelementptr [16 x i16]* %input_r, i64 0, i64 2" [dct_hls/dct.cpp:117]
ST_2 : Operation 17 [2/2] (0.59ns)   --->   "%input_load_2 = load i16* %input_addr_2, align 2" [dct_hls/dct.cpp:117]   --->   Core 37 'RAM' <Latency = 1> <II = 1> <Delay = 0.59> <Storage> <Opcode : 'load' 'store'> <Ports = 2> <Width = 16> <Depth = 16> <RAM>
ST_2 : Operation 18 [1/1] (0.00ns)   --->   "%input_addr_3 = getelementptr [16 x i16]* %input_r, i64 0, i64 3" [dct_hls/dct.cpp:117]
ST_2 : Operation 19 [2/2] (0.59ns)   --->   "%input_load_3 = load i16* %input_addr_3, align 2" [dct_hls/dct.cpp:117]   --->   Core 37 'RAM' <Latency = 1> <II = 1> <Delay = 0.59> <Storage> <Opcode : 'load' 'store'> <Ports = 2> <Width = 16> <Depth = 16> <RAM>

 <State 3> : 0.59ns
ST_3 : Operation 20 [1/2] (0.59ns)   --->   "%input_load_2 = load i16* %input_addr_2, align 2" [dct_hls/dct.cpp:117]   --->   Core 37 'RAM' <Latency = 1> <II = 1> <Delay = 0.59> <Storage> <Opcode : 'load' 'store'> <Ports = 2> <Width = 16> <Depth = 16> <RAM>
ST_3 : Operation 21 [1/2] (0.59ns)   --->   "%input_load_3 = load i16* %input_addr_3, align 2" [dct_hls/dct.cpp:117]   --->   Core 37 'RAM' <Latency = 1> <II = 1> <Delay = 0.59> <Storage> <Opcode : 'load' 'store'> <Ports = 2> <Width = 16> <Depth = 16> <RAM>
ST_3 : Operation 22 [1/1] (0.00ns)   --->   "%input_addr_4 = getelementptr [16 x i16]* %input_r, i64 0, i64 4" [dct_hls/dct.cpp:117]
ST_3 : Operation 23 [2/2] (0.59ns)   --->   "%input_load_4 = load i16* %input_addr_4, align 2" [dct_hls/dct.cpp:117]   --->   Core 37 'RAM' <Latency = 1> <II = 1> <Delay = 0.59> <Storage> <Opcode : 'load' 'store'> <Ports = 2> <Width = 16> <Depth = 16> <RAM>
ST_3 : Operation 24 [1/1] (0.00ns)   --->   "%input_addr_5 = getelementptr [16 x i16]* %input_r, i64 0, i64 5" [dct_hls/dct.cpp:117]
ST_3 : Operation 25 [2/2] (0.59ns)   --->   "%input_load_5 = load i16* %input_addr_5, align 2" [dct_hls/dct.cpp:117]   --->   Core 37 'RAM' <Latency = 1> <II = 1> <Delay = 0.59> <Storage> <Opcode : 'load' 'store'> <Ports = 2> <Width = 16> <Depth = 16> <RAM>

 <State 4> : 0.59ns
ST_4 : Operation 26 [1/2] (0.59ns)   --->   "%input_load_4 = load i16* %input_addr_4, align 2" [dct_hls/dct.cpp:117]   --->   Core 37 'RAM' <Latency = 1> <II = 1> <Delay = 0.59> <Storage> <Opcode : 'load' 'store'> <Ports = 2> <Width = 16> <Depth = 16> <RAM>
ST_4 : Operation 27 [1/2] (0.59ns)   --->   "%input_load_5 = load i16* %input_addr_5, align 2" [dct_hls/dct.cpp:117]   --->   Core 37 'RAM' <Latency = 1> <II = 1> <Delay = 0.59> <Storage> <Opcode : 'load' 'store'> <Ports = 2> <Width = 16> <Depth = 16> <RAM>
ST_4 : Operation 28 [1/1] (0.00ns)   --->   "%input_addr_6 = getelementptr [16 x i16]* %input_r, i64 0, i64 6" [dct_hls/dct.cpp:117]
ST_4 : Operation 29 [2/2] (0.59ns)   --->   "%input_load_6 = load i16* %input_addr_6, align 2" [dct_hls/dct.cpp:117]   --->   Core 37 'RAM' <Latency = 1> <II = 1> <Delay = 0.59> <Storage> <Opcode : 'load' 'store'> <Ports = 2> <Width = 16> <Depth = 16> <RAM>
ST_4 : Operation 30 [1/1] (0.00ns)   --->   "%input_addr_7 = getelementptr [16 x i16]* %input_r, i64 0, i64 7" [dct_hls/dct.cpp:117]
ST_4 : Operation 31 [2/2] (0.59ns)   --->   "%input_load_7 = load i16* %input_addr_7, align 2" [dct_hls/dct.cpp:117]   --->   Core 37 'RAM' <Latency = 1> <II = 1> <Delay = 0.59> <Storage> <Opcode : 'load' 'store'> <Ports = 2> <Width = 16> <Depth = 16> <RAM>

 <State 5> : 0.59ns
ST_5 : Operation 32 [1/2] (0.59ns)   --->   "%input_load_6 = load i16* %input_addr_6, align 2" [dct_hls/dct.cpp:117]   --->   Core 37 'RAM' <Latency = 1> <II = 1> <Delay = 0.59> <Storage> <Opcode : 'load' 'store'> <Ports = 2> <Width = 16> <Depth = 16> <RAM>
ST_5 : Operation 33 [1/2] (0.59ns)   --->   "%input_load_7 = load i16* %input_addr_7, align 2" [dct_hls/dct.cpp:117]   --->   Core 37 'RAM' <Latency = 1> <II = 1> <Delay = 0.59> <Storage> <Opcode : 'load' 'store'> <Ports = 2> <Width = 16> <Depth = 16> <RAM>
ST_5 : Operation 34 [1/1] (0.00ns)   --->   "%input_addr_8 = getelementptr [16 x i16]* %input_r, i64 0, i64 8" [dct_hls/dct.cpp:117]
ST_5 : Operation 35 [2/2] (0.59ns)   --->   "%input_load_8 = load i16* %input_addr_8, align 2" [dct_hls/dct.cpp:117]   --->   Core 37 'RAM' <Latency = 1> <II = 1> <Delay = 0.59> <Storage> <Opcode : 'load' 'store'> <Ports = 2> <Width = 16> <Depth = 16> <RAM>
ST_5 : Operation 36 [1/1] (0.00ns)   --->   "%input_addr_9 = getelementptr [16 x i16]* %input_r, i64 0, i64 9" [dct_hls/dct.cpp:117]
ST_5 : Operation 37 [2/2] (0.59ns)   --->   "%input_load_9 = load i16* %input_addr_9, align 2" [dct_hls/dct.cpp:117]   --->   Core 37 'RAM' <Latency = 1> <II = 1> <Delay = 0.59> <Storage> <Opcode : 'load' 'store'> <Ports = 2> <Width = 16> <Depth = 16> <RAM>

 <State 6> : 0.59ns
ST_6 : Operation 38 [1/2] (0.59ns)   --->   "%input_load_8 = load i16* %input_addr_8, align 2" [dct_hls/dct.cpp:117]   --->   Core 37 'RAM' <Latency = 1> <II = 1> <Delay = 0.59> <Storage> <Opcode : 'load' 'store'> <Ports = 2> <Width = 16> <Depth = 16> <RAM>
ST_6 : Operation 39 [1/2] (0.59ns)   --->   "%input_load_9 = load i16* %input_addr_9, align 2" [dct_hls/dct.cpp:117]   --->   Core 37 'RAM' <Latency = 1> <II = 1> <Delay = 0.59> <Storage> <Opcode : 'load' 'store'> <Ports = 2> <Width = 16> <Depth = 16> <RAM>
ST_6 : Operation 40 [1/1] (0.00ns)   --->   "%input_addr_10 = getelementptr [16 x i16]* %input_r, i64 0, i64 10" [dct_hls/dct.cpp:117]
ST_6 : Operation 41 [2/2] (0.59ns)   --->   "%input_load_10 = load i16* %input_addr_10, align 2" [dct_hls/dct.cpp:117]   --->   Core 37 'RAM' <Latency = 1> <II = 1> <Delay = 0.59> <Storage> <Opcode : 'load' 'store'> <Ports = 2> <Width = 16> <Depth = 16> <RAM>
ST_6 : Operation 42 [1/1] (0.00ns)   --->   "%input_addr_11 = getelementptr [16 x i16]* %input_r, i64 0, i64 11" [dct_hls/dct.cpp:117]
ST_6 : Operation 43 [2/2] (0.59ns)   --->   "%input_load_11 = load i16* %input_addr_11, align 2" [dct_hls/dct.cpp:117]   --->   Core 37 'RAM' <Latency = 1> <II = 1> <Delay = 0.59> <Storage> <Opcode : 'load' 'store'> <Ports = 2> <Width = 16> <Depth = 16> <RAM>

 <State 7> : 0.59ns
ST_7 : Operation 44 [1/2] (0.59ns)   --->   "%input_load_10 = load i16* %input_addr_10, align 2" [dct_hls/dct.cpp:117]   --->   Core 37 'RAM' <Latency = 1> <II = 1> <Delay = 0.59> <Storage> <Opcode : 'load' 'store'> <Ports = 2> <Width = 16> <Depth = 16> <RAM>
ST_7 : Operation 45 [1/2] (0.59ns)   --->   "%input_load_11 = load i16* %input_addr_11, align 2" [dct_hls/dct.cpp:117]   --->   Core 37 'RAM' <Latency = 1> <II = 1> <Delay = 0.59> <Storage> <Opcode : 'load' 'store'> <Ports = 2> <Width = 16> <Depth = 16> <RAM>
ST_7 : Operation 46 [1/1] (0.00ns)   --->   "%input_addr_12 = getelementptr [16 x i16]* %input_r, i64 0, i64 12" [dct_hls/dct.cpp:117]
ST_7 : Operation 47 [2/2] (0.59ns)   --->   "%input_load_12 = load i16* %input_addr_12, align 2" [dct_hls/dct.cpp:117]   --->   Core 37 'RAM' <Latency = 1> <II = 1> <Delay = 0.59> <Storage> <Opcode : 'load' 'store'> <Ports = 2> <Width = 16> <Depth = 16> <RAM>
ST_7 : Operation 48 [1/1] (0.00ns)   --->   "%input_addr_13 = getelementptr [16 x i16]* %input_r, i64 0, i64 13" [dct_hls/dct.cpp:117]
ST_7 : Operation 49 [2/2] (0.59ns)   --->   "%input_load_13 = load i16* %input_addr_13, align 2" [dct_hls/dct.cpp:117]   --->   Core 37 'RAM' <Latency = 1> <II = 1> <Delay = 0.59> <Storage> <Opcode : 'load' 'store'> <Ports = 2> <Width = 16> <Depth = 16> <RAM>

 <State 8> : 0.59ns
ST_8 : Operation 50 [1/2] (0.59ns)   --->   "%input_load_12 = load i16* %input_addr_12, align 2" [dct_hls/dct.cpp:117]   --->   Core 37 'RAM' <Latency = 1> <II = 1> <Delay = 0.59> <Storage> <Opcode : 'load' 'store'> <Ports = 2> <Width = 16> <Depth = 16> <RAM>
ST_8 : Operation 51 [1/2] (0.59ns)   --->   "%input_load_13 = load i16* %input_addr_13, align 2" [dct_hls/dct.cpp:117]   --->   Core 37 'RAM' <Latency = 1> <II = 1> <Delay = 0.59> <Storage> <Opcode : 'load' 'store'> <Ports = 2> <Width = 16> <Depth = 16> <RAM>
ST_8 : Operation 52 [1/1] (0.00ns)   --->   "%input_addr_14 = getelementptr [16 x i16]* %input_r, i64 0, i64 14" [dct_hls/dct.cpp:117]
ST_8 : Operation 53 [2/2] (0.59ns)   --->   "%input_load_14 = load i16* %input_addr_14, align 2" [dct_hls/dct.cpp:117]   --->   Core 37 'RAM' <Latency = 1> <II = 1> <Delay = 0.59> <Storage> <Opcode : 'load' 'store'> <Ports = 2> <Width = 16> <Depth = 16> <RAM>
ST_8 : Operation 54 [1/1] (0.00ns)   --->   "%input_addr_15 = getelementptr [16 x i16]* %input_r, i64 0, i64 15" [dct_hls/dct.cpp:117]
ST_8 : Operation 55 [2/2] (0.59ns)   --->   "%input_load_15 = load i16* %input_addr_15, align 2" [dct_hls/dct.cpp:117]   --->   Core 37 'RAM' <Latency = 1> <II = 1> <Delay = 0.59> <Storage> <Opcode : 'load' 'store'> <Ports = 2> <Width = 16> <Depth = 16> <RAM>

 <State 9> : 0.59ns
ST_9 : Operation 56 [1/1] (0.00ns)   --->   "call void (...)* @_ssdm_op_SpecPipeline(i32 1, i32 1, i32 1, i32 0, [1 x i8]* @p_str2) nounwind" [dct_hls/dct.cpp:111]
ST_9 : Operation 57 [1/2] (0.59ns)   --->   "%input_load_14 = load i16* %input_addr_14, align 2" [dct_hls/dct.cpp:117]   --->   Core 37 'RAM' <Latency = 1> <II = 1> <Delay = 0.59> <Storage> <Opcode : 'load' 'store'> <Ports = 2> <Width = 16> <Depth = 16> <RAM>
ST_9 : Operation 58 [1/2] (0.59ns)   --->   "%input_load_15 = load i16* %input_addr_15, align 2" [dct_hls/dct.cpp:117]   --->   Core 37 'RAM' <Latency = 1> <II = 1> <Delay = 0.59> <Storage> <Opcode : 'load' 'store'> <Ports = 2> <Width = 16> <Depth = 16> <RAM>
ST_9 : Operation 59 [1/1] (0.00ns)   --->   "%mrv = insertvalue { i16, i16, i16, i16, i16, i16, i16, i16, i16, i16, i16, i16, i16, i16, i16, i16 } undef, i16 %input_load, 0" [dct_hls/dct.cpp:119]
ST_9 : Operation 60 [1/1] (0.00ns)   --->   "%mrv_1 = insertvalue { i16, i16, i16, i16, i16, i16, i16, i16, i16, i16, i16, i16, i16, i16, i16, i16 } %mrv, i16 %input_load_1, 1" [dct_hls/dct.cpp:119]
ST_9 : Operation 61 [1/1] (0.00ns)   --->   "%mrv_2 = insertvalue { i16, i16, i16, i16, i16, i16, i16, i16, i16, i16, i16, i16, i16, i16, i16, i16 } %mrv_1, i16 %input_load_2, 2" [dct_hls/dct.cpp:119]
ST_9 : Operation 62 [1/1] (0.00ns)   --->   "%mrv_3 = insertvalue { i16, i16, i16, i16, i16, i16, i16, i16, i16, i16, i16, i16, i16, i16, i16, i16 } %mrv_2, i16 %input_load_3, 3" [dct_hls/dct.cpp:119]
ST_9 : Operation 63 [1/1] (0.00ns)   --->   "%mrv_4 = insertvalue { i16, i16, i16, i16, i16, i16, i16, i16, i16, i16, i16, i16, i16, i16, i16, i16 } %mrv_3, i16 %input_load_4, 4" [dct_hls/dct.cpp:119]
ST_9 : Operation 64 [1/1] (0.00ns)   --->   "%mrv_5 = insertvalue { i16, i16, i16, i16, i16, i16, i16, i16, i16, i16, i16, i16, i16, i16, i16, i16 } %mrv_4, i16 %input_load_5, 5" [dct_hls/dct.cpp:119]
ST_9 : Operation 65 [1/1] (0.00ns)   --->   "%mrv_6 = insertvalue { i16, i16, i16, i16, i16, i16, i16, i16, i16, i16, i16, i16, i16, i16, i16, i16 } %mrv_5, i16 %input_load_6, 6" [dct_hls/dct.cpp:119]
ST_9 : Operation 66 [1/1] (0.00ns)   --->   "%mrv_7 = insertvalue { i16, i16, i16, i16, i16, i16, i16, i16, i16, i16, i16, i16, i16, i16, i16, i16 } %mrv_6, i16 %input_load_7, 7" [dct_hls/dct.cpp:119]
ST_9 : Operation 67 [1/1] (0.00ns)   --->   "%mrv_8 = insertvalue { i16, i16, i16, i16, i16, i16, i16, i16, i16, i16, i16, i16, i16, i16, i16, i16 } %mrv_7, i16 %input_load_8, 8" [dct_hls/dct.cpp:119]
ST_9 : Operation 68 [1/1] (0.00ns)   --->   "%mrv_9 = insertvalue { i16, i16, i16, i16, i16, i16, i16, i16, i16, i16, i16, i16, i16, i16, i16, i16 } %mrv_8, i16 %input_load_9, 9" [dct_hls/dct.cpp:119]
ST_9 : Operation 69 [1/1] (0.00ns)   --->   "%mrv_s = insertvalue { i16, i16, i16, i16, i16, i16, i16, i16, i16, i16, i16, i16, i16, i16, i16, i16 } %mrv_9, i16 %input_load_10, 10" [dct_hls/dct.cpp:119]
ST_9 : Operation 70 [1/1] (0.00ns)   --->   "%mrv_10 = insertvalue { i16, i16, i16, i16, i16, i16, i16, i16, i16, i16, i16, i16, i16, i16, i16, i16 } %mrv_s, i16 %input_load_11, 11" [dct_hls/dct.cpp:119]
ST_9 : Operation 71 [1/1] (0.00ns)   --->   "%mrv_11 = insertvalue { i16, i16, i16, i16, i16, i16, i16, i16, i16, i16, i16, i16, i16, i16, i16, i16 } %mrv_10, i16 %input_load_12, 12" [dct_hls/dct.cpp:119]
ST_9 : Operation 72 [1/1] (0.00ns)   --->   "%mrv_12 = insertvalue { i16, i16, i16, i16, i16, i16, i16, i16, i16, i16, i16, i16, i16, i16, i16, i16 } %mrv_11, i16 %input_load_13, 13" [dct_hls/dct.cpp:119]
ST_9 : Operation 73 [1/1] (0.00ns)   --->   "%mrv_13 = insertvalue { i16, i16, i16, i16, i16, i16, i16, i16, i16, i16, i16, i16, i16, i16, i16, i16 } %mrv_12, i16 %input_load_14, 14" [dct_hls/dct.cpp:119]
ST_9 : Operation 74 [1/1] (0.00ns)   --->   "%mrv_14 = insertvalue { i16, i16, i16, i16, i16, i16, i16, i16, i16, i16, i16, i16, i16, i16, i16, i16 } %mrv_13, i16 %input_load_15, 15" [dct_hls/dct.cpp:119]
ST_9 : Operation 75 [1/1] (0.00ns)   --->   "ret { i16, i16, i16, i16, i16, i16, i16, i16, i16, i16, i16, i16, i16, i16, i16, i16 } %mrv_14" [dct_hls/dct.cpp:119]


============================================================
+ Verbose Summary: Binding
============================================================
STG Binding: 
---------------- STG Properties BEGIN ----------------
- Is combinational: 0
- Is one-state seq: 0
- Is datapath-only: 0
- Is pipelined: 1
- Is top level: 0
Port [ Return ] is wired: 1; IO mode=ap_ctrl_hs:ce=0
Port [ input_r]:  wired=1; compound=1; hidden=0; nouse=0; global=0; static=0; extern=0; dir=0; type=1; pingpong=0; private_global=0; MemPort=[11]; IO mode=ap_memory:ce=0
---------------- STG Properties END ------------------

---------------- Datapath Model BEGIN ----------------

<LifeTime>
<method=bitvector/>
input_addr    (getelementptr) [ 0010000000]
input_addr_1  (getelementptr) [ 0010000000]
input_load    (load         ) [ 0101111111]
input_load_1  (load         ) [ 0101111111]
input_addr_2  (getelementptr) [ 0001000000]
input_addr_3  (getelementptr) [ 0001000000]
input_load_2  (load         ) [ 0100111111]
input_load_3  (load         ) [ 0100111111]
input_addr_4  (getelementptr) [ 0000100000]
input_addr_5  (getelementptr) [ 0000100000]
input_load_4  (load         ) [ 0100011111]
input_load_5  (load         ) [ 0100011111]
input_addr_6  (getelementptr) [ 0000010000]
input_addr_7  (getelementptr) [ 0000010000]
input_load_6  (load         ) [ 0100001111]
input_load_7  (load         ) [ 0100001111]
input_addr_8  (getelementptr) [ 0000001000]
input_addr_9  (getelementptr) [ 0000001000]
input_load_8  (load         ) [ 0100000111]
input_load_9  (load         ) [ 0100000111]
input_addr_10 (getelementptr) [ 0000000100]
input_addr_11 (getelementptr) [ 0000000100]
input_load_10 (load         ) [ 0100000011]
input_load_11 (load         ) [ 0100000011]
input_addr_12 (getelementptr) [ 0000000010]
input_addr_13 (getelementptr) [ 0000000010]
input_load_12 (load         ) [ 0100000001]
input_load_13 (load         ) [ 0100000001]
input_addr_14 (getelementptr) [ 0100000001]
input_addr_15 (getelementptr) [ 0100000001]
StgValue_56   (specpipeline ) [ 0000000000]
input_load_14 (load         ) [ 0000000000]
input_load_15 (load         ) [ 0000000000]
mrv           (insertvalue  ) [ 0000000000]
mrv_1         (insertvalue  ) [ 0000000000]
mrv_2         (insertvalue  ) [ 0000000000]
mrv_3         (insertvalue  ) [ 0000000000]
mrv_4         (insertvalue  ) [ 0000000000]
mrv_5         (insertvalue  ) [ 0000000000]
mrv_6         (insertvalue  ) [ 0000000000]
mrv_7         (insertvalue  ) [ 0000000000]
mrv_8         (insertvalue  ) [ 0000000000]
mrv_9         (insertvalue  ) [ 0000000000]
mrv_s         (insertvalue  ) [ 0000000000]
mrv_10        (insertvalue  ) [ 0000000000]
mrv_11        (insertvalue  ) [ 0000000000]
mrv_12        (insertvalue  ) [ 0000000000]
mrv_13        (insertvalue  ) [ 0000000000]
mrv_14        (insertvalue  ) [ 0000000000]
StgValue_75   (ret          ) [ 0000000000]
</LifeTime>

<model>

<comp_list>
<comp id="0" class="1000" name="input_r">
<pin_list>
<pin id="1" dir="1" index="0" bw="1" slack="0"/>
</pin_list>
<bind>
<StgValue><ssdm name="input_r"/><MemPortTyVec>1 1 </MemPortTyVec>
</StgValue>
</bind>
</comp>

<comp id="2" class="1001" name="const_2">
<pin_list>
<pin id="3" dir="1" index="0" bw="1" slack="0"/>
</pin_list>
<bind>
<StgValue><ssdm name=""/></StgValue>
</bind>
</comp>

<comp id="4" class="1001" name="const_4">
<pin_list>
<pin id="5" dir="1" index="0" bw="1" slack="0"/>
</pin_list>
<bind>
<StgValue><ssdm name=""/></StgValue>
</bind>
</comp>

<comp id="6" class="1001" name="const_6">
<pin_list>
<pin id="7" dir="1" index="0" bw="1" slack="0"/>
</pin_list>
<bind>
<StgValue><ssdm name=""/></StgValue>
</bind>
</comp>

<comp id="8" class="1001" name="const_8">
<pin_list>
<pin id="9" dir="1" index="0" bw="1" slack="0"/>
</pin_list>
<bind>
<StgValue><ssdm name=""/></StgValue>
</bind>
</comp>

<comp id="10" class="1001" name="const_10">
<pin_list>
<pin id="11" dir="1" index="0" bw="1" slack="0"/>
</pin_list>
<bind>
<StgValue><ssdm name=""/></StgValue>
</bind>
</comp>

<comp id="12" class="1001" name="const_12">
<pin_list>
<pin id="13" dir="1" index="0" bw="1" slack="0"/>
</pin_list>
<bind>
<StgValue><ssdm name=""/></StgValue>
</bind>
</comp>

<comp id="14" class="1001" name="const_14">
<pin_list>
<pin id="15" dir="1" index="0" bw="1" slack="0"/>
</pin_list>
<bind>
<StgValue><ssdm name=""/></StgValue>
</bind>
</comp>

<comp id="16" class="1001" name="const_16">
<pin_list>
<pin id="17" dir="1" index="0" bw="1" slack="0"/>
</pin_list>
<bind>
<StgValue><ssdm name=""/></StgValue>
</bind>
</comp>

<comp id="18" class="1001" name="const_18">
<pin_list>
<pin id="19" dir="1" index="0" bw="1" slack="0"/>
</pin_list>
<bind>
<StgValue><ssdm name=""/></StgValue>
</bind>
</comp>

<comp id="20" class="1001" name="const_20">
<pin_list>
<pin id="21" dir="1" index="0" bw="1" slack="0"/>
</pin_list>
<bind>
<StgValue><ssdm name=""/></StgValue>
</bind>
</comp>

<comp id="22" class="1001" name="const_22">
<pin_list>
<pin id="23" dir="1" index="0" bw="1" slack="0"/>
</pin_list>
<bind>
<StgValue><ssdm name=""/></StgValue>
</bind>
</comp>

<comp id="24" class="1001" name="const_24">
<pin_list>
<pin id="25" dir="1" index="0" bw="1" slack="0"/>
</pin_list>
<bind>
<StgValue><ssdm name=""/></StgValue>
</bind>
</comp>

<comp id="26" class="1001" name="const_26">
<pin_list>
<pin id="27" dir="1" index="0" bw="1" slack="0"/>
</pin_list>
<bind>
<StgValue><ssdm name=""/></StgValue>
</bind>
</comp>

<comp id="28" class="1001" name="const_28">
<pin_list>
<pin id="29" dir="1" index="0" bw="1" slack="0"/>
</pin_list>
<bind>
<StgValue><ssdm name=""/></StgValue>
</bind>
</comp>

<comp id="30" class="1001" name="const_30">
<pin_list>
<pin id="31" dir="1" index="0" bw="1" slack="0"/>
</pin_list>
<bind>
<StgValue><ssdm name=""/></StgValue>
</bind>
</comp>

<comp id="32" class="1001" name="const_32">
<pin_list>
<pin id="33" dir="1" index="0" bw="1" slack="0"/>
</pin_list>
<bind>
<StgValue><ssdm name=""/></StgValue>
</bind>
</comp>

<comp id="34" class="1001" name="const_34">
<pin_list>
<pin id="35" dir="1" index="0" bw="1" slack="2147483647"/>
</pin_list>
<bind>
<StgValue><ssdm name="_ssdm_op_SpecPipeline"/></StgValue>
</bind>
</comp>

<comp id="36" class="1001" name="const_36">
<pin_list>
<pin id="37" dir="1" index="0" bw="1" slack="2147483647"/>
</pin_list>
<bind>
<StgValue><ssdm name=""/></StgValue>
</bind>
</comp>

<comp id="38" class="1001" name="const_38">
<pin_list>
<pin id="39" dir="1" index="0" bw="1" slack="2147483647"/>
</pin_list>
<bind>
<StgValue><ssdm name=""/></StgValue>
</bind>
</comp>

<comp id="40" class="1001" name="const_40">
<pin_list>
<pin id="41" dir="1" index="0" bw="1" slack="2147483647"/>
</pin_list>
<bind>
<StgValue><ssdm name="p_str2"/></StgValue>
</bind>
</comp>

<comp id="42" class="1001" name="const_42">
<pin_list>
<pin id="43" dir="1" index="0" bw="1" slack="0"/>
</pin_list>
<bind>
<StgValue><ssdm name=""/></StgValue>
</bind>
</comp>

<comp id="44" class="1004" name="input_addr_gep_fu_44">
<pin_list>
<pin id="45" dir="0" index="0" bw="16" slack="0"/>
<pin id="46" dir="0" index="1" bw="1" slack="0"/>
<pin id="47" dir="0" index="2" bw="1" slack="0"/>
<pin id="48" dir="1" index="3" bw="4" slack="0"/>
</pin_list>
<bind>
<opcode="getelementptr(29) " fcode="getelementptr"/>
<opset="input_addr/1 "/>
</bind>
</comp>

<comp id="52" class="1004" name="grp_access_fu_52">
<pin_list>
<pin id="53" dir="0" index="0" bw="4" slack="0"/>
<pin id="54" dir="0" index="1" bw="16" slack="2147483647"/>
<pin id="65" dir="0" index="3" bw="4" slack="0"/>
<pin id="66" dir="0" index="4" bw="16" slack="2147483647"/>
<pin id="55" dir="1" index="2" bw="16" slack="0"/>
<pin id="67" dir="1" index="5" bw="16" slack="0"/>
</pin_list>
<bind>
<opcode="load(27) " fcode="load"/>
<opset="input_load/1 input_load_1/1 input_load_2/2 input_load_3/2 input_load_4/3 input_load_5/3 input_load_6/4 input_load_7/4 input_load_8/5 input_load_9/5 input_load_10/6 input_load_11/6 input_load_12/7 input_load_13/7 input_load_14/8 input_load_15/8 "/>
</bind>
</comp>

<comp id="57" class="1004" name="input_addr_1_gep_fu_57">
<pin_list>
<pin id="58" dir="0" index="0" bw="16" slack="0"/>
<pin id="59" dir="0" index="1" bw="1" slack="0"/>
<pin id="60" dir="0" index="2" bw="1" slack="0"/>
<pin id="61" dir="1" index="3" bw="4" slack="0"/>
</pin_list>
<bind>
<opcode="getelementptr(29) " fcode="getelementptr"/>
<opset="input_addr_1/1 "/>
</bind>
</comp>

<comp id="69" class="1004" name="input_addr_2_gep_fu_69">
<pin_list>
<pin id="70" dir="0" index="0" bw="16" slack="0"/>
<pin id="71" dir="0" index="1" bw="1" slack="0"/>
<pin id="72" dir="0" index="2" bw="3" slack="0"/>
<pin id="73" dir="1" index="3" bw="4" slack="0"/>
</pin_list>
<bind>
<opcode="getelementptr(29) " fcode="getelementptr"/>
<opset="input_addr_2/2 "/>
</bind>
</comp>

<comp id="78" class="1004" name="input_addr_3_gep_fu_78">
<pin_list>
<pin id="79" dir="0" index="0" bw="16" slack="0"/>
<pin id="80" dir="0" index="1" bw="1" slack="0"/>
<pin id="81" dir="0" index="2" bw="3" slack="0"/>
<pin id="82" dir="1" index="3" bw="4" slack="0"/>
</pin_list>
<bind>
<opcode="getelementptr(29) " fcode="getelementptr"/>
<opset="input_addr_3/2 "/>
</bind>
</comp>

<comp id="87" class="1004" name="input_addr_4_gep_fu_87">
<pin_list>
<pin id="88" dir="0" index="0" bw="16" slack="0"/>
<pin id="89" dir="0" index="1" bw="1" slack="0"/>
<pin id="90" dir="0" index="2" bw="4" slack="0"/>
<pin id="91" dir="1" index="3" bw="4" slack="0"/>
</pin_list>
<bind>
<opcode="getelementptr(29) " fcode="getelementptr"/>
<opset="input_addr_4/3 "/>
</bind>
</comp>

<comp id="96" class="1004" name="input_addr_5_gep_fu_96">
<pin_list>
<pin id="97" dir="0" index="0" bw="16" slack="0"/>
<pin id="98" dir="0" index="1" bw="1" slack="0"/>
<pin id="99" dir="0" index="2" bw="4" slack="0"/>
<pin id="100" dir="1" index="3" bw="4" slack="0"/>
</pin_list>
<bind>
<opcode="getelementptr(29) " fcode="getelementptr"/>
<opset="input_addr_5/3 "/>
</bind>
</comp>

<comp id="105" class="1004" name="input_addr_6_gep_fu_105">
<pin_list>
<pin id="106" dir="0" index="0" bw="16" slack="0"/>
<pin id="107" dir="0" index="1" bw="1" slack="0"/>
<pin id="108" dir="0" index="2" bw="4" slack="0"/>
<pin id="109" dir="1" index="3" bw="4" slack="0"/>
</pin_list>
<bind>
<opcode="getelementptr(29) " fcode="getelementptr"/>
<opset="input_addr_6/4 "/>
</bind>
</comp>

<comp id="114" class="1004" name="input_addr_7_gep_fu_114">
<pin_list>
<pin id="115" dir="0" index="0" bw="16" slack="0"/>
<pin id="116" dir="0" index="1" bw="1" slack="0"/>
<pin id="117" dir="0" index="2" bw="4" slack="0"/>
<pin id="118" dir="1" index="3" bw="4" slack="0"/>
</pin_list>
<bind>
<opcode="getelementptr(29) " fcode="getelementptr"/>
<opset="input_addr_7/4 "/>
</bind>
</comp>

<comp id="123" class="1004" name="input_addr_8_gep_fu_123">
<pin_list>
<pin id="124" dir="0" index="0" bw="16" slack="0"/>
<pin id="125" dir="0" index="1" bw="1" slack="0"/>
<pin id="126" dir="0" index="2" bw="5" slack="0"/>
<pin id="127" dir="1" index="3" bw="4" slack="0"/>
</pin_list>
<bind>
<opcode="getelementptr(29) " fcode="getelementptr"/>
<opset="input_addr_8/5 "/>
</bind>
</comp>

<comp id="132" class="1004" name="input_addr_9_gep_fu_132">
<pin_list>
<pin id="133" dir="0" index="0" bw="16" slack="0"/>
<pin id="134" dir="0" index="1" bw="1" slack="0"/>
<pin id="135" dir="0" index="2" bw="5" slack="0"/>
<pin id="136" dir="1" index="3" bw="4" slack="0"/>
</pin_list>
<bind>
<opcode="getelementptr(29) " fcode="getelementptr"/>
<opset="input_addr_9/5 "/>
</bind>
</comp>

<comp id="141" class="1004" name="input_addr_10_gep_fu_141">
<pin_list>
<pin id="142" dir="0" index="0" bw="16" slack="0"/>
<pin id="143" dir="0" index="1" bw="1" slack="0"/>
<pin id="144" dir="0" index="2" bw="5" slack="0"/>
<pin id="145" dir="1" index="3" bw="4" slack="0"/>
</pin_list>
<bind>
<opcode="getelementptr(29) " fcode="getelementptr"/>
<opset="input_addr_10/6 "/>
</bind>
</comp>

<comp id="150" class="1004" name="input_addr_11_gep_fu_150">
<pin_list>
<pin id="151" dir="0" index="0" bw="16" slack="0"/>
<pin id="152" dir="0" index="1" bw="1" slack="0"/>
<pin id="153" dir="0" index="2" bw="5" slack="0"/>
<pin id="154" dir="1" index="3" bw="4" slack="0"/>
</pin_list>
<bind>
<opcode="getelementptr(29) " fcode="getelementptr"/>
<opset="input_addr_11/6 "/>
</bind>
</comp>

<comp id="159" class="1004" name="input_addr_12_gep_fu_159">
<pin_list>
<pin id="160" dir="0" index="0" bw="16" slack="0"/>
<pin id="161" dir="0" index="1" bw="1" slack="0"/>
<pin id="162" dir="0" index="2" bw="5" slack="0"/>
<pin id="163" dir="1" index="3" bw="4" slack="0"/>
</pin_list>
<bind>
<opcode="getelementptr(29) " fcode="getelementptr"/>
<opset="input_addr_12/7 "/>
</bind>
</comp>

<comp id="168" class="1004" name="input_addr_13_gep_fu_168">
<pin_list>
<pin id="169" dir="0" index="0" bw="16" slack="0"/>
<pin id="170" dir="0" index="1" bw="1" slack="0"/>
<pin id="171" dir="0" index="2" bw="5" slack="0"/>
<pin id="172" dir="1" index="3" bw="4" slack="0"/>
</pin_list>
<bind>
<opcode="getelementptr(29) " fcode="getelementptr"/>
<opset="input_addr_13/7 "/>
</bind>
</comp>

<comp id="177" class="1004" name="input_addr_14_gep_fu_177">
<pin_list>
<pin id="178" dir="0" index="0" bw="16" slack="0"/>
<pin id="179" dir="0" index="1" bw="1" slack="0"/>
<pin id="180" dir="0" index="2" bw="5" slack="0"/>
<pin id="181" dir="1" index="3" bw="4" slack="0"/>
</pin_list>
<bind>
<opcode="getelementptr(29) " fcode="getelementptr"/>
<opset="input_addr_14/8 "/>
</bind>
</comp>

<comp id="186" class="1004" name="input_addr_15_gep_fu_186">
<pin_list>
<pin id="187" dir="0" index="0" bw="16" slack="0"/>
<pin id="188" dir="0" index="1" bw="1" slack="0"/>
<pin id="189" dir="0" index="2" bw="5" slack="0"/>
<pin id="190" dir="1" index="3" bw="4" slack="0"/>
</pin_list>
<bind>
<opcode="getelementptr(29) " fcode="getelementptr"/>
<opset="input_addr_15/8 "/>
</bind>
</comp>

<comp id="195" class="1004" name="mrv_fu_195">
<pin_list>
<pin id="196" dir="0" index="0" bw="256" slack="0"/>
<pin id="197" dir="0" index="1" bw="16" slack="7"/>
<pin id="198" dir="1" index="2" bw="256" slack="0"/>
</pin_list>
<bind>
<opcode="insertvalue(57) " fcode="insertvalue"/>
<opset="mrv/9 "/>
</bind>
</comp>

<comp id="200" class="1004" name="mrv_1_fu_200">
<pin_list>
<pin id="201" dir="0" index="0" bw="256" slack="0"/>
<pin id="202" dir="0" index="1" bw="16" slack="7"/>
<pin id="203" dir="1" index="2" bw="256" slack="0"/>
</pin_list>
<bind>
<opcode="insertvalue(57) " fcode="insertvalue"/>
<opset="mrv_1/9 "/>
</bind>
</comp>

<comp id="205" class="1004" name="mrv_2_fu_205">
<pin_list>
<pin id="206" dir="0" index="0" bw="256" slack="0"/>
<pin id="207" dir="0" index="1" bw="16" slack="6"/>
<pin id="208" dir="1" index="2" bw="256" slack="0"/>
</pin_list>
<bind>
<opcode="insertvalue(57) " fcode="insertvalue"/>
<opset="mrv_2/9 "/>
</bind>
</comp>

<comp id="210" class="1004" name="mrv_3_fu_210">
<pin_list>
<pin id="211" dir="0" index="0" bw="256" slack="0"/>
<pin id="212" dir="0" index="1" bw="16" slack="6"/>
<pin id="213" dir="1" index="2" bw="256" slack="0"/>
</pin_list>
<bind>
<opcode="insertvalue(57) " fcode="insertvalue"/>
<opset="mrv_3/9 "/>
</bind>
</comp>

<comp id="215" class="1004" name="mrv_4_fu_215">
<pin_list>
<pin id="216" dir="0" index="0" bw="256" slack="0"/>
<pin id="217" dir="0" index="1" bw="16" slack="5"/>
<pin id="218" dir="1" index="2" bw="256" slack="0"/>
</pin_list>
<bind>
<opcode="insertvalue(57) " fcode="insertvalue"/>
<opset="mrv_4/9 "/>
</bind>
</comp>

<comp id="220" class="1004" name="mrv_5_fu_220">
<pin_list>
<pin id="221" dir="0" index="0" bw="256" slack="0"/>
<pin id="222" dir="0" index="1" bw="16" slack="5"/>
<pin id="223" dir="1" index="2" bw="256" slack="0"/>
</pin_list>
<bind>
<opcode="insertvalue(57) " fcode="insertvalue"/>
<opset="mrv_5/9 "/>
</bind>
</comp>

<comp id="225" class="1004" name="mrv_6_fu_225">
<pin_list>
<pin id="226" dir="0" index="0" bw="256" slack="0"/>
<pin id="227" dir="0" index="1" bw="16" slack="4"/>
<pin id="228" dir="1" index="2" bw="256" slack="0"/>
</pin_list>
<bind>
<opcode="insertvalue(57) " fcode="insertvalue"/>
<opset="mrv_6/9 "/>
</bind>
</comp>

<comp id="230" class="1004" name="mrv_7_fu_230">
<pin_list>
<pin id="231" dir="0" index="0" bw="256" slack="0"/>
<pin id="232" dir="0" index="1" bw="16" slack="4"/>
<pin id="233" dir="1" index="2" bw="256" slack="0"/>
</pin_list>
<bind>
<opcode="insertvalue(57) " fcode="insertvalue"/>
<opset="mrv_7/9 "/>
</bind>
</comp>

<comp id="235" class="1004" name="mrv_8_fu_235">
<pin_list>
<pin id="236" dir="0" index="0" bw="256" slack="0"/>
<pin id="237" dir="0" index="1" bw="16" slack="3"/>
<pin id="238" dir="1" index="2" bw="256" slack="0"/>
</pin_list>
<bind>
<opcode="insertvalue(57) " fcode="insertvalue"/>
<opset="mrv_8/9 "/>
</bind>
</comp>

<comp id="240" class="1004" name="mrv_9_fu_240">
<pin_list>
<pin id="241" dir="0" index="0" bw="256" slack="0"/>
<pin id="242" dir="0" index="1" bw="16" slack="3"/>
<pin id="243" dir="1" index="2" bw="256" slack="0"/>
</pin_list>
<bind>
<opcode="insertvalue(57) " fcode="insertvalue"/>
<opset="mrv_9/9 "/>
</bind>
</comp>

<comp id="245" class="1004" name="mrv_s_fu_245">
<pin_list>
<pin id="246" dir="0" index="0" bw="256" slack="0"/>
<pin id="247" dir="0" index="1" bw="16" slack="2"/>
<pin id="248" dir="1" index="2" bw="256" slack="0"/>
</pin_list>
<bind>
<opcode="insertvalue(57) " fcode="insertvalue"/>
<opset="mrv_s/9 "/>
</bind>
</comp>

<comp id="250" class="1004" name="mrv_10_fu_250">
<pin_list>
<pin id="251" dir="0" index="0" bw="256" slack="0"/>
<pin id="252" dir="0" index="1" bw="16" slack="2"/>
<pin id="253" dir="1" index="2" bw="256" slack="0"/>
</pin_list>
<bind>
<opcode="insertvalue(57) " fcode="insertvalue"/>
<opset="mrv_10/9 "/>
</bind>
</comp>

<comp id="255" class="1004" name="mrv_11_fu_255">
<pin_list>
<pin id="256" dir="0" index="0" bw="256" slack="0"/>
<pin id="257" dir="0" index="1" bw="16" slack="1"/>
<pin id="258" dir="1" index="2" bw="256" slack="0"/>
</pin_list>
<bind>
<opcode="insertvalue(57) " fcode="insertvalue"/>
<opset="mrv_11/9 "/>
</bind>
</comp>

<comp id="260" class="1004" name="mrv_12_fu_260">
<pin_list>
<pin id="261" dir="0" index="0" bw="256" slack="0"/>
<pin id="262" dir="0" index="1" bw="16" slack="1"/>
<pin id="263" dir="1" index="2" bw="256" slack="0"/>
</pin_list>
<bind>
<opcode="insertvalue(57) " fcode="insertvalue"/>
<opset="mrv_12/9 "/>
</bind>
</comp>

<comp id="265" class="1004" name="mrv_13_fu_265">
<pin_list>
<pin id="266" dir="0" index="0" bw="256" slack="0"/>
<pin id="267" dir="0" index="1" bw="16" slack="0"/>
<pin id="268" dir="1" index="2" bw="256" slack="0"/>
</pin_list>
<bind>
<opcode="insertvalue(57) " fcode="insertvalue"/>
<opset="mrv_13/9 "/>
</bind>
</comp>

<comp id="271" class="1004" name="mrv_14_fu_271">
<pin_list>
<pin id="272" dir="0" index="0" bw="256" slack="0"/>
<pin id="273" dir="0" index="1" bw="16" slack="0"/>
<pin id="274" dir="1" index="2" bw="256" slack="2147483647"/>
</pin_list>
<bind>
<opcode="insertvalue(57) " fcode="insertvalue"/>
<opset="mrv_14/9 "/>
</bind>
</comp>

<comp id="277" class="1005" name="input_addr_reg_277">
<pin_list>
<pin id="278" dir="0" index="0" bw="4" slack="1"/>
<pin id="279" dir="1" index="1" bw="4" slack="1"/>
</pin_list>
<bind>
<opset="input_addr "/>
</bind>
</comp>

<comp id="282" class="1005" name="input_addr_1_reg_282">
<pin_list>
<pin id="283" dir="0" index="0" bw="4" slack="1"/>
<pin id="284" dir="1" index="1" bw="4" slack="1"/>
</pin_list>
<bind>
<opset="input_addr_1 "/>
</bind>
</comp>

<comp id="287" class="1005" name="input_load_reg_287">
<pin_list>
<pin id="288" dir="0" index="0" bw="16" slack="7"/>
<pin id="289" dir="1" index="1" bw="16" slack="7"/>
</pin_list>
<bind>
<opset="input_load "/>
</bind>
</comp>

<comp id="292" class="1005" name="input_load_1_reg_292">
<pin_list>
<pin id="293" dir="0" index="0" bw="16" slack="7"/>
<pin id="294" dir="1" index="1" bw="16" slack="7"/>
</pin_list>
<bind>
<opset="input_load_1 "/>
</bind>
</comp>

<comp id="297" class="1005" name="input_addr_2_reg_297">
<pin_list>
<pin id="298" dir="0" index="0" bw="4" slack="1"/>
<pin id="299" dir="1" index="1" bw="4" slack="1"/>
</pin_list>
<bind>
<opset="input_addr_2 "/>
</bind>
</comp>

<comp id="302" class="1005" name="input_addr_3_reg_302">
<pin_list>
<pin id="303" dir="0" index="0" bw="4" slack="1"/>
<pin id="304" dir="1" index="1" bw="4" slack="1"/>
</pin_list>
<bind>
<opset="input_addr_3 "/>
</bind>
</comp>

<comp id="307" class="1005" name="input_load_2_reg_307">
<pin_list>
<pin id="308" dir="0" index="0" bw="16" slack="6"/>
<pin id="309" dir="1" index="1" bw="16" slack="6"/>
</pin_list>
<bind>
<opset="input_load_2 "/>
</bind>
</comp>

<comp id="312" class="1005" name="input_load_3_reg_312">
<pin_list>
<pin id="313" dir="0" index="0" bw="16" slack="6"/>
<pin id="314" dir="1" index="1" bw="16" slack="6"/>
</pin_list>
<bind>
<opset="input_load_3 "/>
</bind>
</comp>

<comp id="317" class="1005" name="input_addr_4_reg_317">
<pin_list>
<pin id="318" dir="0" index="0" bw="4" slack="1"/>
<pin id="319" dir="1" index="1" bw="4" slack="1"/>
</pin_list>
<bind>
<opset="input_addr_4 "/>
</bind>
</comp>

<comp id="322" class="1005" name="input_addr_5_reg_322">
<pin_list>
<pin id="323" dir="0" index="0" bw="4" slack="1"/>
<pin id="324" dir="1" index="1" bw="4" slack="1"/>
</pin_list>
<bind>
<opset="input_addr_5 "/>
</bind>
</comp>

<comp id="327" class="1005" name="input_load_4_reg_327">
<pin_list>
<pin id="328" dir="0" index="0" bw="16" slack="5"/>
<pin id="329" dir="1" index="1" bw="16" slack="5"/>
</pin_list>
<bind>
<opset="input_load_4 "/>
</bind>
</comp>

<comp id="332" class="1005" name="input_load_5_reg_332">
<pin_list>
<pin id="333" dir="0" index="0" bw="16" slack="5"/>
<pin id="334" dir="1" index="1" bw="16" slack="5"/>
</pin_list>
<bind>
<opset="input_load_5 "/>
</bind>
</comp>

<comp id="337" class="1005" name="input_addr_6_reg_337">
<pin_list>
<pin id="338" dir="0" index="0" bw="4" slack="1"/>
<pin id="339" dir="1" index="1" bw="4" slack="1"/>
</pin_list>
<bind>
<opset="input_addr_6 "/>
</bind>
</comp>

<comp id="342" class="1005" name="input_addr_7_reg_342">
<pin_list>
<pin id="343" dir="0" index="0" bw="4" slack="1"/>
<pin id="344" dir="1" index="1" bw="4" slack="1"/>
</pin_list>
<bind>
<opset="input_addr_7 "/>
</bind>
</comp>

<comp id="347" class="1005" name="input_load_6_reg_347">
<pin_list>
<pin id="348" dir="0" index="0" bw="16" slack="4"/>
<pin id="349" dir="1" index="1" bw="16" slack="4"/>
</pin_list>
<bind>
<opset="input_load_6 "/>
</bind>
</comp>

<comp id="352" class="1005" name="input_load_7_reg_352">
<pin_list>
<pin id="353" dir="0" index="0" bw="16" slack="4"/>
<pin id="354" dir="1" index="1" bw="16" slack="4"/>
</pin_list>
<bind>
<opset="input_load_7 "/>
</bind>
</comp>

<comp id="357" class="1005" name="input_addr_8_reg_357">
<pin_list>
<pin id="358" dir="0" index="0" bw="4" slack="1"/>
<pin id="359" dir="1" index="1" bw="4" slack="1"/>
</pin_list>
<bind>
<opset="input_addr_8 "/>
</bind>
</comp>

<comp id="362" class="1005" name="input_addr_9_reg_362">
<pin_list>
<pin id="363" dir="0" index="0" bw="4" slack="1"/>
<pin id="364" dir="1" index="1" bw="4" slack="1"/>
</pin_list>
<bind>
<opset="input_addr_9 "/>
</bind>
</comp>

<comp id="367" class="1005" name="input_load_8_reg_367">
<pin_list>
<pin id="368" dir="0" index="0" bw="16" slack="3"/>
<pin id="369" dir="1" index="1" bw="16" slack="3"/>
</pin_list>
<bind>
<opset="input_load_8 "/>
</bind>
</comp>

<comp id="372" class="1005" name="input_load_9_reg_372">
<pin_list>
<pin id="373" dir="0" index="0" bw="16" slack="3"/>
<pin id="374" dir="1" index="1" bw="16" slack="3"/>
</pin_list>
<bind>
<opset="input_load_9 "/>
</bind>
</comp>

<comp id="377" class="1005" name="input_addr_10_reg_377">
<pin_list>
<pin id="378" dir="0" index="0" bw="4" slack="1"/>
<pin id="379" dir="1" index="1" bw="4" slack="1"/>
</pin_list>
<bind>
<opset="input_addr_10 "/>
</bind>
</comp>

<comp id="382" class="1005" name="input_addr_11_reg_382">
<pin_list>
<pin id="383" dir="0" index="0" bw="4" slack="1"/>
<pin id="384" dir="1" index="1" bw="4" slack="1"/>
</pin_list>
<bind>
<opset="input_addr_11 "/>
</bind>
</comp>

<comp id="387" class="1005" name="input_load_10_reg_387">
<pin_list>
<pin id="388" dir="0" index="0" bw="16" slack="2"/>
<pin id="389" dir="1" index="1" bw="16" slack="2"/>
</pin_list>
<bind>
<opset="input_load_10 "/>
</bind>
</comp>

<comp id="392" class="1005" name="input_load_11_reg_392">
<pin_list>
<pin id="393" dir="0" index="0" bw="16" slack="2"/>
<pin id="394" dir="1" index="1" bw="16" slack="2"/>
</pin_list>
<bind>
<opset="input_load_11 "/>
</bind>
</comp>

<comp id="397" class="1005" name="input_addr_12_reg_397">
<pin_list>
<pin id="398" dir="0" index="0" bw="4" slack="1"/>
<pin id="399" dir="1" index="1" bw="4" slack="1"/>
</pin_list>
<bind>
<opset="input_addr_12 "/>
</bind>
</comp>

<comp id="402" class="1005" name="input_addr_13_reg_402">
<pin_list>
<pin id="403" dir="0" index="0" bw="4" slack="1"/>
<pin id="404" dir="1" index="1" bw="4" slack="1"/>
</pin_list>
<bind>
<opset="input_addr_13 "/>
</bind>
</comp>

<comp id="407" class="1005" name="input_load_12_reg_407">
<pin_list>
<pin id="408" dir="0" index="0" bw="16" slack="1"/>
<pin id="409" dir="1" index="1" bw="16" slack="1"/>
</pin_list>
<bind>
<opset="input_load_12 "/>
</bind>
</comp>

<comp id="412" class="1005" name="input_load_13_reg_412">
<pin_list>
<pin id="413" dir="0" index="0" bw="16" slack="1"/>
<pin id="414" dir="1" index="1" bw="16" slack="1"/>
</pin_list>
<bind>
<opset="input_load_13 "/>
</bind>
</comp>

<comp id="417" class="1005" name="input_addr_14_reg_417">
<pin_list>
<pin id="418" dir="0" index="0" bw="4" slack="1"/>
<pin id="419" dir="1" index="1" bw="4" slack="1"/>
</pin_list>
<bind>
<opset="input_addr_14 "/>
</bind>
</comp>

<comp id="422" class="1005" name="input_addr_15_reg_422">
<pin_list>
<pin id="423" dir="0" index="0" bw="4" slack="1"/>
<pin id="424" dir="1" index="1" bw="4" slack="1"/>
</pin_list>
<bind>
<opset="input_addr_15 "/>
</bind>
</comp>

</comp_list>

<net_list>
<net id="49"><net_src comp="0" pin="0"/><net_sink comp="44" pin=0"/></net>

<net id="50"><net_src comp="2" pin="0"/><net_sink comp="44" pin=1"/></net>

<net id="51"><net_src comp="2" pin="0"/><net_sink comp="44" pin=2"/></net>

<net id="56"><net_src comp="44" pin="3"/><net_sink comp="52" pin=0"/></net>

<net id="62"><net_src comp="0" pin="0"/><net_sink comp="57" pin=0"/></net>

<net id="63"><net_src comp="2" pin="0"/><net_sink comp="57" pin=1"/></net>

<net id="64"><net_src comp="4" pin="0"/><net_sink comp="57" pin=2"/></net>

<net id="68"><net_src comp="57" pin="3"/><net_sink comp="52" pin=3"/></net>

<net id="74"><net_src comp="0" pin="0"/><net_sink comp="69" pin=0"/></net>

<net id="75"><net_src comp="2" pin="0"/><net_sink comp="69" pin=1"/></net>

<net id="76"><net_src comp="6" pin="0"/><net_sink comp="69" pin=2"/></net>

<net id="77"><net_src comp="69" pin="3"/><net_sink comp="52" pin=0"/></net>

<net id="83"><net_src comp="0" pin="0"/><net_sink comp="78" pin=0"/></net>

<net id="84"><net_src comp="2" pin="0"/><net_sink comp="78" pin=1"/></net>

<net id="85"><net_src comp="8" pin="0"/><net_sink comp="78" pin=2"/></net>

<net id="86"><net_src comp="78" pin="3"/><net_sink comp="52" pin=3"/></net>

<net id="92"><net_src comp="0" pin="0"/><net_sink comp="87" pin=0"/></net>

<net id="93"><net_src comp="2" pin="0"/><net_sink comp="87" pin=1"/></net>

<net id="94"><net_src comp="10" pin="0"/><net_sink comp="87" pin=2"/></net>

<net id="95"><net_src comp="87" pin="3"/><net_sink comp="52" pin=0"/></net>

<net id="101"><net_src comp="0" pin="0"/><net_sink comp="96" pin=0"/></net>

<net id="102"><net_src comp="2" pin="0"/><net_sink comp="96" pin=1"/></net>

<net id="103"><net_src comp="12" pin="0"/><net_sink comp="96" pin=2"/></net>

<net id="104"><net_src comp="96" pin="3"/><net_sink comp="52" pin=3"/></net>

<net id="110"><net_src comp="0" pin="0"/><net_sink comp="105" pin=0"/></net>

<net id="111"><net_src comp="2" pin="0"/><net_sink comp="105" pin=1"/></net>

<net id="112"><net_src comp="14" pin="0"/><net_sink comp="105" pin=2"/></net>

<net id="113"><net_src comp="105" pin="3"/><net_sink comp="52" pin=0"/></net>

<net id="119"><net_src comp="0" pin="0"/><net_sink comp="114" pin=0"/></net>

<net id="120"><net_src comp="2" pin="0"/><net_sink comp="114" pin=1"/></net>

<net id="121"><net_src comp="16" pin="0"/><net_sink comp="114" pin=2"/></net>

<net id="122"><net_src comp="114" pin="3"/><net_sink comp="52" pin=3"/></net>

<net id="128"><net_src comp="0" pin="0"/><net_sink comp="123" pin=0"/></net>

<net id="129"><net_src comp="2" pin="0"/><net_sink comp="123" pin=1"/></net>

<net id="130"><net_src comp="18" pin="0"/><net_sink comp="123" pin=2"/></net>

<net id="131"><net_src comp="123" pin="3"/><net_sink comp="52" pin=0"/></net>

<net id="137"><net_src comp="0" pin="0"/><net_sink comp="132" pin=0"/></net>

<net id="138"><net_src comp="2" pin="0"/><net_sink comp="132" pin=1"/></net>

<net id="139"><net_src comp="20" pin="0"/><net_sink comp="132" pin=2"/></net>

<net id="140"><net_src comp="132" pin="3"/><net_sink comp="52" pin=3"/></net>

<net id="146"><net_src comp="0" pin="0"/><net_sink comp="141" pin=0"/></net>

<net id="147"><net_src comp="2" pin="0"/><net_sink comp="141" pin=1"/></net>

<net id="148"><net_src comp="22" pin="0"/><net_sink comp="141" pin=2"/></net>

<net id="149"><net_src comp="141" pin="3"/><net_sink comp="52" pin=0"/></net>

<net id="155"><net_src comp="0" pin="0"/><net_sink comp="150" pin=0"/></net>

<net id="156"><net_src comp="2" pin="0"/><net_sink comp="150" pin=1"/></net>

<net id="157"><net_src comp="24" pin="0"/><net_sink comp="150" pin=2"/></net>

<net id="158"><net_src comp="150" pin="3"/><net_sink comp="52" pin=3"/></net>

<net id="164"><net_src comp="0" pin="0"/><net_sink comp="159" pin=0"/></net>

<net id="165"><net_src comp="2" pin="0"/><net_sink comp="159" pin=1"/></net>

<net id="166"><net_src comp="26" pin="0"/><net_sink comp="159" pin=2"/></net>

<net id="167"><net_src comp="159" pin="3"/><net_sink comp="52" pin=0"/></net>

<net id="173"><net_src comp="0" pin="0"/><net_sink comp="168" pin=0"/></net>

<net id="174"><net_src comp="2" pin="0"/><net_sink comp="168" pin=1"/></net>

<net id="175"><net_src comp="28" pin="0"/><net_sink comp="168" pin=2"/></net>

<net id="176"><net_src comp="168" pin="3"/><net_sink comp="52" pin=3"/></net>

<net id="182"><net_src comp="0" pin="0"/><net_sink comp="177" pin=0"/></net>

<net id="183"><net_src comp="2" pin="0"/><net_sink comp="177" pin=1"/></net>

<net id="184"><net_src comp="30" pin="0"/><net_sink comp="177" pin=2"/></net>

<net id="185"><net_src comp="177" pin="3"/><net_sink comp="52" pin=0"/></net>

<net id="191"><net_src comp="0" pin="0"/><net_sink comp="186" pin=0"/></net>

<net id="192"><net_src comp="2" pin="0"/><net_sink comp="186" pin=1"/></net>

<net id="193"><net_src comp="32" pin="0"/><net_sink comp="186" pin=2"/></net>

<net id="194"><net_src comp="186" pin="3"/><net_sink comp="52" pin=3"/></net>

<net id="199"><net_src comp="42" pin="0"/><net_sink comp="195" pin=0"/></net>

<net id="204"><net_src comp="195" pin="2"/><net_sink comp="200" pin=0"/></net>

<net id="209"><net_src comp="200" pin="2"/><net_sink comp="205" pin=0"/></net>

<net id="214"><net_src comp="205" pin="2"/><net_sink comp="210" pin=0"/></net>

<net id="219"><net_src comp="210" pin="2"/><net_sink comp="215" pin=0"/></net>

<net id="224"><net_src comp="215" pin="2"/><net_sink comp="220" pin=0"/></net>

<net id="229"><net_src comp="220" pin="2"/><net_sink comp="225" pin=0"/></net>

<net id="234"><net_src comp="225" pin="2"/><net_sink comp="230" pin=0"/></net>

<net id="239"><net_src comp="230" pin="2"/><net_sink comp="235" pin=0"/></net>

<net id="244"><net_src comp="235" pin="2"/><net_sink comp="240" pin=0"/></net>

<net id="249"><net_src comp="240" pin="2"/><net_sink comp="245" pin=0"/></net>

<net id="254"><net_src comp="245" pin="2"/><net_sink comp="250" pin=0"/></net>

<net id="259"><net_src comp="250" pin="2"/><net_sink comp="255" pin=0"/></net>

<net id="264"><net_src comp="255" pin="2"/><net_sink comp="260" pin=0"/></net>

<net id="269"><net_src comp="260" pin="2"/><net_sink comp="265" pin=0"/></net>

<net id="270"><net_src comp="52" pin="2"/><net_sink comp="265" pin=1"/></net>

<net id="275"><net_src comp="265" pin="2"/><net_sink comp="271" pin=0"/></net>

<net id="276"><net_src comp="52" pin="5"/><net_sink comp="271" pin=1"/></net>

<net id="280"><net_src comp="44" pin="3"/><net_sink comp="277" pin=0"/></net>

<net id="281"><net_src comp="277" pin="1"/><net_sink comp="52" pin=0"/></net>

<net id="285"><net_src comp="57" pin="3"/><net_sink comp="282" pin=0"/></net>

<net id="286"><net_src comp="282" pin="1"/><net_sink comp="52" pin=3"/></net>

<net id="290"><net_src comp="52" pin="2"/><net_sink comp="287" pin=0"/></net>

<net id="291"><net_src comp="287" pin="1"/><net_sink comp="195" pin=1"/></net>

<net id="295"><net_src comp="52" pin="5"/><net_sink comp="292" pin=0"/></net>

<net id="296"><net_src comp="292" pin="1"/><net_sink comp="200" pin=1"/></net>

<net id="300"><net_src comp="69" pin="3"/><net_sink comp="297" pin=0"/></net>

<net id="301"><net_src comp="297" pin="1"/><net_sink comp="52" pin=0"/></net>

<net id="305"><net_src comp="78" pin="3"/><net_sink comp="302" pin=0"/></net>

<net id="306"><net_src comp="302" pin="1"/><net_sink comp="52" pin=3"/></net>

<net id="310"><net_src comp="52" pin="2"/><net_sink comp="307" pin=0"/></net>

<net id="311"><net_src comp="307" pin="1"/><net_sink comp="205" pin=1"/></net>

<net id="315"><net_src comp="52" pin="5"/><net_sink comp="312" pin=0"/></net>

<net id="316"><net_src comp="312" pin="1"/><net_sink comp="210" pin=1"/></net>

<net id="320"><net_src comp="87" pin="3"/><net_sink comp="317" pin=0"/></net>

<net id="321"><net_src comp="317" pin="1"/><net_sink comp="52" pin=0"/></net>

<net id="325"><net_src comp="96" pin="3"/><net_sink comp="322" pin=0"/></net>

<net id="326"><net_src comp="322" pin="1"/><net_sink comp="52" pin=3"/></net>

<net id="330"><net_src comp="52" pin="2"/><net_sink comp="327" pin=0"/></net>

<net id="331"><net_src comp="327" pin="1"/><net_sink comp="215" pin=1"/></net>

<net id="335"><net_src comp="52" pin="5"/><net_sink comp="332" pin=0"/></net>

<net id="336"><net_src comp="332" pin="1"/><net_sink comp="220" pin=1"/></net>

<net id="340"><net_src comp="105" pin="3"/><net_sink comp="337" pin=0"/></net>

<net id="341"><net_src comp="337" pin="1"/><net_sink comp="52" pin=0"/></net>

<net id="345"><net_src comp="114" pin="3"/><net_sink comp="342" pin=0"/></net>

<net id="346"><net_src comp="342" pin="1"/><net_sink comp="52" pin=3"/></net>

<net id="350"><net_src comp="52" pin="2"/><net_sink comp="347" pin=0"/></net>

<net id="351"><net_src comp="347" pin="1"/><net_sink comp="225" pin=1"/></net>

<net id="355"><net_src comp="52" pin="5"/><net_sink comp="352" pin=0"/></net>

<net id="356"><net_src comp="352" pin="1"/><net_sink comp="230" pin=1"/></net>

<net id="360"><net_src comp="123" pin="3"/><net_sink comp="357" pin=0"/></net>

<net id="361"><net_src comp="357" pin="1"/><net_sink comp="52" pin=0"/></net>

<net id="365"><net_src comp="132" pin="3"/><net_sink comp="362" pin=0"/></net>

<net id="366"><net_src comp="362" pin="1"/><net_sink comp="52" pin=3"/></net>

<net id="370"><net_src comp="52" pin="2"/><net_sink comp="367" pin=0"/></net>

<net id="371"><net_src comp="367" pin="1"/><net_sink comp="235" pin=1"/></net>

<net id="375"><net_src comp="52" pin="5"/><net_sink comp="372" pin=0"/></net>

<net id="376"><net_src comp="372" pin="1"/><net_sink comp="240" pin=1"/></net>

<net id="380"><net_src comp="141" pin="3"/><net_sink comp="377" pin=0"/></net>

<net id="381"><net_src comp="377" pin="1"/><net_sink comp="52" pin=0"/></net>

<net id="385"><net_src comp="150" pin="3"/><net_sink comp="382" pin=0"/></net>

<net id="386"><net_src comp="382" pin="1"/><net_sink comp="52" pin=3"/></net>

<net id="390"><net_src comp="52" pin="2"/><net_sink comp="387" pin=0"/></net>

<net id="391"><net_src comp="387" pin="1"/><net_sink comp="245" pin=1"/></net>

<net id="395"><net_src comp="52" pin="5"/><net_sink comp="392" pin=0"/></net>

<net id="396"><net_src comp="392" pin="1"/><net_sink comp="250" pin=1"/></net>

<net id="400"><net_src comp="159" pin="3"/><net_sink comp="397" pin=0"/></net>

<net id="401"><net_src comp="397" pin="1"/><net_sink comp="52" pin=0"/></net>

<net id="405"><net_src comp="168" pin="3"/><net_sink comp="402" pin=0"/></net>

<net id="406"><net_src comp="402" pin="1"/><net_sink comp="52" pin=3"/></net>

<net id="410"><net_src comp="52" pin="2"/><net_sink comp="407" pin=0"/></net>

<net id="411"><net_src comp="407" pin="1"/><net_sink comp="255" pin=1"/></net>

<net id="415"><net_src comp="52" pin="5"/><net_sink comp="412" pin=0"/></net>

<net id="416"><net_src comp="412" pin="1"/><net_sink comp="260" pin=1"/></net>

<net id="420"><net_src comp="177" pin="3"/><net_sink comp="417" pin=0"/></net>

<net id="421"><net_src comp="417" pin="1"/><net_sink comp="52" pin=0"/></net>

<net id="425"><net_src comp="186" pin="3"/><net_sink comp="422" pin=0"/></net>

<net id="426"><net_src comp="422" pin="1"/><net_sink comp="52" pin=3"/></net>

</net_list>

</model> 
---------------- Datapath Model END ------------------

* FSMD analyzer results:
  - Output states:
 - Input state : 
	Port: read_data : input_r | {1 2 3 4 5 6 7 8 9 }
  - Chain level:
	State 1
		input_load : 1
		input_load_1 : 1
	State 2
		input_load_2 : 1
		input_load_3 : 1
	State 3
		input_load_4 : 1
		input_load_5 : 1
	State 4
		input_load_6 : 1
		input_load_7 : 1
	State 5
		input_load_8 : 1
		input_load_9 : 1
	State 6
		input_load_10 : 1
		input_load_11 : 1
	State 7
		input_load_12 : 1
		input_load_13 : 1
	State 8
		input_load_14 : 1
		input_load_15 : 1
	State 9
		mrv_1 : 1
		mrv_2 : 2
		mrv_3 : 3
		mrv_4 : 4
		mrv_5 : 5
		mrv_6 : 6
		mrv_7 : 7
		mrv_8 : 8
		mrv_9 : 9
		mrv_s : 10
		mrv_10 : 11
		mrv_11 : 12
		mrv_12 : 13
		mrv_13 : 14
		mrv_14 : 15
		StgValue_75 : 16


============================================================
+ Verbose Summary: Datapath Resource usage 
============================================================

* Functional unit list:
|----------|----------------|
| Operation| Functional Unit|
|----------|----------------|
|          |   mrv_fu_195   |
|          |  mrv_1_fu_200  |
|          |  mrv_2_fu_205  |
|          |  mrv_3_fu_210  |
|          |  mrv_4_fu_215  |
|          |  mrv_5_fu_220  |
|          |  mrv_6_fu_225  |
|insertvalue|  mrv_7_fu_230  |
|          |  mrv_8_fu_235  |
|          |  mrv_9_fu_240  |
|          |  mrv_s_fu_245  |
|          |  mrv_10_fu_250 |
|          |  mrv_11_fu_255 |
|          |  mrv_12_fu_260 |
|          |  mrv_13_fu_265 |
|          |  mrv_14_fu_271 |
|----------|----------------|
|   Total  |                |
|----------|----------------|

Memories:
N/A

* Register list:
+---------------------+--------+
|                     |   FF   |
+---------------------+--------+
|input_addr_10_reg_377|    4   |
|input_addr_11_reg_382|    4   |
|input_addr_12_reg_397|    4   |
|input_addr_13_reg_402|    4   |
|input_addr_14_reg_417|    4   |
|input_addr_15_reg_422|    4   |
| input_addr_1_reg_282|    4   |
| input_addr_2_reg_297|    4   |
| input_addr_3_reg_302|    4   |
| input_addr_4_reg_317|    4   |
| input_addr_5_reg_322|    4   |
| input_addr_6_reg_337|    4   |
| input_addr_7_reg_342|    4   |
| input_addr_8_reg_357|    4   |
| input_addr_9_reg_362|    4   |
|  input_addr_reg_277 |    4   |
|input_load_10_reg_387|   16   |
|input_load_11_reg_392|   16   |
|input_load_12_reg_407|   16   |
|input_load_13_reg_412|   16   |
| input_load_1_reg_292|   16   |
| input_load_2_reg_307|   16   |
| input_load_3_reg_312|   16   |
| input_load_4_reg_327|   16   |
| input_load_5_reg_332|   16   |
| input_load_6_reg_347|   16   |
| input_load_7_reg_352|   16   |
| input_load_8_reg_367|   16   |
| input_load_9_reg_372|   16   |
|  input_load_reg_287 |   16   |
+---------------------+--------+
|        Total        |   288  |
+---------------------+--------+

* Multiplexer (MUX) list: 
|------------------|------|------|------|--------||---------||---------|
|       Comp       |  Pin | Size |  BW  | S x BW ||  Delay  ||   LUT   |
|------------------|------|------|------|--------||---------||---------|
| grp_access_fu_52 |  p0  |  16  |   4  |   64   ||    65   |
| grp_access_fu_52 |  p3  |  16  |   4  |   64   ||    65   |
|------------------|------|------|------|--------||---------||---------|
|       Total      |      |      |      |   128  ||  1.816  ||   130   |
|------------------|------|------|------|--------||---------||---------|



* Summary:
+-----------+--------+--------+--------+
|           |  Delay |   FF   |   LUT  |
+-----------+--------+--------+--------+
|  Function |    -   |    -   |    -   |
|   Memory  |    -   |    -   |    -   |
|Multiplexer|    1   |    -   |   130  |
|  Register |    -   |   288  |    -   |
+-----------+--------+--------+--------+
|   Total   |    1   |   288  |   130  |
+-----------+--------+--------+--------+
