

================================================================
== Vivado HLS Report for 'write_data'
================================================================
* Date:           Tue Jul 17 14:58:49 2018

* Version:        2017.4 (Build 2086221 on Fri Dec 15 21:13:33 MST 2017)
* Project:        dct_hls
* Solution:       solution1
* Product family: virtexuplus
* Target device:  xcvu9p-flga2104-2-i


================================================================
== Performance Estimates
================================================================
+ Timing (ns): 
    * Summary: 
    +--------+-------+----------+------------+
    |  Clock | Target| Estimated| Uncertainty|
    +--------+-------+----------+------------+
    |ap_clk  |  10.00|      0.59|        1.25|
    +--------+-------+----------+------------+

+ Latency (clock cycles): 
    * Summary: 
    +-----+-----+-----+-----+----------+
    |  Latency  |  Interval | Pipeline |
    | min | max | min | max |   Type   |
    +-----+-----+-----+-----+----------+
    |    7|    7|    8|    8| function |
    +-----+-----+-----+-----+----------+

    + Detail: 
        * Instance: 
        N/A

        * Loop: 
        N/A

============================================================
+ Verbose Summary: Synthesis Manager
============================================================
InlineROM: 1
ExposeGlobal: 0
============================================================
+ Verbose Summary: CDFG Model
============================================================
IsTopModel: 0
ResetActiveHigh: 1
IsCombinational: 0
IsDatapathOnly: 0
HasWiredReturn: 1
HasMFsm: 2
HasVarLatency: 0
IsPipeline: 1
IsRtlPipelined: 0
IsInstanceOverlapped: 0
IsDontTouch: 0
HasImplIP: 0
IsGatedGlobalClock: 0

+ Individual pipeline summary: 
  * Pipeline-0: initiation interval (II) = 8, depth = 8


============================================================
+ Verbose Summary: Schedule
============================================================
* Number of FSM states : 8
* Pipeline : 1
  Pipeline-0 : II = 8, D = 8, States = { 1 2 3 4 5 6 7 8 }
* Dataflow Pipeline: 0

* FSM state transitions: 
1 --> 
	2  / true
2 --> 
	3  / true
3 --> 
	4  / true
4 --> 
	5  / true
5 --> 
	6  / true
6 --> 
	7  / true
7 --> 
	8  / true
8 --> 

* FSM state operations: 

 <State 1> : 0.59ns
ST_1 : Operation 9 [1/1] (0.00ns)   --->   "%p_read_15 = call i16 @_ssdm_op_Read.ap_auto.i16(i16 %p_read1)"
ST_1 : Operation 10 [1/1] (0.00ns)   --->   "%p_read16 = call i16 @_ssdm_op_Read.ap_auto.i16(i16 %p_read)"
ST_1 : Operation 11 [1/1] (0.00ns)   --->   "%output_addr = getelementptr [16 x i16]* %output_r, i64 0, i64 0" [dct_hls/dct.cpp:129]
ST_1 : Operation 12 [1/1] (0.59ns)   --->   "store i16 %p_read16, i16* %output_addr, align 2" [dct_hls/dct.cpp:129]   --->   Core 37 'RAM' <Latency = 1> <II = 1> <Delay = 0.59> <Storage> <Opcode : 'load' 'store'> <Ports = 2> <Width = 16> <Depth = 16> <RAM>
ST_1 : Operation 13 [1/1] (0.00ns)   --->   "%output_addr_1 = getelementptr [16 x i16]* %output_r, i64 0, i64 1" [dct_hls/dct.cpp:129]
ST_1 : Operation 14 [1/1] (0.59ns)   --->   "store i16 %p_read_15, i16* %output_addr_1, align 2" [dct_hls/dct.cpp:129]   --->   Core 37 'RAM' <Latency = 1> <II = 1> <Delay = 0.59> <Storage> <Opcode : 'load' 'store'> <Ports = 2> <Width = 16> <Depth = 16> <RAM>

 <State 2> : 0.59ns
ST_2 : Operation 15 [1/1] (0.00ns)   --->   "%p_read_13 = call i16 @_ssdm_op_Read.ap_auto.i16(i16 %p_read3)"
ST_2 : Operation 16 [1/1] (0.00ns)   --->   "%p_read_14 = call i16 @_ssdm_op_Read.ap_auto.i16(i16 %p_read2)"
ST_2 : Operation 17 [1/1] (0.00ns)   --->   "%output_addr_2 = getelementptr [16 x i16]* %output_r, i64 0, i64 2" [dct_hls/dct.cpp:129]
ST_2 : Operation 18 [1/1] (0.59ns)   --->   "store i16 %p_read_14, i16* %output_addr_2, align 2" [dct_hls/dct.cpp:129]   --->   Core 37 'RAM' <Latency = 1> <II = 1> <Delay = 0.59> <Storage> <Opcode : 'load' 'store'> <Ports = 2> <Width = 16> <Depth = 16> <RAM>
ST_2 : Operation 19 [1/1] (0.00ns)   --->   "%output_addr_3 = getelementptr [16 x i16]* %output_r, i64 0, i64 3" [dct_hls/dct.cpp:129]
ST_2 : Operation 20 [1/1] (0.59ns)   --->   "store i16 %p_read_13, i16* %output_addr_3, align 2" [dct_hls/dct.cpp:129]   --->   Core 37 'RAM' <Latency = 1> <II = 1> <Delay = 0.59> <Storage> <Opcode : 'load' 'store'> <Ports = 2> <Width = 16> <Depth = 16> <RAM>

 <State 3> : 0.59ns
ST_3 : Operation 21 [1/1] (0.00ns)   --->   "%p_read_11 = call i16 @_ssdm_op_Read.ap_auto.i16(i16 %p_read5)"
ST_3 : Operation 22 [1/1] (0.00ns)   --->   "%p_read_12 = call i16 @_ssdm_op_Read.ap_auto.i16(i16 %p_read4)"
ST_3 : Operation 23 [1/1] (0.00ns)   --->   "%output_addr_4 = getelementptr [16 x i16]* %output_r, i64 0, i64 4" [dct_hls/dct.cpp:129]
ST_3 : Operation 24 [1/1] (0.59ns)   --->   "store i16 %p_read_12, i16* %output_addr_4, align 2" [dct_hls/dct.cpp:129]   --->   Core 37 'RAM' <Latency = 1> <II = 1> <Delay = 0.59> <Storage> <Opcode : 'load' 'store'> <Ports = 2> <Width = 16> <Depth = 16> <RAM>
ST_3 : Operation 25 [1/1] (0.00ns)   --->   "%output_addr_5 = getelementptr [16 x i16]* %output_r, i64 0, i64 5" [dct_hls/dct.cpp:129]
ST_3 : Operation 26 [1/1] (0.59ns)   --->   "store i16 %p_read_11, i16* %output_addr_5, align 2" [dct_hls/dct.cpp:129]   --->   Core 37 'RAM' <Latency = 1> <II = 1> <Delay = 0.59> <Storage> <Opcode : 'load' 'store'> <Ports = 2> <Width = 16> <Depth = 16> <RAM>

 <State 4> : 0.59ns
ST_4 : Operation 27 [1/1] (0.00ns)   --->   "%p_read_9 = call i16 @_ssdm_op_Read.ap_auto.i16(i16 %p_read7)"
ST_4 : Operation 28 [1/1] (0.00ns)   --->   "%p_read_10 = call i16 @_ssdm_op_Read.ap_auto.i16(i16 %p_read6)"
ST_4 : Operation 29 [1/1] (0.00ns)   --->   "%output_addr_6 = getelementptr [16 x i16]* %output_r, i64 0, i64 6" [dct_hls/dct.cpp:129]
ST_4 : Operation 30 [1/1] (0.59ns)   --->   "store i16 %p_read_10, i16* %output_addr_6, align 2" [dct_hls/dct.cpp:129]   --->   Core 37 'RAM' <Latency = 1> <II = 1> <Delay = 0.59> <Storage> <Opcode : 'load' 'store'> <Ports = 2> <Width = 16> <Depth = 16> <RAM>
ST_4 : Operation 31 [1/1] (0.00ns)   --->   "%output_addr_7 = getelementptr [16 x i16]* %output_r, i64 0, i64 7" [dct_hls/dct.cpp:129]
ST_4 : Operation 32 [1/1] (0.59ns)   --->   "store i16 %p_read_9, i16* %output_addr_7, align 2" [dct_hls/dct.cpp:129]   --->   Core 37 'RAM' <Latency = 1> <II = 1> <Delay = 0.59> <Storage> <Opcode : 'load' 'store'> <Ports = 2> <Width = 16> <Depth = 16> <RAM>

 <State 5> : 0.59ns
ST_5 : Operation 33 [1/1] (0.00ns)   --->   "%p_read_7 = call i16 @_ssdm_op_Read.ap_auto.i16(i16 %p_read9)"
ST_5 : Operation 34 [1/1] (0.00ns)   --->   "%p_read_8 = call i16 @_ssdm_op_Read.ap_auto.i16(i16 %p_read8)"
ST_5 : Operation 35 [1/1] (0.00ns)   --->   "%output_addr_8 = getelementptr [16 x i16]* %output_r, i64 0, i64 8" [dct_hls/dct.cpp:129]
ST_5 : Operation 36 [1/1] (0.59ns)   --->   "store i16 %p_read_8, i16* %output_addr_8, align 2" [dct_hls/dct.cpp:129]   --->   Core 37 'RAM' <Latency = 1> <II = 1> <Delay = 0.59> <Storage> <Opcode : 'load' 'store'> <Ports = 2> <Width = 16> <Depth = 16> <RAM>
ST_5 : Operation 37 [1/1] (0.00ns)   --->   "%output_addr_9 = getelementptr [16 x i16]* %output_r, i64 0, i64 9" [dct_hls/dct.cpp:129]
ST_5 : Operation 38 [1/1] (0.59ns)   --->   "store i16 %p_read_7, i16* %output_addr_9, align 2" [dct_hls/dct.cpp:129]   --->   Core 37 'RAM' <Latency = 1> <II = 1> <Delay = 0.59> <Storage> <Opcode : 'load' 'store'> <Ports = 2> <Width = 16> <Depth = 16> <RAM>

 <State 6> : 0.59ns
ST_6 : Operation 39 [1/1] (0.00ns)   --->   "%p_read_5 = call i16 @_ssdm_op_Read.ap_auto.i16(i16 %p_read11)"
ST_6 : Operation 40 [1/1] (0.00ns)   --->   "%p_read_6 = call i16 @_ssdm_op_Read.ap_auto.i16(i16 %p_read10)"
ST_6 : Operation 41 [1/1] (0.00ns)   --->   "%output_addr_10 = getelementptr [16 x i16]* %output_r, i64 0, i64 10" [dct_hls/dct.cpp:129]
ST_6 : Operation 42 [1/1] (0.59ns)   --->   "store i16 %p_read_6, i16* %output_addr_10, align 2" [dct_hls/dct.cpp:129]   --->   Core 37 'RAM' <Latency = 1> <II = 1> <Delay = 0.59> <Storage> <Opcode : 'load' 'store'> <Ports = 2> <Width = 16> <Depth = 16> <RAM>
ST_6 : Operation 43 [1/1] (0.00ns)   --->   "%output_addr_11 = getelementptr [16 x i16]* %output_r, i64 0, i64 11" [dct_hls/dct.cpp:129]
ST_6 : Operation 44 [1/1] (0.59ns)   --->   "store i16 %p_read_5, i16* %output_addr_11, align 2" [dct_hls/dct.cpp:129]   --->   Core 37 'RAM' <Latency = 1> <II = 1> <Delay = 0.59> <Storage> <Opcode : 'load' 'store'> <Ports = 2> <Width = 16> <Depth = 16> <RAM>

 <State 7> : 0.59ns
ST_7 : Operation 45 [1/1] (0.00ns)   --->   "%p_read_3 = call i16 @_ssdm_op_Read.ap_auto.i16(i16 %p_read13)"
ST_7 : Operation 46 [1/1] (0.00ns)   --->   "%p_read_4 = call i16 @_ssdm_op_Read.ap_auto.i16(i16 %p_read12)"
ST_7 : Operation 47 [1/1] (0.00ns)   --->   "%output_addr_12 = getelementptr [16 x i16]* %output_r, i64 0, i64 12" [dct_hls/dct.cpp:129]
ST_7 : Operation 48 [1/1] (0.59ns)   --->   "store i16 %p_read_4, i16* %output_addr_12, align 2" [dct_hls/dct.cpp:129]   --->   Core 37 'RAM' <Latency = 1> <II = 1> <Delay = 0.59> <Storage> <Opcode : 'load' 'store'> <Ports = 2> <Width = 16> <Depth = 16> <RAM>
ST_7 : Operation 49 [1/1] (0.00ns)   --->   "%output_addr_13 = getelementptr [16 x i16]* %output_r, i64 0, i64 13" [dct_hls/dct.cpp:129]
ST_7 : Operation 50 [1/1] (0.59ns)   --->   "store i16 %p_read_3, i16* %output_addr_13, align 2" [dct_hls/dct.cpp:129]   --->   Core 37 'RAM' <Latency = 1> <II = 1> <Delay = 0.59> <Storage> <Opcode : 'load' 'store'> <Ports = 2> <Width = 16> <Depth = 16> <RAM>

 <State 8> : 0.59ns
ST_8 : Operation 51 [1/1] (0.00ns)   --->   "%p_read_1 = call i16 @_ssdm_op_Read.ap_auto.i16(i16 %p_read15)"
ST_8 : Operation 52 [1/1] (0.00ns)   --->   "%p_read_2 = call i16 @_ssdm_op_Read.ap_auto.i16(i16 %p_read14)"
ST_8 : Operation 53 [1/1] (0.00ns)   --->   "call void (...)* @_ssdm_op_SpecPipeline(i32 1, i32 1, i32 1, i32 0, [1 x i8]* @p_str2) nounwind" [dct_hls/dct.cpp:123]
ST_8 : Operation 54 [1/1] (0.00ns)   --->   "%output_addr_14 = getelementptr [16 x i16]* %output_r, i64 0, i64 14" [dct_hls/dct.cpp:129]
ST_8 : Operation 55 [1/1] (0.59ns)   --->   "store i16 %p_read_2, i16* %output_addr_14, align 2" [dct_hls/dct.cpp:129]   --->   Core 37 'RAM' <Latency = 1> <II = 1> <Delay = 0.59> <Storage> <Opcode : 'load' 'store'> <Ports = 2> <Width = 16> <Depth = 16> <RAM>
ST_8 : Operation 56 [1/1] (0.00ns)   --->   "%output_addr_15 = getelementptr [16 x i16]* %output_r, i64 0, i64 15" [dct_hls/dct.cpp:129]
ST_8 : Operation 57 [1/1] (0.59ns)   --->   "store i16 %p_read_1, i16* %output_addr_15, align 2" [dct_hls/dct.cpp:129]   --->   Core 37 'RAM' <Latency = 1> <II = 1> <Delay = 0.59> <Storage> <Opcode : 'load' 'store'> <Ports = 2> <Width = 16> <Depth = 16> <RAM>
ST_8 : Operation 58 [1/1] (0.00ns)   --->   "ret void" [dct_hls/dct.cpp:131]


============================================================
+ Verbose Summary: Binding
============================================================
STG Binding: 
---------------- STG Properties BEGIN ----------------
- Is combinational: 0
- Is one-state seq: 0
- Is datapath-only: 0
- Is pipelined: 1
- Is top level: 0
Port [ Return ] is wired: 1; IO mode=ap_ctrl_hs:ce=0
Port [ p_read]:  wired=1; compound=0; hidden=0; nouse=0; global=0; static=0; extern=0; dir=0; type=0; pingpong=0; private_global=0; IO mode=ap_none:ce=0
Port [ p_read1]:  wired=1; compound=0; hidden=0; nouse=0; global=0; static=0; extern=0; dir=0; type=0; pingpong=0; private_global=0; IO mode=ap_none:ce=0
Port [ p_read2]:  wired=1; compound=0; hidden=0; nouse=0; global=0; static=0; extern=0; dir=0; type=0; pingpong=0; private_global=0; IO mode=ap_none:ce=0
Port [ p_read3]:  wired=1; compound=0; hidden=0; nouse=0; global=0; static=0; extern=0; dir=0; type=0; pingpong=0; private_global=0; IO mode=ap_none:ce=0
Port [ p_read4]:  wired=1; compound=0; hidden=0; nouse=0; global=0; static=0; extern=0; dir=0; type=0; pingpong=0; private_global=0; IO mode=ap_none:ce=0
Port [ p_read5]:  wired=1; compound=0; hidden=0; nouse=0; global=0; static=0; extern=0; dir=0; type=0; pingpong=0; private_global=0; IO mode=ap_none:ce=0
Port [ p_read6]:  wired=1; compound=0; hidden=0; nouse=0; global=0; static=0; extern=0; dir=0; type=0; pingpong=0; private_global=0; IO mode=ap_none:ce=0
Port [ p_read7]:  wired=1; compound=0; hidden=0; nouse=0; global=0; static=0; extern=0; dir=0; type=0; pingpong=0; private_global=0; IO mode=ap_none:ce=0
Port [ p_read8]:  wired=1; compound=0; hidden=0; nouse=0; global=0; static=0; extern=0; dir=0; type=0; pingpong=0; private_global=0; IO mode=ap_none:ce=0
Port [ p_read9]:  wired=1; compound=0; hidden=0; nouse=0; global=0; static=0; extern=0; dir=0; type=0; pingpong=0; private_global=0; IO mode=ap_none:ce=0
Port [ p_read10]:  wired=1; compound=0; hidden=0; nouse=0; global=0; static=0; extern=0; dir=0; type=0; pingpong=0; private_global=0; IO mode=ap_none:ce=0
Port [ p_read11]:  wired=1; compound=0; hidden=0; nouse=0; global=0; static=0; extern=0; dir=0; type=0; pingpong=0; private_global=0; IO mode=ap_none:ce=0
Port [ p_read12]:  wired=1; compound=0; hidden=0; nouse=0; global=0; static=0; extern=0; dir=0; type=0; pingpong=0; private_global=0; IO mode=ap_none:ce=0
Port [ p_read13]:  wired=1; compound=0; hidden=0; nouse=0; global=0; static=0; extern=0; dir=0; type=0; pingpong=0; private_global=0; IO mode=ap_none:ce=0
Port [ p_read14]:  wired=1; compound=0; hidden=0; nouse=0; global=0; static=0; extern=0; dir=0; type=0; pingpong=0; private_global=0; IO mode=ap_none:ce=0
Port [ p_read15]:  wired=1; compound=0; hidden=0; nouse=0; global=0; static=0; extern=0; dir=0; type=0; pingpong=0; private_global=0; IO mode=ap_none:ce=0
Port [ output_r]:  wired=1; compound=1; hidden=0; nouse=0; global=0; static=0; extern=0; dir=1; type=1; pingpong=0; private_global=0; MemPort=[00]; IO mode=ap_memory:ce=0
---------------- STG Properties END ------------------

---------------- Datapath Model BEGIN ----------------

<LifeTime>
<method=bitvector/>
p_read_15      (read         ) [ 000000000]
p_read16       (read         ) [ 000000000]
output_addr    (getelementptr) [ 000000000]
StgValue_12    (store        ) [ 000000000]
output_addr_1  (getelementptr) [ 000000000]
StgValue_14    (store        ) [ 000000000]
p_read_13      (read         ) [ 000000000]
p_read_14      (read         ) [ 000000000]
output_addr_2  (getelementptr) [ 000000000]
StgValue_18    (store        ) [ 000000000]
output_addr_3  (getelementptr) [ 000000000]
StgValue_20    (store        ) [ 000000000]
p_read_11      (read         ) [ 000000000]
p_read_12      (read         ) [ 000000000]
output_addr_4  (getelementptr) [ 000000000]
StgValue_24    (store        ) [ 000000000]
output_addr_5  (getelementptr) [ 000000000]
StgValue_26    (store        ) [ 000000000]
p_read_9       (read         ) [ 000000000]
p_read_10      (read         ) [ 000000000]
output_addr_6  (getelementptr) [ 000000000]
StgValue_30    (store        ) [ 000000000]
output_addr_7  (getelementptr) [ 000000000]
StgValue_32    (store        ) [ 000000000]
p_read_7       (read         ) [ 000000000]
p_read_8       (read         ) [ 000000000]
output_addr_8  (getelementptr) [ 000000000]
StgValue_36    (store        ) [ 000000000]
output_addr_9  (getelementptr) [ 000000000]
StgValue_38    (store        ) [ 000000000]
p_read_5       (read         ) [ 000000000]
p_read_6       (read         ) [ 000000000]
output_addr_10 (getelementptr) [ 000000000]
StgValue_42    (store        ) [ 000000000]
output_addr_11 (getelementptr) [ 000000000]
StgValue_44    (store        ) [ 000000000]
p_read_3       (read         ) [ 000000000]
p_read_4       (read         ) [ 000000000]
output_addr_12 (getelementptr) [ 000000000]
StgValue_48    (store        ) [ 000000000]
output_addr_13 (getelementptr) [ 000000000]
StgValue_50    (store        ) [ 000000000]
p_read_1       (read         ) [ 000000000]
p_read_2       (read         ) [ 000000000]
StgValue_53    (specpipeline ) [ 000000000]
output_addr_14 (getelementptr) [ 000000000]
StgValue_55    (store        ) [ 000000000]
output_addr_15 (getelementptr) [ 000000000]
StgValue_57    (store        ) [ 000000000]
StgValue_58    (ret          ) [ 000000000]
</LifeTime>

<model>

<comp_list>
<comp id="0" class="1000" name="p_read">
<pin_list>
<pin id="1" dir="1" index="0" bw="1" slack="0"/>
</pin_list>
<bind>
<StgValue><ssdm name="p_read"/></StgValue>
</bind>
</comp>

<comp id="2" class="1000" name="p_read1">
<pin_list>
<pin id="3" dir="1" index="0" bw="1" slack="0"/>
</pin_list>
<bind>
<StgValue><ssdm name="p_read1"/></StgValue>
</bind>
</comp>

<comp id="4" class="1000" name="p_read2">
<pin_list>
<pin id="5" dir="1" index="0" bw="1" slack="0"/>
</pin_list>
<bind>
<StgValue><ssdm name="p_read2"/></StgValue>
</bind>
</comp>

<comp id="6" class="1000" name="p_read3">
<pin_list>
<pin id="7" dir="1" index="0" bw="1" slack="0"/>
</pin_list>
<bind>
<StgValue><ssdm name="p_read3"/></StgValue>
</bind>
</comp>

<comp id="8" class="1000" name="p_read4">
<pin_list>
<pin id="9" dir="1" index="0" bw="1" slack="0"/>
</pin_list>
<bind>
<StgValue><ssdm name="p_read4"/></StgValue>
</bind>
</comp>

<comp id="10" class="1000" name="p_read5">
<pin_list>
<pin id="11" dir="1" index="0" bw="1" slack="0"/>
</pin_list>
<bind>
<StgValue><ssdm name="p_read5"/></StgValue>
</bind>
</comp>

<comp id="12" class="1000" name="p_read6">
<pin_list>
<pin id="13" dir="1" index="0" bw="1" slack="0"/>
</pin_list>
<bind>
<StgValue><ssdm name="p_read6"/></StgValue>
</bind>
</comp>

<comp id="14" class="1000" name="p_read7">
<pin_list>
<pin id="15" dir="1" index="0" bw="1" slack="0"/>
</pin_list>
<bind>
<StgValue><ssdm name="p_read7"/></StgValue>
</bind>
</comp>

<comp id="16" class="1000" name="p_read8">
<pin_list>
<pin id="17" dir="1" index="0" bw="1" slack="0"/>
</pin_list>
<bind>
<StgValue><ssdm name="p_read8"/></StgValue>
</bind>
</comp>

<comp id="18" class="1000" name="p_read9">
<pin_list>
<pin id="19" dir="1" index="0" bw="1" slack="0"/>
</pin_list>
<bind>
<StgValue><ssdm name="p_read9"/></StgValue>
</bind>
</comp>

<comp id="20" class="1000" name="p_read10">
<pin_list>
<pin id="21" dir="1" index="0" bw="1" slack="0"/>
</pin_list>
<bind>
<StgValue><ssdm name="p_read10"/></StgValue>
</bind>
</comp>

<comp id="22" class="1000" name="p_read11">
<pin_list>
<pin id="23" dir="1" index="0" bw="1" slack="0"/>
</pin_list>
<bind>
<StgValue><ssdm name="p_read11"/></StgValue>
</bind>
</comp>

<comp id="24" class="1000" name="p_read12">
<pin_list>
<pin id="25" dir="1" index="0" bw="1" slack="0"/>
</pin_list>
<bind>
<StgValue><ssdm name="p_read12"/></StgValue>
</bind>
</comp>

<comp id="26" class="1000" name="p_read13">
<pin_list>
<pin id="27" dir="1" index="0" bw="1" slack="0"/>
</pin_list>
<bind>
<StgValue><ssdm name="p_read13"/></StgValue>
</bind>
</comp>

<comp id="28" class="1000" name="p_read14">
<pin_list>
<pin id="29" dir="1" index="0" bw="1" slack="0"/>
</pin_list>
<bind>
<StgValue><ssdm name="p_read14"/></StgValue>
</bind>
</comp>

<comp id="30" class="1000" name="p_read15">
<pin_list>
<pin id="31" dir="1" index="0" bw="1" slack="0"/>
</pin_list>
<bind>
<StgValue><ssdm name="p_read15"/></StgValue>
</bind>
</comp>

<comp id="32" class="1000" name="output_r">
<pin_list>
<pin id="33" dir="1" index="0" bw="1" slack="0"/>
</pin_list>
<bind>
<StgValue><ssdm name="output_r"/><MemPortTyVec>0 0 </MemPortTyVec>
</StgValue>
</bind>
</comp>

<comp id="34" class="1001" name="const_34">
<pin_list>
<pin id="35" dir="1" index="0" bw="1" slack="0"/>
</pin_list>
<bind>
<StgValue><ssdm name="_ssdm_op_Read.ap_auto.i16"/></StgValue>
</bind>
</comp>

<comp id="36" class="1001" name="const_36">
<pin_list>
<pin id="37" dir="1" index="0" bw="1" slack="0"/>
</pin_list>
<bind>
<StgValue><ssdm name=""/></StgValue>
</bind>
</comp>

<comp id="38" class="1001" name="const_38">
<pin_list>
<pin id="39" dir="1" index="0" bw="1" slack="0"/>
</pin_list>
<bind>
<StgValue><ssdm name=""/></StgValue>
</bind>
</comp>

<comp id="40" class="1001" name="const_40">
<pin_list>
<pin id="41" dir="1" index="0" bw="1" slack="0"/>
</pin_list>
<bind>
<StgValue><ssdm name=""/></StgValue>
</bind>
</comp>

<comp id="42" class="1001" name="const_42">
<pin_list>
<pin id="43" dir="1" index="0" bw="1" slack="0"/>
</pin_list>
<bind>
<StgValue><ssdm name=""/></StgValue>
</bind>
</comp>

<comp id="44" class="1001" name="const_44">
<pin_list>
<pin id="45" dir="1" index="0" bw="1" slack="0"/>
</pin_list>
<bind>
<StgValue><ssdm name=""/></StgValue>
</bind>
</comp>

<comp id="46" class="1001" name="const_46">
<pin_list>
<pin id="47" dir="1" index="0" bw="1" slack="0"/>
</pin_list>
<bind>
<StgValue><ssdm name=""/></StgValue>
</bind>
</comp>

<comp id="48" class="1001" name="const_48">
<pin_list>
<pin id="49" dir="1" index="0" bw="1" slack="0"/>
</pin_list>
<bind>
<StgValue><ssdm name=""/></StgValue>
</bind>
</comp>

<comp id="50" class="1001" name="const_50">
<pin_list>
<pin id="51" dir="1" index="0" bw="1" slack="0"/>
</pin_list>
<bind>
<StgValue><ssdm name=""/></StgValue>
</bind>
</comp>

<comp id="52" class="1001" name="const_52">
<pin_list>
<pin id="53" dir="1" index="0" bw="1" slack="0"/>
</pin_list>
<bind>
<StgValue><ssdm name=""/></StgValue>
</bind>
</comp>

<comp id="54" class="1001" name="const_54">
<pin_list>
<pin id="55" dir="1" index="0" bw="1" slack="0"/>
</pin_list>
<bind>
<StgValue><ssdm name=""/></StgValue>
</bind>
</comp>

<comp id="56" class="1001" name="const_56">
<pin_list>
<pin id="57" dir="1" index="0" bw="1" slack="0"/>
</pin_list>
<bind>
<StgValue><ssdm name=""/></StgValue>
</bind>
</comp>

<comp id="58" class="1001" name="const_58">
<pin_list>
<pin id="59" dir="1" index="0" bw="1" slack="0"/>
</pin_list>
<bind>
<StgValue><ssdm name=""/></StgValue>
</bind>
</comp>

<comp id="60" class="1001" name="const_60">
<pin_list>
<pin id="61" dir="1" index="0" bw="1" slack="0"/>
</pin_list>
<bind>
<StgValue><ssdm name=""/></StgValue>
</bind>
</comp>

<comp id="62" class="1001" name="const_62">
<pin_list>
<pin id="63" dir="1" index="0" bw="1" slack="0"/>
</pin_list>
<bind>
<StgValue><ssdm name=""/></StgValue>
</bind>
</comp>

<comp id="64" class="1001" name="const_64">
<pin_list>
<pin id="65" dir="1" index="0" bw="1" slack="2147483647"/>
</pin_list>
<bind>
<StgValue><ssdm name="_ssdm_op_SpecPipeline"/></StgValue>
</bind>
</comp>

<comp id="66" class="1001" name="const_66">
<pin_list>
<pin id="67" dir="1" index="0" bw="1" slack="2147483647"/>
</pin_list>
<bind>
<StgValue><ssdm name=""/></StgValue>
</bind>
</comp>

<comp id="68" class="1001" name="const_68">
<pin_list>
<pin id="69" dir="1" index="0" bw="1" slack="2147483647"/>
</pin_list>
<bind>
<StgValue><ssdm name=""/></StgValue>
</bind>
</comp>

<comp id="70" class="1001" name="const_70">
<pin_list>
<pin id="71" dir="1" index="0" bw="1" slack="2147483647"/>
</pin_list>
<bind>
<StgValue><ssdm name="p_str2"/></StgValue>
</bind>
</comp>

<comp id="72" class="1001" name="const_72">
<pin_list>
<pin id="73" dir="1" index="0" bw="1" slack="0"/>
</pin_list>
<bind>
<StgValue><ssdm name=""/></StgValue>
</bind>
</comp>

<comp id="74" class="1001" name="const_74">
<pin_list>
<pin id="75" dir="1" index="0" bw="1" slack="0"/>
</pin_list>
<bind>
<StgValue><ssdm name=""/></StgValue>
</bind>
</comp>

<comp id="76" class="1004" name="p_read_15_read_fu_76">
<pin_list>
<pin id="77" dir="0" index="0" bw="16" slack="0"/>
<pin id="78" dir="0" index="1" bw="16" slack="0"/>
<pin id="79" dir="1" index="2" bw="16" slack="0"/>
</pin_list>
<bind>
<opcode="read(1150) " fcode="read"/>
<opset="p_read_15/1 "/>
</bind>
</comp>

<comp id="82" class="1004" name="p_read16_read_fu_82">
<pin_list>
<pin id="83" dir="0" index="0" bw="16" slack="0"/>
<pin id="84" dir="0" index="1" bw="16" slack="0"/>
<pin id="85" dir="1" index="2" bw="16" slack="0"/>
</pin_list>
<bind>
<opcode="read(1150) " fcode="read"/>
<opset="p_read16/1 "/>
</bind>
</comp>

<comp id="88" class="1004" name="p_read_13_read_fu_88">
<pin_list>
<pin id="89" dir="0" index="0" bw="16" slack="0"/>
<pin id="90" dir="0" index="1" bw="16" slack="0"/>
<pin id="91" dir="1" index="2" bw="16" slack="0"/>
</pin_list>
<bind>
<opcode="read(1150) " fcode="read"/>
<opset="p_read_13/2 "/>
</bind>
</comp>

<comp id="94" class="1004" name="p_read_14_read_fu_94">
<pin_list>
<pin id="95" dir="0" index="0" bw="16" slack="0"/>
<pin id="96" dir="0" index="1" bw="16" slack="0"/>
<pin id="97" dir="1" index="2" bw="16" slack="0"/>
</pin_list>
<bind>
<opcode="read(1150) " fcode="read"/>
<opset="p_read_14/2 "/>
</bind>
</comp>

<comp id="100" class="1004" name="p_read_11_read_fu_100">
<pin_list>
<pin id="101" dir="0" index="0" bw="16" slack="0"/>
<pin id="102" dir="0" index="1" bw="16" slack="0"/>
<pin id="103" dir="1" index="2" bw="16" slack="0"/>
</pin_list>
<bind>
<opcode="read(1150) " fcode="read"/>
<opset="p_read_11/3 "/>
</bind>
</comp>

<comp id="106" class="1004" name="p_read_12_read_fu_106">
<pin_list>
<pin id="107" dir="0" index="0" bw="16" slack="0"/>
<pin id="108" dir="0" index="1" bw="16" slack="0"/>
<pin id="109" dir="1" index="2" bw="16" slack="0"/>
</pin_list>
<bind>
<opcode="read(1150) " fcode="read"/>
<opset="p_read_12/3 "/>
</bind>
</comp>

<comp id="112" class="1004" name="p_read_9_read_fu_112">
<pin_list>
<pin id="113" dir="0" index="0" bw="16" slack="0"/>
<pin id="114" dir="0" index="1" bw="16" slack="0"/>
<pin id="115" dir="1" index="2" bw="16" slack="0"/>
</pin_list>
<bind>
<opcode="read(1150) " fcode="read"/>
<opset="p_read_9/4 "/>
</bind>
</comp>

<comp id="118" class="1004" name="p_read_10_read_fu_118">
<pin_list>
<pin id="119" dir="0" index="0" bw="16" slack="0"/>
<pin id="120" dir="0" index="1" bw="16" slack="0"/>
<pin id="121" dir="1" index="2" bw="16" slack="0"/>
</pin_list>
<bind>
<opcode="read(1150) " fcode="read"/>
<opset="p_read_10/4 "/>
</bind>
</comp>

<comp id="124" class="1004" name="p_read_7_read_fu_124">
<pin_list>
<pin id="125" dir="0" index="0" bw="16" slack="0"/>
<pin id="126" dir="0" index="1" bw="16" slack="0"/>
<pin id="127" dir="1" index="2" bw="16" slack="0"/>
</pin_list>
<bind>
<opcode="read(1150) " fcode="read"/>
<opset="p_read_7/5 "/>
</bind>
</comp>

<comp id="130" class="1004" name="p_read_8_read_fu_130">
<pin_list>
<pin id="131" dir="0" index="0" bw="16" slack="0"/>
<pin id="132" dir="0" index="1" bw="16" slack="0"/>
<pin id="133" dir="1" index="2" bw="16" slack="0"/>
</pin_list>
<bind>
<opcode="read(1150) " fcode="read"/>
<opset="p_read_8/5 "/>
</bind>
</comp>

<comp id="136" class="1004" name="p_read_5_read_fu_136">
<pin_list>
<pin id="137" dir="0" index="0" bw="16" slack="0"/>
<pin id="138" dir="0" index="1" bw="16" slack="0"/>
<pin id="139" dir="1" index="2" bw="16" slack="0"/>
</pin_list>
<bind>
<opcode="read(1150) " fcode="read"/>
<opset="p_read_5/6 "/>
</bind>
</comp>

<comp id="142" class="1004" name="p_read_6_read_fu_142">
<pin_list>
<pin id="143" dir="0" index="0" bw="16" slack="0"/>
<pin id="144" dir="0" index="1" bw="16" slack="0"/>
<pin id="145" dir="1" index="2" bw="16" slack="0"/>
</pin_list>
<bind>
<opcode="read(1150) " fcode="read"/>
<opset="p_read_6/6 "/>
</bind>
</comp>

<comp id="148" class="1004" name="p_read_3_read_fu_148">
<pin_list>
<pin id="149" dir="0" index="0" bw="16" slack="0"/>
<pin id="150" dir="0" index="1" bw="16" slack="0"/>
<pin id="151" dir="1" index="2" bw="16" slack="0"/>
</pin_list>
<bind>
<opcode="read(1150) " fcode="read"/>
<opset="p_read_3/7 "/>
</bind>
</comp>

<comp id="154" class="1004" name="p_read_4_read_fu_154">
<pin_list>
<pin id="155" dir="0" index="0" bw="16" slack="0"/>
<pin id="156" dir="0" index="1" bw="16" slack="0"/>
<pin id="157" dir="1" index="2" bw="16" slack="0"/>
</pin_list>
<bind>
<opcode="read(1150) " fcode="read"/>
<opset="p_read_4/7 "/>
</bind>
</comp>

<comp id="160" class="1004" name="p_read_1_read_fu_160">
<pin_list>
<pin id="161" dir="0" index="0" bw="16" slack="0"/>
<pin id="162" dir="0" index="1" bw="16" slack="0"/>
<pin id="163" dir="1" index="2" bw="16" slack="0"/>
</pin_list>
<bind>
<opcode="read(1150) " fcode="read"/>
<opset="p_read_1/8 "/>
</bind>
</comp>

<comp id="166" class="1004" name="p_read_2_read_fu_166">
<pin_list>
<pin id="167" dir="0" index="0" bw="16" slack="0"/>
<pin id="168" dir="0" index="1" bw="16" slack="0"/>
<pin id="169" dir="1" index="2" bw="16" slack="0"/>
</pin_list>
<bind>
<opcode="read(1150) " fcode="read"/>
<opset="p_read_2/8 "/>
</bind>
</comp>

<comp id="172" class="1004" name="output_addr_gep_fu_172">
<pin_list>
<pin id="173" dir="0" index="0" bw="16" slack="0"/>
<pin id="174" dir="0" index="1" bw="1" slack="0"/>
<pin id="175" dir="0" index="2" bw="1" slack="0"/>
<pin id="176" dir="1" index="3" bw="4" slack="0"/>
</pin_list>
<bind>
<opcode="getelementptr(29) " fcode="getelementptr"/>
<opset="output_addr/1 "/>
</bind>
</comp>

<comp id="180" class="1004" name="grp_access_fu_180">
<pin_list>
<pin id="181" dir="0" index="0" bw="4" slack="0"/>
<pin id="182" dir="0" index="1" bw="16" slack="0"/>
<pin id="194" dir="0" index="3" bw="4" slack="0"/>
<pin id="195" dir="0" index="4" bw="16" slack="0"/>
<pin id="183" dir="1" index="2" bw="16" slack="2147483647"/>
<pin id="196" dir="1" index="5" bw="16" slack="2147483647"/>
</pin_list>
<bind>
<opcode="store(28) " fcode="store"/>
<opset="StgValue_12/1 StgValue_14/1 StgValue_18/2 StgValue_20/2 StgValue_24/3 StgValue_26/3 StgValue_30/4 StgValue_32/4 StgValue_36/5 StgValue_38/5 StgValue_42/6 StgValue_44/6 StgValue_48/7 StgValue_50/7 StgValue_55/8 StgValue_57/8 "/>
</bind>
</comp>

<comp id="186" class="1004" name="output_addr_1_gep_fu_186">
<pin_list>
<pin id="187" dir="0" index="0" bw="16" slack="0"/>
<pin id="188" dir="0" index="1" bw="1" slack="0"/>
<pin id="189" dir="0" index="2" bw="1" slack="0"/>
<pin id="190" dir="1" index="3" bw="4" slack="0"/>
</pin_list>
<bind>
<opcode="getelementptr(29) " fcode="getelementptr"/>
<opset="output_addr_1/1 "/>
</bind>
</comp>

<comp id="199" class="1004" name="output_addr_2_gep_fu_199">
<pin_list>
<pin id="200" dir="0" index="0" bw="16" slack="0"/>
<pin id="201" dir="0" index="1" bw="1" slack="0"/>
<pin id="202" dir="0" index="2" bw="3" slack="0"/>
<pin id="203" dir="1" index="3" bw="4" slack="0"/>
</pin_list>
<bind>
<opcode="getelementptr(29) " fcode="getelementptr"/>
<opset="output_addr_2/2 "/>
</bind>
</comp>

<comp id="209" class="1004" name="output_addr_3_gep_fu_209">
<pin_list>
<pin id="210" dir="0" index="0" bw="16" slack="0"/>
<pin id="211" dir="0" index="1" bw="1" slack="0"/>
<pin id="212" dir="0" index="2" bw="3" slack="0"/>
<pin id="213" dir="1" index="3" bw="4" slack="0"/>
</pin_list>
<bind>
<opcode="getelementptr(29) " fcode="getelementptr"/>
<opset="output_addr_3/2 "/>
</bind>
</comp>

<comp id="219" class="1004" name="output_addr_4_gep_fu_219">
<pin_list>
<pin id="220" dir="0" index="0" bw="16" slack="0"/>
<pin id="221" dir="0" index="1" bw="1" slack="0"/>
<pin id="222" dir="0" index="2" bw="4" slack="0"/>
<pin id="223" dir="1" index="3" bw="4" slack="0"/>
</pin_list>
<bind>
<opcode="getelementptr(29) " fcode="getelementptr"/>
<opset="output_addr_4/3 "/>
</bind>
</comp>

<comp id="229" class="1004" name="output_addr_5_gep_fu_229">
<pin_list>
<pin id="230" dir="0" index="0" bw="16" slack="0"/>
<pin id="231" dir="0" index="1" bw="1" slack="0"/>
<pin id="232" dir="0" index="2" bw="4" slack="0"/>
<pin id="233" dir="1" index="3" bw="4" slack="0"/>
</pin_list>
<bind>
<opcode="getelementptr(29) " fcode="getelementptr"/>
<opset="output_addr_5/3 "/>
</bind>
</comp>

<comp id="239" class="1004" name="output_addr_6_gep_fu_239">
<pin_list>
<pin id="240" dir="0" index="0" bw="16" slack="0"/>
<pin id="241" dir="0" index="1" bw="1" slack="0"/>
<pin id="242" dir="0" index="2" bw="4" slack="0"/>
<pin id="243" dir="1" index="3" bw="4" slack="0"/>
</pin_list>
<bind>
<opcode="getelementptr(29) " fcode="getelementptr"/>
<opset="output_addr_6/4 "/>
</bind>
</comp>

<comp id="249" class="1004" name="output_addr_7_gep_fu_249">
<pin_list>
<pin id="250" dir="0" index="0" bw="16" slack="0"/>
<pin id="251" dir="0" index="1" bw="1" slack="0"/>
<pin id="252" dir="0" index="2" bw="4" slack="0"/>
<pin id="253" dir="1" index="3" bw="4" slack="0"/>
</pin_list>
<bind>
<opcode="getelementptr(29) " fcode="getelementptr"/>
<opset="output_addr_7/4 "/>
</bind>
</comp>

<comp id="259" class="1004" name="output_addr_8_gep_fu_259">
<pin_list>
<pin id="260" dir="0" index="0" bw="16" slack="0"/>
<pin id="261" dir="0" index="1" bw="1" slack="0"/>
<pin id="262" dir="0" index="2" bw="5" slack="0"/>
<pin id="263" dir="1" index="3" bw="4" slack="0"/>
</pin_list>
<bind>
<opcode="getelementptr(29) " fcode="getelementptr"/>
<opset="output_addr_8/5 "/>
</bind>
</comp>

<comp id="269" class="1004" name="output_addr_9_gep_fu_269">
<pin_list>
<pin id="270" dir="0" index="0" bw="16" slack="0"/>
<pin id="271" dir="0" index="1" bw="1" slack="0"/>
<pin id="272" dir="0" index="2" bw="5" slack="0"/>
<pin id="273" dir="1" index="3" bw="4" slack="0"/>
</pin_list>
<bind>
<opcode="getelementptr(29) " fcode="getelementptr"/>
<opset="output_addr_9/5 "/>
</bind>
</comp>

<comp id="279" class="1004" name="output_addr_10_gep_fu_279">
<pin_list>
<pin id="280" dir="0" index="0" bw="16" slack="0"/>
<pin id="281" dir="0" index="1" bw="1" slack="0"/>
<pin id="282" dir="0" index="2" bw="5" slack="0"/>
<pin id="283" dir="1" index="3" bw="4" slack="0"/>
</pin_list>
<bind>
<opcode="getelementptr(29) " fcode="getelementptr"/>
<opset="output_addr_10/6 "/>
</bind>
</comp>

<comp id="289" class="1004" name="output_addr_11_gep_fu_289">
<pin_list>
<pin id="290" dir="0" index="0" bw="16" slack="0"/>
<pin id="291" dir="0" index="1" bw="1" slack="0"/>
<pin id="292" dir="0" index="2" bw="5" slack="0"/>
<pin id="293" dir="1" index="3" bw="4" slack="0"/>
</pin_list>
<bind>
<opcode="getelementptr(29) " fcode="getelementptr"/>
<opset="output_addr_11/6 "/>
</bind>
</comp>

<comp id="299" class="1004" name="output_addr_12_gep_fu_299">
<pin_list>
<pin id="300" dir="0" index="0" bw="16" slack="0"/>
<pin id="301" dir="0" index="1" bw="1" slack="0"/>
<pin id="302" dir="0" index="2" bw="5" slack="0"/>
<pin id="303" dir="1" index="3" bw="4" slack="0"/>
</pin_list>
<bind>
<opcode="getelementptr(29) " fcode="getelementptr"/>
<opset="output_addr_12/7 "/>
</bind>
</comp>

<comp id="309" class="1004" name="output_addr_13_gep_fu_309">
<pin_list>
<pin id="310" dir="0" index="0" bw="16" slack="0"/>
<pin id="311" dir="0" index="1" bw="1" slack="0"/>
<pin id="312" dir="0" index="2" bw="5" slack="0"/>
<pin id="313" dir="1" index="3" bw="4" slack="0"/>
</pin_list>
<bind>
<opcode="getelementptr(29) " fcode="getelementptr"/>
<opset="output_addr_13/7 "/>
</bind>
</comp>

<comp id="319" class="1004" name="output_addr_14_gep_fu_319">
<pin_list>
<pin id="320" dir="0" index="0" bw="16" slack="0"/>
<pin id="321" dir="0" index="1" bw="1" slack="0"/>
<pin id="322" dir="0" index="2" bw="5" slack="0"/>
<pin id="323" dir="1" index="3" bw="4" slack="0"/>
</pin_list>
<bind>
<opcode="getelementptr(29) " fcode="getelementptr"/>
<opset="output_addr_14/8 "/>
</bind>
</comp>

<comp id="329" class="1004" name="output_addr_15_gep_fu_329">
<pin_list>
<pin id="330" dir="0" index="0" bw="16" slack="0"/>
<pin id="331" dir="0" index="1" bw="1" slack="0"/>
<pin id="332" dir="0" index="2" bw="5" slack="0"/>
<pin id="333" dir="1" index="3" bw="4" slack="0"/>
</pin_list>
<bind>
<opcode="getelementptr(29) " fcode="getelementptr"/>
<opset="output_addr_15/8 "/>
</bind>
</comp>

</comp_list>

<net_list>
<net id="80"><net_src comp="34" pin="0"/><net_sink comp="76" pin=0"/></net>

<net id="81"><net_src comp="2" pin="0"/><net_sink comp="76" pin=1"/></net>

<net id="86"><net_src comp="34" pin="0"/><net_sink comp="82" pin=0"/></net>

<net id="87"><net_src comp="0" pin="0"/><net_sink comp="82" pin=1"/></net>

<net id="92"><net_src comp="34" pin="0"/><net_sink comp="88" pin=0"/></net>

<net id="93"><net_src comp="6" pin="0"/><net_sink comp="88" pin=1"/></net>

<net id="98"><net_src comp="34" pin="0"/><net_sink comp="94" pin=0"/></net>

<net id="99"><net_src comp="4" pin="0"/><net_sink comp="94" pin=1"/></net>

<net id="104"><net_src comp="34" pin="0"/><net_sink comp="100" pin=0"/></net>

<net id="105"><net_src comp="10" pin="0"/><net_sink comp="100" pin=1"/></net>

<net id="110"><net_src comp="34" pin="0"/><net_sink comp="106" pin=0"/></net>

<net id="111"><net_src comp="8" pin="0"/><net_sink comp="106" pin=1"/></net>

<net id="116"><net_src comp="34" pin="0"/><net_sink comp="112" pin=0"/></net>

<net id="117"><net_src comp="14" pin="0"/><net_sink comp="112" pin=1"/></net>

<net id="122"><net_src comp="34" pin="0"/><net_sink comp="118" pin=0"/></net>

<net id="123"><net_src comp="12" pin="0"/><net_sink comp="118" pin=1"/></net>

<net id="128"><net_src comp="34" pin="0"/><net_sink comp="124" pin=0"/></net>

<net id="129"><net_src comp="18" pin="0"/><net_sink comp="124" pin=1"/></net>

<net id="134"><net_src comp="34" pin="0"/><net_sink comp="130" pin=0"/></net>

<net id="135"><net_src comp="16" pin="0"/><net_sink comp="130" pin=1"/></net>

<net id="140"><net_src comp="34" pin="0"/><net_sink comp="136" pin=0"/></net>

<net id="141"><net_src comp="22" pin="0"/><net_sink comp="136" pin=1"/></net>

<net id="146"><net_src comp="34" pin="0"/><net_sink comp="142" pin=0"/></net>

<net id="147"><net_src comp="20" pin="0"/><net_sink comp="142" pin=1"/></net>

<net id="152"><net_src comp="34" pin="0"/><net_sink comp="148" pin=0"/></net>

<net id="153"><net_src comp="26" pin="0"/><net_sink comp="148" pin=1"/></net>

<net id="158"><net_src comp="34" pin="0"/><net_sink comp="154" pin=0"/></net>

<net id="159"><net_src comp="24" pin="0"/><net_sink comp="154" pin=1"/></net>

<net id="164"><net_src comp="34" pin="0"/><net_sink comp="160" pin=0"/></net>

<net id="165"><net_src comp="30" pin="0"/><net_sink comp="160" pin=1"/></net>

<net id="170"><net_src comp="34" pin="0"/><net_sink comp="166" pin=0"/></net>

<net id="171"><net_src comp="28" pin="0"/><net_sink comp="166" pin=1"/></net>

<net id="177"><net_src comp="32" pin="0"/><net_sink comp="172" pin=0"/></net>

<net id="178"><net_src comp="36" pin="0"/><net_sink comp="172" pin=1"/></net>

<net id="179"><net_src comp="36" pin="0"/><net_sink comp="172" pin=2"/></net>

<net id="184"><net_src comp="82" pin="2"/><net_sink comp="180" pin=1"/></net>

<net id="185"><net_src comp="172" pin="3"/><net_sink comp="180" pin=0"/></net>

<net id="191"><net_src comp="32" pin="0"/><net_sink comp="186" pin=0"/></net>

<net id="192"><net_src comp="36" pin="0"/><net_sink comp="186" pin=1"/></net>

<net id="193"><net_src comp="38" pin="0"/><net_sink comp="186" pin=2"/></net>

<net id="197"><net_src comp="76" pin="2"/><net_sink comp="180" pin=4"/></net>

<net id="198"><net_src comp="186" pin="3"/><net_sink comp="180" pin=3"/></net>

<net id="204"><net_src comp="32" pin="0"/><net_sink comp="199" pin=0"/></net>

<net id="205"><net_src comp="36" pin="0"/><net_sink comp="199" pin=1"/></net>

<net id="206"><net_src comp="40" pin="0"/><net_sink comp="199" pin=2"/></net>

<net id="207"><net_src comp="94" pin="2"/><net_sink comp="180" pin=1"/></net>

<net id="208"><net_src comp="199" pin="3"/><net_sink comp="180" pin=0"/></net>

<net id="214"><net_src comp="32" pin="0"/><net_sink comp="209" pin=0"/></net>

<net id="215"><net_src comp="36" pin="0"/><net_sink comp="209" pin=1"/></net>

<net id="216"><net_src comp="42" pin="0"/><net_sink comp="209" pin=2"/></net>

<net id="217"><net_src comp="88" pin="2"/><net_sink comp="180" pin=4"/></net>

<net id="218"><net_src comp="209" pin="3"/><net_sink comp="180" pin=3"/></net>

<net id="224"><net_src comp="32" pin="0"/><net_sink comp="219" pin=0"/></net>

<net id="225"><net_src comp="36" pin="0"/><net_sink comp="219" pin=1"/></net>

<net id="226"><net_src comp="44" pin="0"/><net_sink comp="219" pin=2"/></net>

<net id="227"><net_src comp="106" pin="2"/><net_sink comp="180" pin=1"/></net>

<net id="228"><net_src comp="219" pin="3"/><net_sink comp="180" pin=0"/></net>

<net id="234"><net_src comp="32" pin="0"/><net_sink comp="229" pin=0"/></net>

<net id="235"><net_src comp="36" pin="0"/><net_sink comp="229" pin=1"/></net>

<net id="236"><net_src comp="46" pin="0"/><net_sink comp="229" pin=2"/></net>

<net id="237"><net_src comp="100" pin="2"/><net_sink comp="180" pin=4"/></net>

<net id="238"><net_src comp="229" pin="3"/><net_sink comp="180" pin=3"/></net>

<net id="244"><net_src comp="32" pin="0"/><net_sink comp="239" pin=0"/></net>

<net id="245"><net_src comp="36" pin="0"/><net_sink comp="239" pin=1"/></net>

<net id="246"><net_src comp="48" pin="0"/><net_sink comp="239" pin=2"/></net>

<net id="247"><net_src comp="118" pin="2"/><net_sink comp="180" pin=1"/></net>

<net id="248"><net_src comp="239" pin="3"/><net_sink comp="180" pin=0"/></net>

<net id="254"><net_src comp="32" pin="0"/><net_sink comp="249" pin=0"/></net>

<net id="255"><net_src comp="36" pin="0"/><net_sink comp="249" pin=1"/></net>

<net id="256"><net_src comp="50" pin="0"/><net_sink comp="249" pin=2"/></net>

<net id="257"><net_src comp="112" pin="2"/><net_sink comp="180" pin=4"/></net>

<net id="258"><net_src comp="249" pin="3"/><net_sink comp="180" pin=3"/></net>

<net id="264"><net_src comp="32" pin="0"/><net_sink comp="259" pin=0"/></net>

<net id="265"><net_src comp="36" pin="0"/><net_sink comp="259" pin=1"/></net>

<net id="266"><net_src comp="52" pin="0"/><net_sink comp="259" pin=2"/></net>

<net id="267"><net_src comp="130" pin="2"/><net_sink comp="180" pin=1"/></net>

<net id="268"><net_src comp="259" pin="3"/><net_sink comp="180" pin=0"/></net>

<net id="274"><net_src comp="32" pin="0"/><net_sink comp="269" pin=0"/></net>

<net id="275"><net_src comp="36" pin="0"/><net_sink comp="269" pin=1"/></net>

<net id="276"><net_src comp="54" pin="0"/><net_sink comp="269" pin=2"/></net>

<net id="277"><net_src comp="124" pin="2"/><net_sink comp="180" pin=4"/></net>

<net id="278"><net_src comp="269" pin="3"/><net_sink comp="180" pin=3"/></net>

<net id="284"><net_src comp="32" pin="0"/><net_sink comp="279" pin=0"/></net>

<net id="285"><net_src comp="36" pin="0"/><net_sink comp="279" pin=1"/></net>

<net id="286"><net_src comp="56" pin="0"/><net_sink comp="279" pin=2"/></net>

<net id="287"><net_src comp="142" pin="2"/><net_sink comp="180" pin=1"/></net>

<net id="288"><net_src comp="279" pin="3"/><net_sink comp="180" pin=0"/></net>

<net id="294"><net_src comp="32" pin="0"/><net_sink comp="289" pin=0"/></net>

<net id="295"><net_src comp="36" pin="0"/><net_sink comp="289" pin=1"/></net>

<net id="296"><net_src comp="58" pin="0"/><net_sink comp="289" pin=2"/></net>

<net id="297"><net_src comp="136" pin="2"/><net_sink comp="180" pin=4"/></net>

<net id="298"><net_src comp="289" pin="3"/><net_sink comp="180" pin=3"/></net>

<net id="304"><net_src comp="32" pin="0"/><net_sink comp="299" pin=0"/></net>

<net id="305"><net_src comp="36" pin="0"/><net_sink comp="299" pin=1"/></net>

<net id="306"><net_src comp="60" pin="0"/><net_sink comp="299" pin=2"/></net>

<net id="307"><net_src comp="154" pin="2"/><net_sink comp="180" pin=1"/></net>

<net id="308"><net_src comp="299" pin="3"/><net_sink comp="180" pin=0"/></net>

<net id="314"><net_src comp="32" pin="0"/><net_sink comp="309" pin=0"/></net>

<net id="315"><net_src comp="36" pin="0"/><net_sink comp="309" pin=1"/></net>

<net id="316"><net_src comp="62" pin="0"/><net_sink comp="309" pin=2"/></net>

<net id="317"><net_src comp="148" pin="2"/><net_sink comp="180" pin=4"/></net>

<net id="318"><net_src comp="309" pin="3"/><net_sink comp="180" pin=3"/></net>

<net id="324"><net_src comp="32" pin="0"/><net_sink comp="319" pin=0"/></net>

<net id="325"><net_src comp="36" pin="0"/><net_sink comp="319" pin=1"/></net>

<net id="326"><net_src comp="72" pin="0"/><net_sink comp="319" pin=2"/></net>

<net id="327"><net_src comp="166" pin="2"/><net_sink comp="180" pin=1"/></net>

<net id="328"><net_src comp="319" pin="3"/><net_sink comp="180" pin=0"/></net>

<net id="334"><net_src comp="32" pin="0"/><net_sink comp="329" pin=0"/></net>

<net id="335"><net_src comp="36" pin="0"/><net_sink comp="329" pin=1"/></net>

<net id="336"><net_src comp="74" pin="0"/><net_sink comp="329" pin=2"/></net>

<net id="337"><net_src comp="160" pin="2"/><net_sink comp="180" pin=4"/></net>

<net id="338"><net_src comp="329" pin="3"/><net_sink comp="180" pin=3"/></net>

</net_list>

</model> 
---------------- Datapath Model END ------------------

* FSMD analyzer results:
  - Output states:
	Port: output_r | {1 2 3 4 5 6 7 8 }
 - Input state : 
	Port: write_data : p_read | {1 }
	Port: write_data : p_read1 | {1 }
	Port: write_data : p_read2 | {2 }
	Port: write_data : p_read3 | {2 }
	Port: write_data : p_read4 | {3 }
	Port: write_data : p_read5 | {3 }
	Port: write_data : p_read6 | {4 }
	Port: write_data : p_read7 | {4 }
	Port: write_data : p_read8 | {5 }
	Port: write_data : p_read9 | {5 }
	Port: write_data : p_read10 | {6 }
	Port: write_data : p_read11 | {6 }
	Port: write_data : p_read12 | {7 }
	Port: write_data : p_read13 | {7 }
	Port: write_data : p_read14 | {8 }
	Port: write_data : p_read15 | {8 }
  - Chain level:
	State 1
		StgValue_12 : 1
		StgValue_14 : 1
	State 2
		StgValue_18 : 1
		StgValue_20 : 1
	State 3
		StgValue_24 : 1
		StgValue_26 : 1
	State 4
		StgValue_30 : 1
		StgValue_32 : 1
	State 5
		StgValue_36 : 1
		StgValue_38 : 1
	State 6
		StgValue_42 : 1
		StgValue_44 : 1
	State 7
		StgValue_48 : 1
		StgValue_50 : 1
	State 8
		StgValue_55 : 1
		StgValue_57 : 1


============================================================
+ Verbose Summary: Datapath Resource usage 
============================================================

* Functional unit list:
|----------|-----------------------|
| Operation|    Functional Unit    |
|----------|-----------------------|
|          |  p_read_15_read_fu_76 |
|          |  p_read16_read_fu_82  |
|          |  p_read_13_read_fu_88 |
|          |  p_read_14_read_fu_94 |
|          | p_read_11_read_fu_100 |
|          | p_read_12_read_fu_106 |
|          |  p_read_9_read_fu_112 |
|   read   | p_read_10_read_fu_118 |
|          |  p_read_7_read_fu_124 |
|          |  p_read_8_read_fu_130 |
|          |  p_read_5_read_fu_136 |
|          |  p_read_6_read_fu_142 |
|          |  p_read_3_read_fu_148 |
|          |  p_read_4_read_fu_154 |
|          |  p_read_1_read_fu_160 |
|          |  p_read_2_read_fu_166 |
|----------|-----------------------|
|   Total  |                       |
|----------|-----------------------|

Memories:
N/A

* Register list:
N/A

* Multiplexer (MUX) list: 
|-------------------|------|------|------|--------||---------||---------|
|        Comp       |  Pin | Size |  BW  | S x BW ||  Delay  ||   LUT   |
|-------------------|------|------|------|--------||---------||---------|
| grp_access_fu_180 |  p0  |   8  |   4  |   32   ||    41   |
| grp_access_fu_180 |  p1  |   8  |  16  |   128  ||    41   |
| grp_access_fu_180 |  p3  |   8  |   4  |   32   ||    41   |
| grp_access_fu_180 |  p4  |   8  |  16  |   128  ||    41   |
|-------------------|------|------|------|--------||---------||---------|
|       Total       |      |      |      |   320  ||  2.8384 ||   164   |
|-------------------|------|------|------|--------||---------||---------|



* Summary:
+-----------+--------+--------+
|           |  Delay |   LUT  |
+-----------+--------+--------+
|  Function |    -   |    -   |
|   Memory  |    -   |    -   |
|Multiplexer|    2   |   164  |
|  Register |    -   |    -   |
+-----------+--------+--------+
|   Total   |    2   |   164  |
+-----------+--------+--------+
