

================================================================
== Vivado HLS Report for 'img_proc'
================================================================
* Date:           Fri Jul 20 11:59:22 2018

* Version:        2017.4 (Build 2086221 on Fri Dec 15 21:13:33 MST 2017)
* Project:        dct_hls
* Solution:       solution4
* Product family: virtexuplus
* Target device:  xcvu9p-flga2104-2-i


================================================================
== Performance Estimates
================================================================
+ Timing (ns): 
    * Summary: 
    +--------+-------+----------+------------+
    |  Clock | Target| Estimated| Uncertainty|
    +--------+-------+----------+------------+
    |ap_clk  |  10.00|      8.64|        1.25|
    +--------+-------+----------+------------+

+ Latency (clock cycles): 
    * Summary: 
    +--------+--------+--------+--------+---------+
    |     Latency     |     Interval    | Pipeline|
    |   min  |   max  |   min  |   max  |   Type  |
    +--------+--------+--------+--------+---------+
    |  320011|  320011|  320011|  320011|   none  |
    +--------+--------+--------+--------+---------+

    + Detail: 
        * Instance: 
        +--------------------------+---------------+-----+-----+-----+-----+----------+
        |                          |               |  Latency  |  Interval | Pipeline |
        |         Instance         |     Module    | min | max | min | max |   Type   |
        +--------------------------+---------------+-----+-----+-----+-----+----------+
        |grp_add_watermark_fu_386  |add_watermark  |    1|    1|    1|    1| function |
        +--------------------------+---------------+-----+-----+-----+-----+----------+

        * Loop: 
        +------------+--------+--------+----------+-----------+-----------+-------+----------+
        |            |     Latency     | Iteration|  Initiation Interval  |  Trip |          |
        |  Loop Name |   min  |   max  |  Latency |  achieved |   target  | Count | Pipelined|
        +------------+--------+--------+----------+-----------+-----------+-------+----------+
        |- Row_Loop  |  320009|  320009|        18|          8|          1|  40000|    yes   |
        +------------+--------+--------+----------+-----------+-----------+-------+----------+



================================================================
== Utilization Estimates
================================================================
* Summary: 
+-----------------+---------+-------+---------+---------+-----+
|       Name      | BRAM_18K| DSP48E|    FF   |   LUT   | URAM|
+-----------------+---------+-------+---------+---------+-----+
|DSP              |        -|      -|        -|        -|    -|
|Expression       |        -|      -|        0|      604|    -|
|FIFO             |        -|      -|        -|        -|    -|
|Instance         |        -|      4|      257|     6367|    -|
|Memory           |        -|      -|        -|        -|    -|
|Multiplexer      |        -|      -|        -|      368|    -|
|Register         |        0|      -|     1386|       32|    -|
+-----------------+---------+-------+---------+---------+-----+
|Total            |        0|      4|     1643|     7371|    0|
+-----------------+---------+-------+---------+---------+-----+
|Available        |     4320|   6840|  2364480|  1182240|  960|
+-----------------+---------+-------+---------+---------+-----+
|Utilization (%)  |        0|   ~0  |    ~0   |    ~0   |    0|
+-----------------+---------+-------+---------+---------+-----+

+ Detail: 
    * Instance: 
    +--------------------------+---------------+---------+-------+-----+------+
    |         Instance         |     Module    | BRAM_18K| DSP48E|  FF |  LUT |
    +--------------------------+---------------+---------+-------+-----+------+
    |grp_add_watermark_fu_386  |add_watermark  |        0|      4|  257|  6367|
    +--------------------------+---------------+---------+-------+-----+------+
    |Total                     |               |        0|      4|  257|  6367|
    +--------------------------+---------------+---------+-------+-----+------+

    * DSP48: 
    N/A

    * Memory: 
    N/A

    * FIFO: 
    N/A

    * Expression: 
    +-------------------------+----------+-------+---+----+------------+------------+
    |      Variable Name      | Operation| DSP48E| FF| LUT| Bitwidth P0| Bitwidth P1|
    +-------------------------+----------+-------+---+----+------------+------------+
    |base_idx_fu_469_p2       |     +    |      0|  0|  29|          22|          22|
    |mark_idx_1_fu_415_p2     |     +    |      0|  0|  23|          16|           1|
    |next_urem_fu_421_p2      |     +    |      0|  0|  23|           1|          16|
    |tmp_14_fu_528_p2         |     +    |      0|  0|  29|          10|          22|
    |tmp_16_fu_542_p2         |     +    |      0|  0|  29|          10|          22|
    |tmp_18_fu_556_p2         |     +    |      0|  0|  29|          10|          22|
    |tmp_20_fu_570_p2         |     +    |      0|  0|  29|          10|          22|
    |tmp_22_fu_584_p2         |     +    |      0|  0|  29|          11|          22|
    |tmp_24_fu_598_p2         |     +    |      0|  0|  29|          11|          22|
    |tmp_26_fu_612_p2         |     +    |      0|  0|  29|          11|          22|
    |tmp_28_fu_626_p2         |     +    |      0|  0|  29|          11|          22|
    |tmp_30_fu_640_p2         |     +    |      0|  0|  29|          12|          22|
    |tmp_32_fu_654_p2         |     +    |      0|  0|  29|          12|          22|
    |tmp_34_fu_680_p2         |     +    |      0|  0|  29|          12|          22|
    |tmp_36_fu_694_p2         |     +    |      0|  0|  29|          12|          22|
    |tmp_s_fu_435_p2          |     -    |      0|  0|  24|          17|          17|
    |tmp_48_fu_668_p2         |   icmp   |      0|  0|  13|          16|           8|
    |tmp_fu_409_p2            |   icmp   |      0|  0|  13|          16|          16|
    |tmp_10_fu_500_p2         |    or    |      0|  0|  29|          22|           2|
    |tmp_12_fu_514_p2         |    or    |      0|  0|  29|          22|           2|
    |tmp_8_fu_484_p2          |    or    |      0|  0|  39|          32|           1|
    |idx_urem_fu_673_p3       |  select  |      0|  0|  16|           1|          16|
    |ap_enable_pp0            |    xor   |      0|  0|   9|           1|           2|
    |ap_enable_reg_pp0_iter1  |    xor   |      0|  0|   9|           2|           1|
    +-------------------------+----------+-------+---+----+------------+------------+
    |Total                    |          |      0|  0| 604|         300|         368|
    +-------------------------+----------+-------+---+----+------------+------------+

    * Multiplexer: 
    +-----------------------------------+----+-----------+-----+-----------+
    |                Name               | LUT| Input Size| Bits| Total Bits|
    +-----------------------------------+----+-----------+-----+-----------+
    |ap_NS_fsm                          |  50|         11|    1|         11|
    |ap_enable_reg_pp0_iter1            |   9|          2|    1|          2|
    |ap_enable_reg_pp0_iter2            |   9|          2|    1|          2|
    |ap_phi_mux_mark_idx_phi_fu_368_p4  |   9|          2|   16|         32|
    |ap_phi_mux_tmp_49_phi_fu_379_p4    |   9|          2|   16|         32|
    |img_address0                       |  44|          9|   20|        180|
    |img_address1                       |  44|          9|   20|        180|
    |mark_idx_reg_364                   |   9|          2|   16|         32|
    |out_r_address0                     |  44|          9|   20|        180|
    |out_r_address1                     |  44|          9|   20|        180|
    |out_r_d0                           |  44|          9|    8|         72|
    |out_r_d1                           |  44|          9|    8|         72|
    |tmp_49_reg_375                     |   9|          2|   16|         32|
    +-----------------------------------+----+-----------+-----+-----------+
    |Total                              | 368|         77|  163|       1007|
    +-----------------------------------+----+-----------+-----+-----------+

    * Register: 
    +----------------------------------+----+----+-----+-----------+
    |               Name               | FF | LUT| Bits| Const Bits|
    +----------------------------------+----+----+-----+-----------+
    |ap_CS_fsm                         |  10|   0|   10|          0|
    |ap_enable_reg_pp0_iter0           |   1|   0|    1|          0|
    |ap_enable_reg_pp0_iter1           |   1|   0|    1|          0|
    |ap_enable_reg_pp0_iter2           |   1|   0|    1|          0|
    |ap_reg_pp0_iter1_tmp_11_reg_840   |  30|   0|   64|         34|
    |ap_reg_pp0_iter1_tmp_13_reg_850   |  30|   0|   64|         34|
    |ap_reg_pp0_iter1_tmp_15_reg_875   |  30|   0|   64|         34|
    |ap_reg_pp0_iter1_tmp_17_reg_885   |  30|   0|   64|         34|
    |ap_reg_pp0_iter1_tmp_19_reg_905   |  30|   0|   64|         34|
    |ap_reg_pp0_iter1_tmp_21_reg_915   |  30|   0|   64|         34|
    |ap_reg_pp0_iter1_tmp_23_reg_935   |  30|   0|   64|         34|
    |ap_reg_pp0_iter1_tmp_25_reg_945   |  30|   0|   64|         34|
    |ap_reg_pp0_iter1_tmp_27_reg_965   |  30|   0|   64|         34|
    |ap_reg_pp0_iter1_tmp_29_reg_975   |  30|   0|   64|         34|
    |ap_reg_pp0_iter1_tmp_31_reg_995   |  30|   0|   64|         34|
    |ap_reg_pp0_iter1_tmp_33_reg_1005  |  30|   0|   64|         34|
    |ap_reg_pp0_iter1_tmp_35_reg_1030  |  30|   0|   64|         34|
    |ap_reg_pp0_iter1_tmp_37_reg_1040  |  30|   0|   64|         34|
    |ap_reg_pp0_iter1_tmp_7_reg_805    |  30|   0|   64|         34|
    |ap_reg_pp0_iter1_tmp_9_reg_815    |  30|   0|   64|         34|
    |base_idx_reg_787                  |  20|   0|   22|          2|
    |idx_urem_reg_1015                 |  16|   0|   16|          0|
    |indata_0_reg_830                  |   8|   0|    8|          0|
    |indata_10_reg_985                 |   8|   0|    8|          0|
    |indata_11_reg_990                 |   8|   0|    8|          0|
    |indata_12_reg_1020                |   8|   0|    8|          0|
    |indata_13_reg_1025                |   8|   0|    8|          0|
    |indata_1_reg_835                  |   8|   0|    8|          0|
    |indata_2_reg_865                  |   8|   0|    8|          0|
    |indata_3_reg_870                  |   8|   0|    8|          0|
    |indata_4_reg_895                  |   8|   0|    8|          0|
    |indata_5_reg_900                  |   8|   0|    8|          0|
    |indata_6_reg_925                  |   8|   0|    8|          0|
    |indata_7_reg_930                  |   8|   0|    8|          0|
    |indata_8_reg_955                  |   8|   0|    8|          0|
    |indata_9_reg_960                  |   8|   0|    8|          0|
    |mark_idx_1_reg_776                |  16|   0|   16|          0|
    |mark_idx_reg_364                  |  16|   0|   16|          0|
    |mark_load_reg_860                 |   8|   0|    8|          0|
    |next_urem_reg_781                 |  16|   0|   16|          0|
    |outdata_0_reg_1050                |   8|   0|    8|          0|
    |outdata_10_reg_1100               |   8|   0|    8|          0|
    |outdata_11_reg_1105               |   8|   0|    8|          0|
    |outdata_12_reg_1110               |   8|   0|    8|          0|
    |outdata_13_reg_1115               |   8|   0|    8|          0|
    |outdata_14_reg_1120               |   8|   0|    8|          0|
    |outdata_15_reg_1125               |   8|   0|    8|          0|
    |outdata_1_reg_1055                |   8|   0|    8|          0|
    |outdata_2_reg_1060                |   8|   0|    8|          0|
    |outdata_3_reg_1065                |   8|   0|    8|          0|
    |outdata_4_reg_1070                |   8|   0|    8|          0|
    |outdata_5_reg_1075                |   8|   0|    8|          0|
    |outdata_6_reg_1080                |   8|   0|    8|          0|
    |outdata_7_reg_1085                |   8|   0|    8|          0|
    |outdata_8_reg_1090                |   8|   0|    8|          0|
    |outdata_9_reg_1095                |   8|   0|    8|          0|
    |tmp_11_reg_840                    |  30|   0|   64|         34|
    |tmp_13_reg_850                    |  30|   0|   64|         34|
    |tmp_15_reg_875                    |  30|   0|   64|         34|
    |tmp_17_reg_885                    |  30|   0|   64|         34|
    |tmp_19_reg_905                    |  30|   0|   64|         34|
    |tmp_21_reg_915                    |  30|   0|   64|         34|
    |tmp_23_reg_935                    |  30|   0|   64|         34|
    |tmp_25_reg_945                    |  30|   0|   64|         34|
    |tmp_27_reg_965                    |  30|   0|   64|         34|
    |tmp_29_reg_975                    |  30|   0|   64|         34|
    |tmp_31_reg_995                    |  30|   0|   64|         34|
    |tmp_33_reg_1005                   |  30|   0|   64|         34|
    |tmp_35_reg_1030                   |  30|   0|   64|         34|
    |tmp_37_reg_1040                   |  30|   0|   64|         34|
    |tmp_49_reg_375                    |  16|   0|   16|          0|
    |tmp_7_reg_805                     |  30|   0|   64|         34|
    |tmp_9_reg_815                     |  30|   0|   64|         34|
    |tmp_reg_772                       |   1|   0|    1|          0|
    |tmp_reg_772                       |  64|  32|    1|          0|
    +----------------------------------+----+----+-----+-----------+
    |Total                             |1386|  32| 2413|       1090|
    +----------------------------------+----+----+-----+-----------+



================================================================
== Interface
================================================================
* Summary: 
+----------------+-----+-----+------------+--------------+--------------+
|    RTL Ports   | Dir | Bits|  Protocol  | Source Object|    C Type    |
+----------------+-----+-----+------------+--------------+--------------+
|ap_clk          |  in |    1| ap_ctrl_hs |   img_proc   | return value |
|ap_rst          |  in |    1| ap_ctrl_hs |   img_proc   | return value |
|ap_start        |  in |    1| ap_ctrl_hs |   img_proc   | return value |
|ap_done         | out |    1| ap_ctrl_hs |   img_proc   | return value |
|ap_idle         | out |    1| ap_ctrl_hs |   img_proc   | return value |
|ap_ready        | out |    1| ap_ctrl_hs |   img_proc   | return value |
|img_address0    | out |   20|  ap_memory |      img     |     array    |
|img_ce0         | out |    1|  ap_memory |      img     |     array    |
|img_q0          |  in |    8|  ap_memory |      img     |     array    |
|img_address1    | out |   20|  ap_memory |      img     |     array    |
|img_ce1         | out |    1|  ap_memory |      img     |     array    |
|img_q1          |  in |    8|  ap_memory |      img     |     array    |
|mark_address0   | out |   16|  ap_memory |     mark     |     array    |
|mark_ce0        | out |    1|  ap_memory |     mark     |     array    |
|mark_q0         |  in |    8|  ap_memory |     mark     |     array    |
|out_r_address0  | out |   20|  ap_memory |     out_r    |     array    |
|out_r_ce0       | out |    1|  ap_memory |     out_r    |     array    |
|out_r_we0       | out |    1|  ap_memory |     out_r    |     array    |
|out_r_d0        | out |    8|  ap_memory |     out_r    |     array    |
|out_r_address1  | out |   20|  ap_memory |     out_r    |     array    |
|out_r_ce1       | out |    1|  ap_memory |     out_r    |     array    |
|out_r_we1       | out |    1|  ap_memory |     out_r    |     array    |
|out_r_d1        | out |    8|  ap_memory |     out_r    |     array    |
+----------------+-----+-----+------------+--------------+--------------+

