

================================================================
== Vivado HLS Report for 'write_data'
================================================================
* Date:           Fri Jul 20 11:59:19 2018

* Version:        2017.4 (Build 2086221 on Fri Dec 15 21:13:33 MST 2017)
* Project:        dct_hls
* Solution:       solution4
* Product family: virtexuplus
* Target device:  xcvu9p-flga2104-2-i


================================================================
== Performance Estimates
================================================================
+ Timing (ns): 
    * Summary: 
    +--------+-------+----------+------------+
    |  Clock | Target| Estimated| Uncertainty|
    +--------+-------+----------+------------+
    |ap_clk  |  10.00|      0.00|        1.25|
    +--------+-------+----------+------------+

+ Latency (clock cycles): 
    * Summary: 
    +-----+-----+-----+-----+----------+
    |  Latency  |  Interval | Pipeline |
    | min | max | min | max |   Type   |
    +-----+-----+-----+-----+----------+
    |    0|    0|    1|    1| function |
    +-----+-----+-----+-----+----------+

    + Detail: 
        * Instance: 
        N/A

        * Loop: 
        N/A



================================================================
== Utilization Estimates
================================================================
* Summary: 
+-----------------+---------+-------+---------+---------+-----+
|       Name      | BRAM_18K| DSP48E|    FF   |   LUT   | URAM|
+-----------------+---------+-------+---------+---------+-----+
|DSP              |        -|      -|        -|        -|    -|
|Expression       |        -|      -|        -|        -|    -|
|FIFO             |        -|      -|        -|        -|    -|
|Instance         |        -|      -|        -|        -|    -|
|Memory           |        -|      -|        -|        -|    -|
|Multiplexer      |        -|      -|        -|        -|    -|
|Register         |        -|      -|        -|        -|    -|
+-----------------+---------+-------+---------+---------+-----+
|Total            |        0|      0|        0|        0|    0|
+-----------------+---------+-------+---------+---------+-----+
|Available        |     4320|   6840|  2364480|  1182240|  960|
+-----------------+---------+-------+---------+---------+-----+
|Utilization (%)  |        0|      0|        0|        0|    0|
+-----------------+---------+-------+---------+---------+-----+

+ Detail: 
    * Instance: 
    N/A

    * DSP48: 
    N/A

    * Memory: 
    N/A

    * FIFO: 
    N/A

    * Expression: 
    N/A

    * Multiplexer: 
    N/A

    * Register: 
    N/A



================================================================
== Interface
================================================================
* Summary: 
+--------------+-----+-----+------------+--------------+--------------+
|   RTL Ports  | Dir | Bits|  Protocol  | Source Object|    C Type    |
+--------------+-----+-----+------------+--------------+--------------+
|ap_ready      | out |    1| ap_ctrl_hs |  write_data  | return value |
|ap_return_0   | out |    8| ap_ctrl_hs |  write_data  | return value |
|ap_return_1   | out |    8| ap_ctrl_hs |  write_data  | return value |
|ap_return_2   | out |    8| ap_ctrl_hs |  write_data  | return value |
|ap_return_3   | out |    8| ap_ctrl_hs |  write_data  | return value |
|ap_return_4   | out |    8| ap_ctrl_hs |  write_data  | return value |
|ap_return_5   | out |    8| ap_ctrl_hs |  write_data  | return value |
|ap_return_6   | out |    8| ap_ctrl_hs |  write_data  | return value |
|ap_return_7   | out |    8| ap_ctrl_hs |  write_data  | return value |
|ap_return_8   | out |    8| ap_ctrl_hs |  write_data  | return value |
|ap_return_9   | out |    8| ap_ctrl_hs |  write_data  | return value |
|ap_return_10  | out |    8| ap_ctrl_hs |  write_data  | return value |
|ap_return_11  | out |    8| ap_ctrl_hs |  write_data  | return value |
|ap_return_12  | out |    8| ap_ctrl_hs |  write_data  | return value |
|ap_return_13  | out |    8| ap_ctrl_hs |  write_data  | return value |
|ap_return_14  | out |    8| ap_ctrl_hs |  write_data  | return value |
|ap_return_15  | out |    8| ap_ctrl_hs |  write_data  | return value |
|buf_0_0_read  |  in |    8|   ap_none  | buf_0_0_read |    scalar    |
|buf_0_1_read  |  in |    8|   ap_none  | buf_0_1_read |    scalar    |
|buf_0_2_read  |  in |    8|   ap_none  | buf_0_2_read |    scalar    |
|buf_0_3_read  |  in |    8|   ap_none  | buf_0_3_read |    scalar    |
|buf_1_0_read  |  in |    8|   ap_none  | buf_1_0_read |    scalar    |
|buf_1_1_read  |  in |    8|   ap_none  | buf_1_1_read |    scalar    |
|buf_1_2_read  |  in |    8|   ap_none  | buf_1_2_read |    scalar    |
|buf_1_3_read  |  in |    8|   ap_none  | buf_1_3_read |    scalar    |
|buf_2_0_read  |  in |    8|   ap_none  | buf_2_0_read |    scalar    |
|buf_2_1_read  |  in |    8|   ap_none  | buf_2_1_read |    scalar    |
|buf_2_2_read  |  in |    8|   ap_none  | buf_2_2_read |    scalar    |
|buf_2_3_read  |  in |    8|   ap_none  | buf_2_3_read |    scalar    |
|buf_3_0_read  |  in |    8|   ap_none  | buf_3_0_read |    scalar    |
|buf_3_1_read  |  in |    8|   ap_none  | buf_3_1_read |    scalar    |
|buf_3_2_read  |  in |    8|   ap_none  | buf_3_2_read |    scalar    |
|buf_3_3_read  |  in |    8|   ap_none  | buf_3_3_read |    scalar    |
+--------------+-----+-----+------------+--------------+--------------+

