

================================================================
== Vivado HLS Report for 'quantificat'
================================================================
* Date:           Fri Jul 20 11:48:13 2018

* Version:        2017.4 (Build 2086221 on Fri Dec 15 21:13:33 MST 2017)
* Project:        dct_hls
* Solution:       solution3
* Product family: virtexuplus
* Target device:  xcvu9p-flga2104-2-i


================================================================
== Performance Estimates
================================================================
+ Timing (ns): 
    * Summary: 
    +--------+-------+----------+------------+
    |  Clock | Target| Estimated| Uncertainty|
    +--------+-------+----------+------------+
    |ap_clk  |  10.00|      3.55|        1.25|
    +--------+-------+----------+------------+

+ Latency (clock cycles): 
    * Summary: 
    +-----+-----+-----+-----+---------+
    |  Latency  |  Interval | Pipeline|
    | min | max | min | max |   Type  |
    +-----+-----+-----+-----+---------+
    |   10|   10|   10|   10|   none  |
    +-----+-----+-----+-----+---------+

    + Detail: 
        * Instance: 
        N/A

        * Loop: 
        +---------------+-----+-----+----------+-----------+-----------+------+----------+
        |               |  Latency  | Iteration|  Initiation Interval  | Trip |          |
        |   Loop Name   | min | max |  Latency |  achieved |   target  | Count| Pipelined|
        +---------------+-----+-----+----------+-----------+-----------+------+----------+
        |- RD_Loop_Row  |    8|    8|         3|          2|          1|     4|    yes   |
        +---------------+-----+-----+----------+-----------+-----------+------+----------+



================================================================
== Utilization Estimates
================================================================
* Summary: 
+-----------------+---------+-------+---------+---------+-----+
|       Name      | BRAM_18K| DSP48E|    FF   |   LUT   | URAM|
+-----------------+---------+-------+---------+---------+-----+
|DSP              |        -|      4|        -|        -|    -|
|Expression       |        -|      -|        0|      248|    -|
|FIFO             |        -|      -|        -|        -|    -|
|Instance         |        -|      -|        0|      238|    -|
|Memory           |        -|      -|        -|        -|    -|
|Multiplexer      |        -|      -|        -|       90|    -|
|Register         |        -|      -|      510|        -|    -|
+-----------------+---------+-------+---------+---------+-----+
|Total            |        0|      4|      510|      576|    0|
+-----------------+---------+-------+---------+---------+-----+
|Available        |     4320|   6840|  2364480|  1182240|  960|
+-----------------+---------+-------+---------+---------+-----+
|Utilization (%)  |        0|   ~0  |    ~0   |    ~0   |    0|
+-----------------+---------+-------+---------+---------+-----+

+ Detail: 
    * Instance: 
    +--------------------------+----------------------+---------+-------+---+----+
    |         Instance         |        Module        | BRAM_18K| DSP48E| FF| LUT|
    +--------------------------+----------------------+---------+-------+---+----+
    |img_proc_mux_42_2cud_U5   |img_proc_mux_42_2cud  |        0|      0|  0|  17|
    |img_proc_mux_42_2cud_U6   |img_proc_mux_42_2cud  |        0|      0|  0|  17|
    |img_proc_mux_42_2cud_U7   |img_proc_mux_42_2cud  |        0|      0|  0|  17|
    |img_proc_mux_42_2cud_U8   |img_proc_mux_42_2cud  |        0|      0|  0|  17|
    |img_proc_mux_42_2cud_U9   |img_proc_mux_42_2cud  |        0|      0|  0|  17|
    |img_proc_mux_42_2cud_U10  |img_proc_mux_42_2cud  |        0|      0|  0|  17|
    |img_proc_mux_42_2cud_U11  |img_proc_mux_42_2cud  |        0|      0|  0|  17|
    |img_proc_mux_42_2cud_U12  |img_proc_mux_42_2cud  |        0|      0|  0|  17|
    |img_proc_mux_42_2cud_U13  |img_proc_mux_42_2cud  |        0|      0|  0|  17|
    |img_proc_mux_42_2cud_U14  |img_proc_mux_42_2cud  |        0|      0|  0|  17|
    |img_proc_mux_42_2cud_U15  |img_proc_mux_42_2cud  |        0|      0|  0|  17|
    |img_proc_mux_42_2cud_U16  |img_proc_mux_42_2cud  |        0|      0|  0|  17|
    |img_proc_mux_42_6bkb_U3   |img_proc_mux_42_6bkb  |        0|      0|  0|  17|
    |img_proc_mux_42_6bkb_U4   |img_proc_mux_42_6bkb  |        0|      0|  0|  17|
    +--------------------------+----------------------+---------+-------+---+----+
    |Total                     |                      |        0|      0|  0| 238|
    +--------------------------+----------------------+---------+-------+---+----+

    * DSP48: 
    +--------------------------+----------------------+-----------+
    |         Instance         |        Module        | Expression|
    +--------------------------+----------------------+-----------+
    |img_proc_mul_mul_dEe_U17  |img_proc_mul_mul_dEe  |  i0 * i1  |
    |img_proc_mul_mul_dEe_U18  |img_proc_mul_mul_dEe  |  i0 * i1  |
    |img_proc_mul_mul_dEe_U19  |img_proc_mul_mul_dEe  |  i0 * i1  |
    |img_proc_mul_mul_dEe_U20  |img_proc_mul_mul_dEe  |  i0 * i1  |
    +--------------------------+----------------------+-----------+

    * Memory: 
    N/A

    * FIFO: 
    N/A

    * Expression: 
    +-------------------------+----------+-------+---+----+------------+------------+
    |      Variable Name      | Operation| DSP48E| FF| LUT| Bitwidth P0| Bitwidth P1|
    +-------------------------+----------+-------+---+----+------------+------------+
    |r_1_fu_312_p2            |     +    |      0|  0|  11|           3|           1|
    |exitcond1_fu_306_p2      |   icmp   |      0|  0|   9|           3|           4|
    |sel_tmp2_fu_404_p2       |   icmp   |      0|  0|   8|           2|           1|
    |sel_tmp4_fu_409_p2       |   icmp   |      0|  0|   8|           2|           1|
    |sel_tmp_fu_399_p2        |   icmp   |      0|  0|   9|           2|           3|
    |or_cond_fu_414_p2        |    or    |      0|  0|   9|           1|           1|
    |tmp_10_fu_364_p2         |    or    |      0|  0|  12|           5|           2|
    |tmp_6_fu_331_p2          |    or    |      0|  0|  12|           5|           1|
    |tmp_8_fu_350_p2          |    or    |      0|  0|  12|           5|           2|
    |newSel1_fu_427_p3        |  select  |      0|  0|  20|           1|          20|
    |newSel2_fu_435_p3        |  select  |      0|  0|  20|           1|          20|
    |newSel3_fu_442_p3        |  select  |      0|  0|  20|           1|          20|
    |newSel_fu_420_p3         |  select  |      0|  0|  20|           1|          20|
    |qdst_V_016_1_fu_457_p3   |  select  |      0|  0|  20|           1|          20|
    |qdst_V_0_1_fu_465_p3     |  select  |      0|  0|  20|           1|          20|
    |sel_tmp1_fu_450_p3       |  select  |      0|  0|  20|           1|          20|
    |ap_enable_pp0            |    xor   |      0|  0|   9|           1|           2|
    |ap_enable_reg_pp0_iter1  |    xor   |      0|  0|   9|           2|           1|
    +-------------------------+----------+-------+---+----+------------+------------+
    |Total                    |          |      0|  0| 248|          38|         159|
    +-------------------------+----------+-------+---+----+------------+------------+

    * Multiplexer: 
    +----------------------------+----+-----------+-----+-----------+
    |            Name            | LUT| Input Size| Bits| Total Bits|
    +----------------------------+----+-----------+-----+-----------+
    |ap_NS_fsm                   |  27|          5|    1|          5|
    |ap_enable_reg_pp0_iter1     |  15|          3|    1|          3|
    |ap_phi_mux_r_phi_fu_299_p4  |   9|          2|    3|          6|
    |qsrc_address0               |  15|          3|    4|         12|
    |qsrc_address1               |  15|          3|    4|         12|
    |r_reg_295                   |   9|          2|    3|          6|
    +----------------------------+----+-----------+-----+-----------+
    |Total                       |  90|         18|   16|         44|
    +----------------------------+----+-----------+-----+-----------+

    * Register: 
    +----------------------------+----+----+-----+-----------+
    |            Name            | FF | LUT| Bits| Const Bits|
    +----------------------------+----+----+-----+-----------+
    |ap_CS_fsm                   |   4|   0|    4|          0|
    |ap_enable_reg_pp0_iter0     |   1|   0|    1|          0|
    |ap_enable_reg_pp0_iter1     |   1|   0|    1|          0|
    |exitcond1_reg_779           |   1|   0|    1|          0|
    |newSel1_reg_840             |  20|   0|   20|          0|
    |newSel3_reg_845             |  20|   0|   20|          0|
    |qdst_0_0_V_write_a_reg_259  |  20|   0|   20|          0|
    |qdst_0_1_V_write_a_reg_223  |  20|   0|   20|          0|
    |qdst_0_2_V_write_a_reg_187  |  20|   0|   20|          0|
    |qdst_0_3_V_write_a_reg_151  |  20|   0|   20|          0|
    |qdst_1_0_V_write_a_reg_115  |  20|   0|   20|          0|
    |qdst_1_1_V_write_a_reg_103  |  20|   0|   20|          0|
    |qdst_1_2_V_write_a_reg_127  |  20|   0|   20|          0|
    |qdst_1_3_V_write_a_reg_139  |  20|   0|   20|          0|
    |qdst_2_0_V_write_a_reg_163  |  20|   0|   20|          0|
    |qdst_2_1_V_write_a_reg_175  |  20|   0|   20|          0|
    |qdst_2_2_V_write_a_reg_199  |  20|   0|   20|          0|
    |qdst_2_3_V_write_a_reg_211  |  20|   0|   20|          0|
    |qdst_3_0_V_write_a_reg_235  |  20|   0|   20|          0|
    |qdst_3_1_V_write_a_reg_247  |  20|   0|   20|          0|
    |qdst_3_2_V_write_a_reg_271  |  20|   0|   20|          0|
    |qdst_3_3_V_write_a_reg_283  |  20|   0|   20|          0|
    |qdst_V_016_1_reg_850        |  20|   0|   20|          0|
    |qdst_V_0_1_reg_855          |  20|   0|   20|          0|
    |qdst_V_14_1_reg_880         |  20|   0|   20|          0|
    |qdst_V_15_1_reg_870         |  20|   0|   20|          0|
    |qdst_V_16_1_reg_865         |  20|   0|   20|          0|
    |qdst_V_1_1_reg_875          |  20|   0|   20|          0|
    |r_1_reg_783                 |   3|   0|    3|          0|
    |r_reg_295                   |   3|   0|    3|          0|
    |tmp_12_reg_804              |   2|   0|    2|          0|
    |tmp_4_1_reg_860             |   6|   0|   20|         14|
    |tmp_reg_788                 |   3|   0|    5|          2|
    |tmp_s_reg_835               |   6|   0|   20|         14|
    +----------------------------+----+----+-----+-----------+
    |Total                       | 510|   0|  540|         30|
    +----------------------------+----+----+-----+-----------+



================================================================
== Interface
================================================================
* Summary: 
+---------------+-----+-----+------------+--------------+--------------+
|   RTL Ports   | Dir | Bits|  Protocol  | Source Object|    C Type    |
+---------------+-----+-----+------------+--------------+--------------+
|ap_clk         |  in |    1| ap_ctrl_hs |  quantificat | return value |
|ap_rst         |  in |    1| ap_ctrl_hs |  quantificat | return value |
|ap_start       |  in |    1| ap_ctrl_hs |  quantificat | return value |
|ap_done        | out |    1| ap_ctrl_hs |  quantificat | return value |
|ap_idle        | out |    1| ap_ctrl_hs |  quantificat | return value |
|ap_ready       | out |    1| ap_ctrl_hs |  quantificat | return value |
|ap_return_0    | out |   20| ap_ctrl_hs |  quantificat | return value |
|ap_return_1    | out |   20| ap_ctrl_hs |  quantificat | return value |
|ap_return_2    | out |   20| ap_ctrl_hs |  quantificat | return value |
|ap_return_3    | out |   20| ap_ctrl_hs |  quantificat | return value |
|ap_return_4    | out |   20| ap_ctrl_hs |  quantificat | return value |
|ap_return_5    | out |   20| ap_ctrl_hs |  quantificat | return value |
|ap_return_6    | out |   20| ap_ctrl_hs |  quantificat | return value |
|ap_return_7    | out |   20| ap_ctrl_hs |  quantificat | return value |
|ap_return_8    | out |   20| ap_ctrl_hs |  quantificat | return value |
|ap_return_9    | out |   20| ap_ctrl_hs |  quantificat | return value |
|ap_return_10   | out |   20| ap_ctrl_hs |  quantificat | return value |
|ap_return_11   | out |   20| ap_ctrl_hs |  quantificat | return value |
|ap_return_12   | out |   20| ap_ctrl_hs |  quantificat | return value |
|ap_return_13   | out |   20| ap_ctrl_hs |  quantificat | return value |
|ap_return_14   | out |   20| ap_ctrl_hs |  quantificat | return value |
|ap_return_15   | out |   20| ap_ctrl_hs |  quantificat | return value |
|qsrc_address0  | out |    4|  ap_memory |     qsrc     |     array    |
|qsrc_ce0       | out |    1|  ap_memory |     qsrc     |     array    |
|qsrc_q0        |  in |   16|  ap_memory |     qsrc     |     array    |
|qsrc_address1  | out |    4|  ap_memory |     qsrc     |     array    |
|qsrc_ce1       | out |    1|  ap_memory |     qsrc     |     array    |
|qsrc_q1        |  in |   16|  ap_memory |     qsrc     |     array    |
+---------------+-----+-----+------------+--------------+--------------+

