INFO: [SIM 2] *************** CSIM start ***************
INFO: [SIM 4] CSIM will launch GCC as the compiler.
make: `csim.exe' is up to date.
 Din Dout 
       120       524      -320       120
        11        81        97        11
        55        42      -264        55
        38      -137        97        38
         4       156       -52         4
         5      -118        97         5
         6       488    -13792         6
        75       746     30498        76
         8       268      2683         8
         9       381    -22017         9
        10       -94        -2        10
        11         3        -1        11
        12       -52     27578        11
       131       281     30498       131
        14        74     27821        14
        15       543     30498        15
Test passed !
INFO: [SIM 1] CSim done with 0 errors.
INFO: [SIM 3] *************** CSIM finish ***************
